2023-04-19 01:19:08,763 - arbiter.master_chief.sa_recon - DEBUG - Creating CFG
2023-04-19 01:19:14,373 - arbiter.master_chief.sa_recon - INFO - Starting recon of 0x402000
2023-04-19 01:19:14,373 - arbiter.master_chief.sa_recon - INFO - Starting recon of 0x402020
2023-04-19 01:19:14,373 - arbiter.master_chief.sa_recon - INFO - Starting recon of 0x40202d
2023-04-19 01:19:14,373 - arbiter.master_chief.sa_recon - INFO - Starting recon of 0x402030
2023-04-19 01:19:14,373 - arbiter.master_chief.sa_recon - INFO - Starting recon of 0x40203f
2023-04-19 01:19:14,373 - arbiter.master_chief.sa_recon - INFO - Starting recon of 0x402040
2023-04-19 01:19:14,373 - arbiter.master_chief.sa_recon - INFO - Starting recon of 0x40204f
2023-04-19 01:19:14,373 - arbiter.master_chief.sa_recon - INFO - Starting recon of 0x402050
2023-04-19 01:19:14,374 - arbiter.master_chief.sa_recon - INFO - Starting recon of 0x40205f
2023-04-19 01:19:14,374 - arbiter.master_chief.sa_recon - INFO - Starting recon of 0x402060
2023-04-19 01:19:14,374 - arbiter.master_chief.sa_recon - INFO - Starting recon of 0x40206f
2023-04-19 01:19:14,374 - arbiter.master_chief.sa_recon - INFO - Starting recon of 0x402070
2023-04-19 01:19:14,374 - arbiter.master_chief.sa_recon - INFO - Starting recon of 0x40207f
2023-04-19 01:19:14,374 - arbiter.master_chief.sa_recon - INFO - Starting recon of 0x402080
2023-04-19 01:19:14,374 - arbiter.master_chief.sa_recon - INFO - Starting recon of 0x40208f
2023-04-19 01:19:14,374 - arbiter.master_chief.sa_recon - INFO - Starting recon of 0x402090
2023-04-19 01:19:14,374 - arbiter.master_chief.sa_recon - INFO - Starting recon of 0x40209f
2023-04-19 01:19:14,374 - arbiter.master_chief.sa_recon - INFO - Starting recon of 0x4020a0
2023-04-19 01:19:14,374 - arbiter.master_chief.sa_recon - INFO - Starting recon of 0x4020af
2023-04-19 01:19:14,374 - arbiter.master_chief.sa_recon - INFO - Starting recon of 0x4020b0
2023-04-19 01:19:14,374 - arbiter.master_chief.sa_recon - INFO - Starting recon of 0x4020bf
2023-04-19 01:19:14,374 - arbiter.master_chief.sa_recon - INFO - Starting recon of 0x4020c0
2023-04-19 01:19:14,374 - arbiter.master_chief.sa_recon - INFO - Starting recon of 0x4020cf
2023-04-19 01:19:14,374 - arbiter.master_chief.sa_recon - INFO - Starting recon of 0x4020d0
2023-04-19 01:19:14,374 - arbiter.master_chief.sa_recon - INFO - Starting recon of 0x4020df
2023-04-19 01:19:14,374 - arbiter.master_chief.sa_recon - INFO - Starting recon of 0x4020e0
2023-04-19 01:19:14,374 - arbiter.master_chief.sa_recon - INFO - Starting recon of 0x4020ef
2023-04-19 01:19:14,375 - arbiter.master_chief.sa_recon - INFO - Starting recon of 0x4020f0
2023-04-19 01:19:14,375 - arbiter.master_chief.sa_recon - INFO - Starting recon of 0x4020ff
2023-04-19 01:19:14,375 - arbiter.master_chief.sa_recon - INFO - Starting recon of 0x402100
2023-04-19 01:19:14,375 - arbiter.master_chief.sa_recon - INFO - Starting recon of 0x40210f
2023-04-19 01:19:14,375 - arbiter.master_chief.sa_recon - INFO - Starting recon of 0x402110
2023-04-19 01:19:14,375 - arbiter.master_chief.sa_recon - INFO - Starting recon of 0x40211f
2023-04-19 01:19:14,375 - arbiter.master_chief.sa_recon - INFO - Starting recon of 0x402120
2023-04-19 01:19:14,375 - arbiter.master_chief.sa_recon - INFO - Starting recon of 0x40212f
2023-04-19 01:19:14,375 - arbiter.master_chief.sa_recon - INFO - Starting recon of 0x402130
2023-04-19 01:19:14,375 - arbiter.master_chief.sa_recon - INFO - Starting recon of 0x40213f
2023-04-19 01:19:14,375 - arbiter.master_chief.sa_recon - INFO - Starting recon of 0x402140
2023-04-19 01:19:14,375 - arbiter.master_chief.sa_recon - INFO - Starting recon of 0x40214f
2023-04-19 01:19:14,375 - arbiter.master_chief.sa_recon - INFO - Starting recon of 0x402150
2023-04-19 01:19:14,375 - arbiter.master_chief.sa_recon - INFO - Starting recon of 0x40215f
2023-04-19 01:19:14,375 - arbiter.master_chief.sa_recon - INFO - Starting recon of 0x402160
2023-04-19 01:19:14,375 - arbiter.master_chief.sa_recon - INFO - Starting recon of 0x40216f
2023-04-19 01:19:14,376 - arbiter.master_chief.sa_recon - INFO - Starting recon of 0x402170
2023-04-19 01:19:14,376 - arbiter.master_chief.sa_recon - INFO - Starting recon of 0x40217f
2023-04-19 01:19:14,376 - arbiter.master_chief.sa_recon - INFO - Starting recon of 0x402180
2023-04-19 01:19:14,376 - arbiter.master_chief.sa_recon - INFO - Starting recon of 0x40218f
2023-04-19 01:19:14,376 - arbiter.master_chief.sa_recon - INFO - Starting recon of 0x402190
2023-04-19 01:19:14,376 - arbiter.master_chief.sa_recon - INFO - Starting recon of 0x40219f
2023-04-19 01:19:14,376 - arbiter.master_chief.sa_recon - INFO - Starting recon of 0x4021a0
2023-04-19 01:19:14,376 - arbiter.master_chief.sa_recon - INFO - Starting recon of 0x4021af
2023-04-19 01:19:14,376 - arbiter.master_chief.sa_recon - INFO - Starting recon of 0x4021b0
2023-04-19 01:19:14,376 - arbiter.master_chief.sa_recon - INFO - Starting recon of 0x4021bf
2023-04-19 01:19:14,376 - arbiter.master_chief.sa_recon - INFO - Starting recon of 0x4021c0
2023-04-19 01:19:14,376 - arbiter.master_chief.sa_recon - INFO - Starting recon of 0x4021cf
2023-04-19 01:19:14,376 - arbiter.master_chief.sa_recon - INFO - Starting recon of 0x4021d0
2023-04-19 01:19:14,376 - arbiter.master_chief.sa_recon - INFO - Starting recon of 0x4021df
2023-04-19 01:19:14,376 - arbiter.master_chief.sa_recon - INFO - Starting recon of 0x4021e0
2023-04-19 01:19:14,376 - arbiter.master_chief.sa_recon - INFO - Starting recon of 0x4021ef
2023-04-19 01:19:14,376 - arbiter.master_chief.sa_recon - INFO - Starting recon of 0x4021f0
2023-04-19 01:19:14,376 - arbiter.master_chief.sa_recon - INFO - Starting recon of 0x4021ff
2023-04-19 01:19:14,376 - arbiter.master_chief.sa_recon - INFO - Starting recon of 0x402200
2023-04-19 01:19:14,377 - arbiter.master_chief.sa_recon - INFO - Starting recon of 0x40220f
2023-04-19 01:19:14,378 - arbiter.master_chief.sa_recon - INFO - Starting recon of 0x402210
2023-04-19 01:19:14,378 - arbiter.master_chief.sa_recon - INFO - Starting recon of 0x40221f
2023-04-19 01:19:14,378 - arbiter.master_chief.sa_recon - INFO - Starting recon of 0x402220
2023-04-19 01:19:14,378 - arbiter.master_chief.sa_recon - INFO - Starting recon of 0x40222f
2023-04-19 01:19:14,378 - arbiter.master_chief.sa_recon - INFO - Starting recon of 0x402230
2023-04-19 01:19:14,378 - arbiter.master_chief.sa_recon - INFO - Starting recon of 0x40223f
2023-04-19 01:19:14,378 - arbiter.master_chief.sa_recon - INFO - Starting recon of 0x402240
2023-04-19 01:19:14,378 - arbiter.master_chief.sa_recon - INFO - Starting recon of 0x40224f
2023-04-19 01:19:14,378 - arbiter.master_chief.sa_recon - INFO - Starting recon of 0x402250
2023-04-19 01:19:14,378 - arbiter.master_chief.sa_recon - INFO - Starting recon of 0x40225f
2023-04-19 01:19:14,378 - arbiter.master_chief.sa_recon - INFO - Starting recon of 0x402260
2023-04-19 01:19:14,378 - arbiter.master_chief.sa_recon - INFO - Starting recon of 0x40226f
2023-04-19 01:19:14,379 - arbiter.master_chief.sa_recon - INFO - Starting recon of 0x402270
2023-04-19 01:19:14,379 - arbiter.master_chief.sa_recon - INFO - Starting recon of 0x40227f
2023-04-19 01:19:14,379 - arbiter.master_chief.sa_recon - INFO - Starting recon of 0x402280
2023-04-19 01:19:14,379 - arbiter.master_chief.sa_recon - INFO - Starting recon of 0x40228f
2023-04-19 01:19:14,379 - arbiter.master_chief.sa_recon - INFO - Starting recon of 0x402290
2023-04-19 01:19:14,379 - arbiter.master_chief.sa_recon - INFO - Starting recon of 0x40229f
2023-04-19 01:19:14,379 - arbiter.master_chief.sa_recon - INFO - Starting recon of 0x4022a0
2023-04-19 01:19:14,379 - arbiter.master_chief.sa_recon - INFO - Starting recon of 0x4022af
2023-04-19 01:19:14,379 - arbiter.master_chief.sa_recon - INFO - Starting recon of 0x4022b0
2023-04-19 01:19:14,379 - arbiter.master_chief.sa_recon - INFO - Starting recon of 0x4022bf
2023-04-19 01:19:14,379 - arbiter.master_chief.sa_recon - INFO - Starting recon of 0x4022c0
2023-04-19 01:19:14,379 - arbiter.master_chief.sa_recon - INFO - Starting recon of 0x4022cf
2023-04-19 01:19:14,379 - arbiter.master_chief.sa_recon - INFO - Starting recon of 0x4022d0
2023-04-19 01:19:14,379 - arbiter.master_chief.sa_recon - INFO - Starting recon of 0x4022df
2023-04-19 01:19:14,379 - arbiter.master_chief.sa_recon - INFO - Starting recon of 0x4022e0
2023-04-19 01:19:14,379 - arbiter.master_chief.sa_recon - INFO - Starting recon of 0x4022ef
2023-04-19 01:19:14,379 - arbiter.master_chief.sa_recon - INFO - Starting recon of 0x4022f0
2023-04-19 01:19:14,380 - arbiter.master_chief.sa_recon - INFO - Starting recon of 0x4022ff
2023-04-19 01:19:14,380 - arbiter.master_chief.sa_recon - INFO - Starting recon of 0x402300
2023-04-19 01:19:14,380 - arbiter.master_chief.sa_recon - INFO - Starting recon of 0x40230f
2023-04-19 01:19:14,380 - arbiter.master_chief.sa_recon - INFO - Starting recon of 0x402310
2023-04-19 01:19:14,380 - arbiter.master_chief.sa_recon - INFO - Starting recon of 0x40231f
2023-04-19 01:19:14,380 - arbiter.master_chief.sa_recon - INFO - Starting recon of 0x402320
2023-04-19 01:19:14,380 - arbiter.master_chief.sa_recon - INFO - Starting recon of 0x40232f
2023-04-19 01:19:14,380 - arbiter.master_chief.sa_recon - INFO - Starting recon of 0x402330
2023-04-19 01:19:14,380 - arbiter.master_chief.sa_recon - INFO - Starting recon of 0x40233f
2023-04-19 01:19:14,380 - arbiter.master_chief.sa_recon - INFO - Starting recon of 0x402340
2023-04-19 01:19:14,380 - arbiter.master_chief.sa_recon - INFO - Starting recon of 0x40234f
2023-04-19 01:19:14,380 - arbiter.master_chief.sa_recon - INFO - Starting recon of 0x402350
2023-04-19 01:19:14,380 - arbiter.master_chief.sa_recon - INFO - Starting recon of 0x40235f
2023-04-19 01:19:14,380 - arbiter.master_chief.sa_recon - INFO - Starting recon of 0x402360
2023-04-19 01:19:14,380 - arbiter.master_chief.sa_recon - INFO - Starting recon of 0x40236f
2023-04-19 01:19:14,380 - arbiter.master_chief.sa_recon - INFO - Starting recon of 0x402370
2023-04-19 01:19:14,381 - arbiter.master_chief.sa_recon - INFO - Starting recon of 0x40237f
2023-04-19 01:19:14,381 - arbiter.master_chief.sa_recon - INFO - Starting recon of 0x402380
2023-04-19 01:19:14,381 - arbiter.master_chief.sa_recon - INFO - Starting recon of 0x40238f
2023-04-19 01:19:14,381 - arbiter.master_chief.sa_recon - INFO - Starting recon of 0x402390
2023-04-19 01:19:14,381 - arbiter.master_chief.sa_recon - INFO - Starting recon of 0x40239f
2023-04-19 01:19:14,381 - arbiter.master_chief.sa_recon - INFO - Starting recon of 0x4023a0
2023-04-19 01:19:14,381 - arbiter.master_chief.sa_recon - INFO - Starting recon of 0x4023af
2023-04-19 01:19:14,381 - arbiter.master_chief.sa_recon - INFO - Starting recon of 0x4023b0
2023-04-19 01:19:14,381 - arbiter.master_chief.sa_recon - INFO - Starting recon of 0x4023bf
2023-04-19 01:19:14,381 - arbiter.master_chief.sa_recon - INFO - Starting recon of 0x4023c0
2023-04-19 01:19:14,381 - arbiter.master_chief.sa_recon - INFO - Starting recon of 0x4023cf
2023-04-19 01:19:14,381 - arbiter.master_chief.sa_recon - INFO - Starting recon of 0x4023d0
2023-04-19 01:19:14,381 - arbiter.master_chief.sa_recon - INFO - Starting recon of 0x4023df
2023-04-19 01:19:14,381 - arbiter.master_chief.sa_recon - INFO - Starting recon of 0x4023e0
2023-04-19 01:19:14,381 - arbiter.master_chief.sa_recon - INFO - Starting recon of 0x4023ef
2023-04-19 01:19:14,381 - arbiter.master_chief.sa_recon - INFO - Starting recon of 0x4023f0
2023-04-19 01:19:14,381 - arbiter.master_chief.sa_recon - INFO - Starting recon of 0x4023ff
2023-04-19 01:19:14,381 - arbiter.master_chief.sa_recon - INFO - Starting recon of 0x402400
2023-04-19 01:19:14,381 - arbiter.master_chief.sa_recon - INFO - Starting recon of 0x40240f
2023-04-19 01:19:14,381 - arbiter.master_chief.sa_recon - INFO - Starting recon of 0x402410
2023-04-19 01:19:14,382 - arbiter.master_chief.sa_recon - INFO - Starting recon of 0x40241f
2023-04-19 01:19:14,382 - arbiter.master_chief.sa_recon - INFO - Starting recon of 0x402420
2023-04-19 01:19:14,382 - arbiter.master_chief.sa_recon - INFO - Starting recon of 0x40242f
2023-04-19 01:19:14,382 - arbiter.master_chief.sa_recon - INFO - Starting recon of 0x402430
2023-04-19 01:19:14,382 - arbiter.master_chief.sa_recon - INFO - Starting recon of 0x40243f
2023-04-19 01:19:14,382 - arbiter.master_chief.sa_recon - INFO - Starting recon of 0x402440
2023-04-19 01:19:14,382 - arbiter.master_chief.sa_recon - INFO - Starting recon of 0x402450
2023-04-19 01:19:14,382 - arbiter.master_chief.sa_recon - INFO - Starting recon of 0x402460
2023-04-19 01:19:14,382 - arbiter.master_chief.sa_recon - INFO - Starting recon of 0x402470
2023-04-19 01:19:14,382 - arbiter.master_chief.sa_recon - INFO - Starting recon of 0x402480
2023-04-19 01:19:14,382 - arbiter.master_chief.sa_recon - INFO - Starting recon of 0x402490
2023-04-19 01:19:14,382 - arbiter.master_chief.sa_recon - INFO - Starting recon of 0x4024a0
2023-04-19 01:19:14,382 - arbiter.master_chief.sa_recon - INFO - Starting recon of 0x4024b0
2023-04-19 01:19:14,382 - arbiter.master_chief.sa_recon - INFO - Starting recon of 0x4024c0
2023-04-19 01:19:14,382 - arbiter.master_chief.sa_recon - INFO - Starting recon of 0x4024d0
2023-04-19 01:19:14,382 - arbiter.master_chief.sa_recon - INFO - Starting recon of 0x4024e0
2023-04-19 01:19:14,382 - arbiter.master_chief.sa_recon - INFO - Starting recon of 0x4024f0
2023-04-19 01:19:14,382 - arbiter.master_chief.sa_recon - INFO - Starting recon of 0x402500
2023-04-19 01:19:14,382 - arbiter.master_chief.sa_recon - INFO - Starting recon of 0x402510
2023-04-19 01:19:14,383 - arbiter.master_chief.sa_recon - INFO - Starting recon of 0x402520
2023-04-19 01:19:14,383 - arbiter.master_chief.sa_recon - INFO - Starting recon of 0x402530
2023-04-19 01:19:14,383 - arbiter.master_chief.sa_recon - INFO - Starting recon of 0x402540
2023-04-19 01:19:14,383 - arbiter.master_chief.sa_recon - INFO - Starting recon of 0x402550
2023-04-19 01:19:14,383 - arbiter.master_chief.sa_recon - INFO - Starting recon of 0x402560
2023-04-19 01:19:14,383 - arbiter.master_chief.sa_recon - INFO - Starting recon of 0x402570
2023-04-19 01:19:14,383 - arbiter.master_chief.sa_recon - INFO - Starting recon of 0x402580
2023-04-19 01:19:14,383 - arbiter.master_chief.sa_recon - INFO - Starting recon of 0x402590
2023-04-19 01:19:14,383 - arbiter.master_chief.sa_recon - INFO - Starting recon of 0x4025a0
2023-04-19 01:19:14,383 - arbiter.master_chief.sa_recon - INFO - Starting recon of 0x4025b0
2023-04-19 01:19:14,383 - arbiter.master_chief.sa_recon - INFO - Starting recon of 0x4025c0
2023-04-19 01:19:14,383 - arbiter.master_chief.sa_recon - INFO - Starting recon of 0x4025d0
2023-04-19 01:19:14,383 - arbiter.master_chief.sa_recon - INFO - Starting recon of 0x4025e0
2023-04-19 01:19:14,383 - arbiter.master_chief.sa_recon - INFO - Starting recon of 0x4025f0
2023-04-19 01:19:14,383 - arbiter.master_chief.sa_recon - INFO - Starting recon of 0x402600
2023-04-19 01:19:14,383 - arbiter.master_chief.sa_recon - INFO - Starting recon of 0x402610
2023-04-19 01:19:14,383 - arbiter.master_chief.sa_recon - INFO - Starting recon of 0x402620
2023-04-19 01:19:14,383 - arbiter.master_chief.sa_recon - INFO - Starting recon of 0x402630
2023-04-19 01:19:14,383 - arbiter.master_chief.sa_recon - INFO - Starting recon of 0x402640
2023-04-19 01:19:14,383 - arbiter.master_chief.sa_recon - INFO - Starting recon of 0x402650
2023-04-19 01:19:14,384 - arbiter.master_chief.sa_recon - INFO - Starting recon of 0x402660
2023-04-19 01:19:14,384 - arbiter.master_chief.sa_recon - INFO - Starting recon of 0x402670
2023-04-19 01:19:14,384 - arbiter.master_chief.sa_recon - INFO - Starting recon of 0x402680
2023-04-19 01:19:14,384 - arbiter.master_chief.sa_recon - INFO - Starting recon of 0x402690
2023-04-19 01:19:14,384 - arbiter.master_chief.sa_recon - INFO - Starting recon of 0x4026a0
2023-04-19 01:19:14,384 - arbiter.master_chief.sa_recon - INFO - Starting recon of 0x4026b0
2023-04-19 01:19:14,384 - arbiter.master_chief.sa_recon - INFO - Starting recon of 0x4026c0
2023-04-19 01:19:14,384 - arbiter.master_chief.sa_recon - INFO - Starting recon of 0x4026d0
2023-04-19 01:19:14,384 - arbiter.master_chief.sa_recon - INFO - Starting recon of 0x4026e0
2023-04-19 01:19:14,384 - arbiter.master_chief.sa_recon - INFO - Starting recon of 0x4026f0
2023-04-19 01:19:14,384 - arbiter.master_chief.sa_recon - INFO - Starting recon of 0x402700
2023-04-19 01:19:14,384 - arbiter.master_chief.sa_recon - INFO - Starting recon of 0x402710
2023-04-19 01:19:14,384 - arbiter.master_chief.sa_recon - INFO - Starting recon of 0x402720
2023-04-19 01:19:14,384 - arbiter.master_chief.sa_recon - INFO - Starting recon of 0x402730
2023-04-19 01:19:14,384 - arbiter.master_chief.sa_recon - INFO - Starting recon of 0x402740
2023-04-19 01:19:14,384 - arbiter.master_chief.sa_recon - INFO - Starting recon of 0x402750
2023-04-19 01:19:14,384 - arbiter.master_chief.sa_recon - INFO - Starting recon of 0x402760
2023-04-19 01:19:14,384 - arbiter.master_chief.sa_recon - INFO - Starting recon of 0x402770
2023-04-19 01:19:14,384 - arbiter.master_chief.sa_recon - INFO - Starting recon of 0x402780
2023-04-19 01:19:14,384 - arbiter.master_chief.sa_recon - INFO - Starting recon of 0x402790
2023-04-19 01:19:14,385 - arbiter.master_chief.sa_recon - INFO - Starting recon of 0x4027a0
2023-04-19 01:19:14,385 - arbiter.master_chief.sa_recon - INFO - Starting recon of 0x4027b0
2023-04-19 01:19:14,385 - arbiter.master_chief.sa_recon - INFO - Starting recon of 0x4027c0
2023-04-19 01:19:14,385 - arbiter.master_chief.sa_recon - INFO - Starting recon of 0x4027d0
2023-04-19 01:19:14,385 - arbiter.master_chief.sa_recon - INFO - Starting recon of 0x4027e0
2023-04-19 01:19:14,385 - arbiter.master_chief.sa_recon - INFO - Starting recon of 0x4027f0
2023-04-19 01:19:14,385 - arbiter.master_chief.sa_recon - INFO - Starting recon of 0x402800
2023-04-19 01:19:14,385 - arbiter.master_chief.sa_recon - INFO - Starting recon of 0x402810
2023-04-19 01:19:14,385 - arbiter.master_chief.sa_recon - INFO - Starting recon of 0x402820
2023-04-19 01:19:14,385 - arbiter.master_chief.sa_recon - INFO - Starting recon of 0x402830
2023-04-19 01:19:14,385 - arbiter.master_chief.sa_recon - INFO - Starting recon of 0x402840
2023-04-19 01:19:14,385 - arbiter.master_chief.sa_recon - INFO - Starting recon of 0x402850
2023-04-19 01:19:14,385 - arbiter.master_chief.sa_recon - INFO - Starting recon of 0x402860
2023-04-19 01:19:14,385 - arbiter.master_chief.sa_recon - INFO - Starting recon of 0x402870
2023-04-19 01:19:14,385 - arbiter.master_chief.sa_recon - INFO - Starting recon of 0x4028c5
2023-04-19 01:19:14,385 - arbiter.master_chief.sa_recon - INFO - Starting recon of 0x4028d0
2023-04-19 01:19:14,385 - arbiter.master_chief.sa_recon - INFO - Starting recon of 0x4029ff
2023-04-19 01:19:14,385 - arbiter.master_chief.sa_recon - INFO - Starting recon of 0x402a76
2023-04-19 01:19:14,385 - arbiter.master_chief.sa_recon - INFO - Starting recon of 0x402aad
2023-04-19 01:19:14,386 - arbiter.master_chief.sa_recon - INFO - Starting recon of 0x402e60
2023-04-19 01:19:14,386 - arbiter.master_chief.sa_recon - INFO - Starting recon of 0x402e8e
2023-04-19 01:19:14,386 - arbiter.master_chief.sa_recon - INFO - Starting recon of 0x402e8f
2023-04-19 01:19:14,386 - arbiter.master_chief.sa_recon - INFO - Starting recon of 0x402e90
2023-04-19 01:19:14,386 - arbiter.master_chief.sa_recon - INFO - Starting recon of 0x402eb1
2023-04-19 01:19:14,386 - arbiter.master_chief.sa_recon - INFO - Starting recon of 0x402eb9
2023-04-19 01:19:14,386 - arbiter.master_chief.sa_recon - INFO - Starting recon of 0x402ef2
2023-04-19 01:19:14,386 - arbiter.master_chief.sa_recon - INFO - Starting recon of 0x402ef9
2023-04-19 01:19:14,386 - arbiter.master_chief.sa_recon - INFO - Starting recon of 0x402f00
2023-04-19 01:19:14,386 - arbiter.master_chief.sa_recon - INFO - Starting recon of 0x402f35
2023-04-19 01:19:14,386 - arbiter.master_chief.sa_recon - INFO - Starting recon of 0x402f39
2023-04-19 01:19:14,386 - arbiter.master_chief.sa_recon - INFO - Starting recon of 0x402f40
2023-04-19 01:19:14,386 - arbiter.master_chief.sa_recon - INFO - Starting recon of 0x402f49
2023-04-19 01:19:14,386 - arbiter.master_chief.sa_recon - INFO - Starting recon of 0x402f50
2023-04-19 01:19:14,386 - arbiter.master_chief.sa_recon - INFO - Starting recon of 0x4033b3
2023-04-19 01:19:14,386 - arbiter.master_chief.sa_recon - INFO - Starting recon of 0x4033c0
2023-04-19 01:19:14,386 - arbiter.master_chief.sa_recon - INFO - Starting recon of 0x40349c
2023-04-19 01:19:14,386 - arbiter.master_chief.sa_recon - INFO - Starting recon of 0x4034e6
2023-04-19 01:19:14,386 - arbiter.master_chief.sa_recon - INFO - Starting recon of 0x403539
2023-04-19 01:19:14,387 - arbiter.master_chief.sa_recon - INFO - Starting recon of 0x403595
2023-04-19 01:19:14,387 - arbiter.master_chief.sa_recon - INFO - Starting recon of 0x40360f
2023-04-19 01:19:14,387 - arbiter.master_chief.sa_recon - INFO - Starting recon of 0x403610
2023-04-19 01:19:14,387 - arbiter.master_chief.sa_recon - INFO - Starting recon of 0x403627
2023-04-19 01:19:14,387 - arbiter.master_chief.sa_recon - INFO - Starting recon of 0x40366c
2023-04-19 01:19:14,387 - arbiter.master_chief.sa_recon - INFO - Starting recon of 0x403680
2023-04-19 01:19:14,387 - arbiter.master_chief.sa_recon - DEBUG - Finding ret block for access @ 0x4037e9
2023-04-19 01:19:14,389 - arbiter.master_chief.sa_recon - DEBUG - Adding target function sub_403680:0x403680
2023-04-19 01:19:14,389 - arbiter.master_chief.sa_recon - INFO - Starting recon of 0x403839
2023-04-19 01:19:14,389 - arbiter.master_chief.sa_recon - INFO - Starting recon of 0x4038e6
2023-04-19 01:19:14,389 - arbiter.master_chief.sa_recon - INFO - Starting recon of 0x4038f7
2023-04-19 01:19:14,389 - arbiter.master_chief.sa_recon - INFO - Starting recon of 0x40397d
2023-04-19 01:19:14,389 - arbiter.master_chief.sa_recon - INFO - Starting recon of 0x4039a9
2023-04-19 01:19:14,389 - arbiter.master_chief.sa_recon - INFO - Starting recon of 0x403a24
2023-04-19 01:19:14,389 - arbiter.master_chief.sa_recon - INFO - Starting recon of 0x403a4b
2023-04-19 01:19:14,389 - arbiter.master_chief.sa_recon - INFO - Starting recon of 0x403a7f
2023-04-19 01:19:14,390 - arbiter.master_chief.sa_recon - INFO - Starting recon of 0x403ad7
2023-04-19 01:19:14,390 - arbiter.master_chief.sa_recon - INFO - Starting recon of 0x403afe
2023-04-19 01:19:14,390 - arbiter.master_chief.sa_recon - INFO - Starting recon of 0x403b12
2023-04-19 01:19:14,390 - arbiter.master_chief.sa_recon - INFO - Starting recon of 0x403b2e
2023-04-19 01:19:14,390 - arbiter.master_chief.sa_recon - INFO - Starting recon of 0x403b46
2023-04-19 01:19:14,390 - arbiter.master_chief.sa_recon - INFO - Starting recon of 0x403b5f
2023-04-19 01:19:14,390 - arbiter.master_chief.sa_recon - INFO - Starting recon of 0x403b96
2023-04-19 01:19:14,390 - arbiter.master_chief.sa_recon - INFO - Starting recon of 0x403baf
2023-04-19 01:19:14,390 - arbiter.master_chief.sa_recon - INFO - Starting recon of 0x403bb0
2023-04-19 01:19:14,390 - arbiter.master_chief.sa_recon - INFO - Starting recon of 0x404412
2023-04-19 01:19:14,390 - arbiter.master_chief.sa_recon - INFO - Starting recon of 0x404420
2023-04-19 01:19:14,390 - arbiter.master_chief.sa_recon - INFO - Starting recon of 0x40442e
2023-04-19 01:19:14,390 - arbiter.master_chief.sa_recon - INFO - Starting recon of 0x404430
2023-04-19 01:19:14,390 - arbiter.master_chief.sa_recon - INFO - Starting recon of 0x40447d
2023-04-19 01:19:14,390 - arbiter.master_chief.sa_recon - INFO - Starting recon of 0x4044f4
2023-04-19 01:19:14,390 - arbiter.master_chief.sa_recon - INFO - Starting recon of 0x4044ff
2023-04-19 01:19:14,391 - arbiter.master_chief.sa_recon - INFO - Starting recon of 0x404528
2023-04-19 01:19:14,391 - arbiter.master_chief.sa_recon - INFO - Starting recon of 0x404540
2023-04-19 01:19:14,391 - arbiter.master_chief.sa_recon - INFO - Starting recon of 0x4045ad
2023-04-19 01:19:14,391 - arbiter.master_chief.sa_recon - INFO - Starting recon of 0x4045c3
2023-04-19 01:19:14,391 - arbiter.master_chief.sa_recon - INFO - Starting recon of 0x4045d0
2023-04-19 01:19:14,391 - arbiter.master_chief.sa_recon - INFO - Starting recon of 0x40462e
2023-04-19 01:19:14,391 - arbiter.master_chief.sa_recon - INFO - Starting recon of 0x4046a7
2023-04-19 01:19:14,391 - arbiter.master_chief.sa_recon - INFO - Starting recon of 0x4046db
2023-04-19 01:19:14,391 - arbiter.master_chief.sa_recon - INFO - Starting recon of 0x4046f8
2023-04-19 01:19:14,391 - arbiter.master_chief.sa_recon - INFO - Starting recon of 0x404700
2023-04-19 01:19:14,391 - arbiter.master_chief.sa_recon - INFO - Starting recon of 0x404749
2023-04-19 01:19:14,391 - arbiter.master_chief.sa_recon - INFO - Starting recon of 0x404777
2023-04-19 01:19:14,391 - arbiter.master_chief.sa_recon - INFO - Starting recon of 0x404780
2023-04-19 01:19:14,391 - arbiter.master_chief.sa_recon - INFO - Starting recon of 0x4047a3
2023-04-19 01:19:14,391 - arbiter.master_chief.sa_recon - INFO - Starting recon of 0x4047d5
2023-04-19 01:19:14,391 - arbiter.master_chief.sa_recon - INFO - Starting recon of 0x4047e0
2023-04-19 01:19:14,391 - arbiter.master_chief.sa_recon - INFO - Starting recon of 0x4047ec
2023-04-19 01:19:14,391 - arbiter.master_chief.sa_recon - INFO - Starting recon of 0x4047f0
2023-04-19 01:19:14,391 - arbiter.master_chief.sa_recon - INFO - Starting recon of 0x404827
2023-04-19 01:19:14,391 - arbiter.master_chief.sa_recon - INFO - Starting recon of 0x4048e5
2023-04-19 01:19:14,391 - arbiter.master_chief.sa_recon - INFO - Starting recon of 0x4048ff
2023-04-19 01:19:14,392 - arbiter.master_chief.sa_recon - INFO - Starting recon of 0x404900
2023-04-19 01:19:14,392 - arbiter.master_chief.sa_recon - INFO - Starting recon of 0x40490c
2023-04-19 01:19:14,392 - arbiter.master_chief.sa_recon - INFO - Starting recon of 0x404910
2023-04-19 01:19:14,392 - arbiter.master_chief.sa_recon - INFO - Starting recon of 0x40491c
2023-04-19 01:19:14,392 - arbiter.master_chief.sa_recon - INFO - Starting recon of 0x404920
2023-04-19 01:19:14,392 - arbiter.master_chief.sa_recon - INFO - Starting recon of 0x4049ca
2023-04-19 01:19:14,392 - arbiter.master_chief.sa_recon - INFO - Starting recon of 0x4049d0
2023-04-19 01:19:14,392 - arbiter.master_chief.sa_recon - INFO - Starting recon of 0x4049f8
2023-04-19 01:19:14,392 - arbiter.master_chief.sa_recon - INFO - Starting recon of 0x404a2d
2023-04-19 01:19:14,392 - arbiter.master_chief.sa_recon - INFO - Starting recon of 0x404a30
2023-04-19 01:19:14,392 - arbiter.master_chief.sa_recon - INFO - Starting recon of 0x404a55
2023-04-19 01:19:14,392 - arbiter.master_chief.sa_recon - INFO - Starting recon of 0x404a60
2023-04-19 01:19:14,392 - arbiter.master_chief.sa_recon - INFO - Starting recon of 0x404ad5
2023-04-19 01:19:14,392 - arbiter.master_chief.sa_recon - INFO - Starting recon of 0x404ae6
2023-04-19 01:19:14,392 - arbiter.master_chief.sa_recon - INFO - Starting recon of 0x404afe
2023-04-19 01:19:14,392 - arbiter.master_chief.sa_recon - INFO - Starting recon of 0x404b0e
2023-04-19 01:19:14,392 - arbiter.master_chief.sa_recon - INFO - Starting recon of 0x404b1e
2023-04-19 01:19:14,392 - arbiter.master_chief.sa_recon - INFO - Starting recon of 0x404b2e
2023-04-19 01:19:14,392 - arbiter.master_chief.sa_recon - INFO - Starting recon of 0x404b3e
2023-04-19 01:19:14,392 - arbiter.master_chief.sa_recon - INFO - Starting recon of 0x404b4e
2023-04-19 01:19:14,392 - arbiter.master_chief.sa_recon - INFO - Starting recon of 0x404b50
2023-04-19 01:19:14,392 - arbiter.master_chief.sa_recon - INFO - Starting recon of 0x404b6c
2023-04-19 01:19:14,393 - arbiter.master_chief.sa_recon - INFO - Starting recon of 0x404b70
2023-04-19 01:19:14,393 - arbiter.master_chief.sa_recon - INFO - Starting recon of 0x404be2
2023-04-19 01:19:14,393 - arbiter.master_chief.sa_recon - INFO - Starting recon of 0x404c5f
2023-04-19 01:19:14,393 - arbiter.master_chief.sa_recon - INFO - Starting recon of 0x404c69
2023-04-19 01:19:14,393 - arbiter.master_chief.sa_recon - INFO - Starting recon of 0x404c70
2023-04-19 01:19:14,393 - arbiter.master_chief.sa_recon - INFO - Starting recon of 0x404ceb
2023-04-19 01:19:14,393 - arbiter.master_chief.sa_recon - INFO - Starting recon of 0x404d25
2023-04-19 01:19:14,393 - arbiter.master_chief.sa_recon - INFO - Starting recon of 0x404d30
2023-04-19 01:19:14,393 - arbiter.master_chief.sa_recon - INFO - Starting recon of 0x404d92
2023-04-19 01:19:14,394 - arbiter.master_chief.sa_recon - INFO - Starting recon of 0x404dd1
2023-04-19 01:19:14,394 - arbiter.master_chief.sa_recon - INFO - Starting recon of 0x404e0d
2023-04-19 01:19:14,394 - arbiter.master_chief.sa_recon - INFO - Starting recon of 0x404e10
2023-04-19 01:19:14,394 - arbiter.master_chief.sa_recon - INFO - Starting recon of 0x404eb2
2023-04-19 01:19:14,394 - arbiter.master_chief.sa_recon - INFO - Starting recon of 0x4050a3
2023-04-19 01:19:14,394 - arbiter.master_chief.sa_recon - INFO - Starting recon of 0x40516f
2023-04-19 01:19:14,394 - arbiter.master_chief.sa_recon - INFO - Starting recon of 0x40541e
2023-04-19 01:19:14,394 - arbiter.master_chief.sa_recon - INFO - Starting recon of 0x405689
2023-04-19 01:19:14,395 - arbiter.master_chief.sa_recon - INFO - Starting recon of 0x4056b3
2023-04-19 01:19:14,395 - arbiter.master_chief.sa_recon - INFO - Starting recon of 0x4057da
2023-04-19 01:19:14,395 - arbiter.master_chief.sa_recon - INFO - Starting recon of 0x405803
2023-04-19 01:19:14,395 - arbiter.master_chief.sa_recon - INFO - Starting recon of 0x405833
2023-04-19 01:19:14,395 - arbiter.master_chief.sa_recon - INFO - Starting recon of 0x4058f5
2023-04-19 01:19:14,395 - arbiter.master_chief.sa_recon - INFO - Starting recon of 0x405912
2023-04-19 01:19:14,395 - arbiter.master_chief.sa_recon - INFO - Starting recon of 0x405aaf
2023-04-19 01:19:14,395 - arbiter.master_chief.sa_recon - INFO - Starting recon of 0x405bbf
2023-04-19 01:19:14,395 - arbiter.master_chief.sa_recon - INFO - Starting recon of 0x405c1a
2023-04-19 01:19:14,395 - arbiter.master_chief.sa_recon - INFO - Starting recon of 0x405c2d
2023-04-19 01:19:14,396 - arbiter.master_chief.sa_recon - INFO - Starting recon of 0x405e9e
2023-04-19 01:19:14,396 - arbiter.master_chief.sa_recon - INFO - Starting recon of 0x40605e
2023-04-19 01:19:14,396 - arbiter.master_chief.sa_recon - INFO - Starting recon of 0x406060
2023-04-19 01:19:14,396 - arbiter.master_chief.sa_recon - INFO - Starting recon of 0x4061d4
2023-04-19 01:19:14,396 - arbiter.master_chief.sa_recon - INFO - Starting recon of 0x4061fe
2023-04-19 01:19:14,396 - arbiter.master_chief.sa_recon - INFO - Starting recon of 0x406200
2023-04-19 01:19:14,396 - arbiter.master_chief.sa_recon - INFO - Starting recon of 0x406239
2023-04-19 01:19:14,396 - arbiter.master_chief.sa_recon - INFO - Starting recon of 0x406240
2023-04-19 01:19:14,396 - arbiter.master_chief.sa_recon - INFO - Starting recon of 0x406255
2023-04-19 01:19:14,396 - arbiter.master_chief.sa_recon - INFO - Starting recon of 0x406260
2023-04-19 01:19:14,396 - arbiter.master_chief.sa_recon - INFO - Starting recon of 0x406275
2023-04-19 01:19:14,396 - arbiter.master_chief.sa_recon - INFO - Starting recon of 0x406280
2023-04-19 01:19:14,396 - arbiter.master_chief.sa_recon - INFO - Starting recon of 0x4062b9
2023-04-19 01:19:14,396 - arbiter.master_chief.sa_recon - INFO - Starting recon of 0x4062c0
2023-04-19 01:19:14,396 - arbiter.master_chief.sa_recon - INFO - Starting recon of 0x4062d9
2023-04-19 01:19:14,397 - arbiter.master_chief.sa_recon - INFO - Starting recon of 0x4062e0
2023-04-19 01:19:14,397 - arbiter.master_chief.sa_recon - INFO - Starting recon of 0x40631b
2023-04-19 01:19:14,397 - arbiter.master_chief.sa_recon - INFO - Starting recon of 0x406320
2023-04-19 01:19:14,397 - arbiter.master_chief.sa_recon - INFO - Starting recon of 0x406398
2023-04-19 01:19:14,397 - arbiter.master_chief.sa_recon - INFO - Starting recon of 0x4063c1
2023-04-19 01:19:14,397 - arbiter.master_chief.sa_recon - INFO - Starting recon of 0x406489
2023-04-19 01:19:14,397 - arbiter.master_chief.sa_recon - INFO - Starting recon of 0x406490
2023-04-19 01:19:14,397 - arbiter.master_chief.sa_recon - INFO - Starting recon of 0x40649e
2023-04-19 01:19:14,397 - arbiter.master_chief.sa_recon - INFO - Starting recon of 0x4064a0
2023-04-19 01:19:14,397 - arbiter.master_chief.sa_recon - INFO - Starting recon of 0x406533
2023-04-19 01:19:14,397 - arbiter.master_chief.sa_recon - INFO - Starting recon of 0x406540
2023-04-19 01:19:14,397 - arbiter.master_chief.sa_recon - INFO - Starting recon of 0x406557
2023-04-19 01:19:14,397 - arbiter.master_chief.sa_recon - INFO - Starting recon of 0x406560
2023-04-19 01:19:14,397 - arbiter.master_chief.sa_recon - INFO - Starting recon of 0x406570
2023-04-19 01:19:14,397 - arbiter.master_chief.sa_recon - INFO - Starting recon of 0x40658c
2023-04-19 01:19:14,397 - arbiter.master_chief.sa_recon - INFO - Starting recon of 0x406590
2023-04-19 01:19:14,397 - arbiter.master_chief.sa_recon - INFO - Starting recon of 0x4065a8
2023-04-19 01:19:14,398 - arbiter.master_chief.sa_recon - INFO - Starting recon of 0x4065b0
2023-04-19 01:19:14,398 - arbiter.master_chief.sa_recon - INFO - Starting recon of 0x406641
2023-04-19 01:19:14,398 - arbiter.master_chief.sa_recon - INFO - Starting recon of 0x406650
2023-04-19 01:19:14,398 - arbiter.master_chief.sa_recon - INFO - Starting recon of 0x4066dd
2023-04-19 01:19:14,398 - arbiter.master_chief.sa_recon - INFO - Starting recon of 0x4066e0
2023-04-19 01:19:14,398 - arbiter.master_chief.sa_recon - INFO - Starting recon of 0x4066f0
2023-04-19 01:19:14,398 - arbiter.master_chief.sa_recon - INFO - Starting recon of 0x406703
2023-04-19 01:19:14,398 - arbiter.master_chief.sa_recon - INFO - Starting recon of 0x4067ad
2023-04-19 01:19:14,398 - arbiter.master_chief.sa_recon - INFO - Starting recon of 0x4067b0
2023-04-19 01:19:14,398 - arbiter.master_chief.sa_recon - INFO - Starting recon of 0x4067c4
2023-04-19 01:19:14,398 - arbiter.master_chief.sa_recon - INFO - Starting recon of 0x4067d0
2023-04-19 01:19:14,398 - arbiter.master_chief.sa_recon - INFO - Starting recon of 0x4067e5
2023-04-19 01:19:14,398 - arbiter.master_chief.sa_recon - INFO - Starting recon of 0x4067f0
2023-04-19 01:19:14,398 - arbiter.master_chief.sa_recon - INFO - Starting recon of 0x4067fe
2023-04-19 01:19:14,399 - arbiter.master_chief.sa_recon - INFO - Starting recon of 0x406800
2023-04-19 01:19:14,399 - arbiter.master_chief.sa_recon - INFO - Starting recon of 0x406897
2023-04-19 01:19:14,399 - arbiter.master_chief.sa_recon - INFO - Starting recon of 0x4068a0
2023-04-19 01:19:14,399 - arbiter.master_chief.sa_recon - INFO - Starting recon of 0x406938
2023-04-19 01:19:14,399 - arbiter.master_chief.sa_recon - INFO - Starting recon of 0x406940
2023-04-19 01:19:14,399 - arbiter.master_chief.sa_recon - INFO - Starting recon of 0x406950
2023-04-19 01:19:14,399 - arbiter.master_chief.sa_recon - INFO - Starting recon of 0x40696b
2023-04-19 01:19:14,399 - arbiter.master_chief.sa_recon - INFO - Starting recon of 0x406970
2023-04-19 01:19:14,399 - arbiter.master_chief.sa_recon - INFO - Starting recon of 0x406987
2023-04-19 01:19:14,399 - arbiter.master_chief.sa_recon - INFO - Starting recon of 0x406990
2023-04-19 01:19:14,399 - arbiter.master_chief.sa_recon - INFO - Starting recon of 0x4069a0
2023-04-19 01:19:14,399 - arbiter.master_chief.sa_recon - INFO - Starting recon of 0x4069b8
2023-04-19 01:19:14,399 - arbiter.master_chief.sa_recon - INFO - Starting recon of 0x4069c0
2023-04-19 01:19:14,399 - arbiter.master_chief.sa_recon - INFO - Starting recon of 0x4069d7
2023-04-19 01:19:14,399 - arbiter.master_chief.sa_recon - INFO - Starting recon of 0x4069e0
2023-04-19 01:19:14,399 - arbiter.master_chief.sa_recon - INFO - Starting recon of 0x4069fc
2023-04-19 01:19:14,399 - arbiter.master_chief.sa_recon - INFO - Starting recon of 0x406a00
2023-04-19 01:19:14,400 - arbiter.master_chief.sa_recon - INFO - Starting recon of 0x406a69
2023-04-19 01:19:14,400 - arbiter.master_chief.sa_recon - INFO - Starting recon of 0x406a79
2023-04-19 01:19:14,400 - arbiter.master_chief.sa_recon - INFO - Starting recon of 0x406a80
2023-04-19 01:19:14,400 - arbiter.master_chief.sa_recon - INFO - Starting recon of 0x406b2b
2023-04-19 01:19:14,400 - arbiter.master_chief.sa_recon - INFO - Starting recon of 0x406b4e
2023-04-19 01:19:14,400 - arbiter.master_chief.sa_recon - INFO - Starting recon of 0x406be5
2023-04-19 01:19:14,400 - arbiter.master_chief.sa_recon - INFO - Starting recon of 0x406c46
2023-04-19 01:19:14,400 - arbiter.master_chief.sa_recon - INFO - Starting recon of 0x406c89
2023-04-19 01:19:14,400 - arbiter.master_chief.sa_recon - INFO - Starting recon of 0x406d17
2023-04-19 01:19:14,400 - arbiter.master_chief.sa_recon - INFO - Starting recon of 0x406d74
2023-04-19 01:19:14,400 - arbiter.master_chief.sa_recon - INFO - Starting recon of 0x406dae
2023-04-19 01:19:14,400 - arbiter.master_chief.sa_recon - INFO - Starting recon of 0x406e25
2023-04-19 01:19:14,400 - arbiter.master_chief.sa_recon - INFO - Starting recon of 0x406ec1
2023-04-19 01:19:14,400 - arbiter.master_chief.sa_recon - INFO - Starting recon of 0x406ed0
2023-04-19 01:19:14,400 - arbiter.master_chief.sa_recon - INFO - Starting recon of 0x406ef0
2023-04-19 01:19:14,401 - arbiter.master_chief.sa_recon - INFO - Starting recon of 0x406f13
2023-04-19 01:19:14,401 - arbiter.master_chief.sa_recon - INFO - Starting recon of 0x406f7f
2023-04-19 01:19:14,401 - arbiter.master_chief.sa_recon - INFO - Starting recon of 0x406f80
2023-04-19 01:19:14,401 - arbiter.master_chief.sa_recon - INFO - Starting recon of 0x406fe9
2023-04-19 01:19:14,401 - arbiter.master_chief.sa_recon - INFO - Starting recon of 0x407053
2023-04-19 01:19:14,401 - arbiter.master_chief.sa_recon - INFO - Starting recon of 0x407060
2023-04-19 01:19:14,401 - arbiter.master_chief.sa_recon - INFO - Starting recon of 0x4070e4
2023-04-19 01:19:14,401 - arbiter.master_chief.sa_recon - INFO - Starting recon of 0x4070f0
2023-04-19 01:19:14,401 - arbiter.master_chief.sa_recon - INFO - Starting recon of 0x407105
2023-04-19 01:19:14,401 - arbiter.master_chief.sa_recon - INFO - Starting recon of 0x407128
2023-04-19 01:19:14,401 - arbiter.master_chief.sa_recon - INFO - Starting recon of 0x407130
2023-04-19 01:19:14,402 - arbiter.master_chief.sa_recon - INFO - Starting recon of 0x40714e
2023-04-19 01:19:14,402 - arbiter.master_chief.sa_recon - INFO - Starting recon of 0x407150
2023-04-19 01:19:14,402 - arbiter.master_chief.sa_recon - INFO - Starting recon of 0x407175
2023-04-19 01:19:14,402 - arbiter.master_chief.sa_recon - INFO - Starting recon of 0x407180
2023-04-19 01:19:14,402 - arbiter.master_chief.sa_recon - INFO - Starting recon of 0x407186
2023-04-19 01:19:14,402 - arbiter.master_chief.sa_recon - INFO - Starting recon of 0x407190
2023-04-19 01:19:14,402 - arbiter.master_chief.sa_recon - INFO - Starting recon of 0x4071b6
2023-04-19 01:19:14,402 - arbiter.master_chief.sa_recon - INFO - Starting recon of 0x4071ce
2023-04-19 01:19:14,402 - arbiter.master_chief.sa_recon - INFO - Starting recon of 0x4071d0
2023-04-19 01:19:14,402 - arbiter.master_chief.sa_recon - INFO - Starting recon of 0x4071f5
2023-04-19 01:19:14,402 - arbiter.master_chief.sa_recon - INFO - Starting recon of 0x407200
2023-04-19 01:19:14,403 - arbiter.master_chief.sa_recon - INFO - Starting recon of 0x40723d
2023-04-19 01:19:14,403 - arbiter.master_chief.sa_recon - INFO - Starting recon of 0x407261
2023-04-19 01:19:14,403 - arbiter.master_chief.sa_recon - INFO - Starting recon of 0x407284
2023-04-19 01:19:14,403 - arbiter.master_chief.sa_recon - INFO - Starting recon of 0x407290
2023-04-19 01:19:14,403 - arbiter.master_chief.sa_recon - INFO - Starting recon of 0x4072c1
2023-04-19 01:19:14,403 - arbiter.master_chief.sa_recon - INFO - Starting recon of 0x4072da
2023-04-19 01:19:14,403 - arbiter.master_chief.sa_recon - INFO - Starting recon of 0x4072e8
2023-04-19 01:19:14,403 - arbiter.master_chief.sa_recon - INFO - Starting recon of 0x4072f0
2023-04-19 01:19:14,403 - arbiter.master_chief.sa_recon - INFO - Starting recon of 0x40730d
2023-04-19 01:19:14,403 - arbiter.master_chief.sa_recon - INFO - Starting recon of 0x407310
2023-04-19 01:19:14,403 - arbiter.master_chief.sa_recon - INFO - Starting recon of 0x407342
2023-04-19 01:19:14,403 - arbiter.master_chief.sa_recon - INFO - Starting recon of 0x407350
2023-04-19 01:19:14,403 - arbiter.master_chief.sa_recon - INFO - Starting recon of 0x40737e
2023-04-19 01:19:14,403 - arbiter.master_chief.sa_recon - INFO - Starting recon of 0x407380
2023-04-19 01:19:14,403 - arbiter.master_chief.sa_recon - INFO - Starting recon of 0x407397
2023-04-19 01:19:14,403 - arbiter.master_chief.sa_recon - INFO - Starting recon of 0x4073a0
2023-04-19 01:19:14,404 - arbiter.master_chief.sa_recon - INFO - Starting recon of 0x4073db
2023-04-19 01:19:14,404 - arbiter.master_chief.sa_recon - INFO - Starting recon of 0x4073e0
2023-04-19 01:19:14,404 - arbiter.master_chief.sa_recon - INFO - Starting recon of 0x4073fd
2023-04-19 01:19:14,404 - arbiter.master_chief.sa_recon - INFO - Starting recon of 0x40740f
2023-04-19 01:19:14,404 - arbiter.master_chief.sa_recon - INFO - Starting recon of 0x40742f
2023-04-19 01:19:14,404 - arbiter.master_chief.sa_recon - INFO - Starting recon of 0x407430
2023-04-19 01:19:14,404 - arbiter.master_chief.sa_recon - INFO - Starting recon of 0x407451
2023-04-19 01:19:14,404 - arbiter.master_chief.sa_recon - INFO - Starting recon of 0x407465
2023-04-19 01:19:14,404 - arbiter.master_chief.sa_recon - INFO - Starting recon of 0x407470
2023-04-19 01:19:14,404 - arbiter.master_chief.sa_recon - INFO - Starting recon of 0x4074fd
2023-04-19 01:19:14,404 - arbiter.master_chief.sa_recon - INFO - Starting recon of 0x40750f
2023-04-19 01:19:14,404 - arbiter.master_chief.sa_recon - INFO - Starting recon of 0x407510
2023-04-19 01:19:14,404 - arbiter.master_chief.sa_recon - INFO - Starting recon of 0x407538
2023-04-19 01:19:14,404 - arbiter.master_chief.sa_recon - INFO - Starting recon of 0x407558
2023-04-19 01:19:14,404 - arbiter.master_chief.sa_recon - INFO - Starting recon of 0x407560
2023-04-19 01:19:14,405 - arbiter.master_chief.sa_recon - INFO - Starting recon of 0x40758c
2023-04-19 01:19:14,405 - arbiter.master_chief.sa_recon - INFO - Starting recon of 0x407590
2023-04-19 01:19:14,405 - arbiter.master_chief.sa_recon - INFO - Starting recon of 0x4075b3
2023-04-19 01:19:14,405 - arbiter.master_chief.sa_recon - INFO - Starting recon of 0x407603
2023-04-19 01:19:14,405 - arbiter.master_chief.sa_recon - INFO - Starting recon of 0x407610
2023-04-19 01:19:14,405 - arbiter.master_chief.sa_recon - INFO - Starting recon of 0x407621
2023-04-19 01:19:14,405 - arbiter.master_chief.sa_recon - INFO - Starting recon of 0x407632
2023-04-19 01:19:14,405 - arbiter.master_chief.sa_recon - INFO - Starting recon of 0x407640
2023-04-19 01:19:14,405 - arbiter.master_chief.sa_recon - INFO - Starting recon of 0x407651
2023-04-19 01:19:14,405 - arbiter.master_chief.sa_recon - INFO - Starting recon of 0x407660
2023-04-19 01:19:14,405 - arbiter.master_chief.sa_recon - INFO - Starting recon of 0x407670
2023-04-19 01:19:14,405 - arbiter.master_chief.sa_recon - INFO - Starting recon of 0x40767e
2023-04-19 01:19:14,405 - arbiter.master_chief.sa_recon - INFO - Starting recon of 0x407680
2023-04-19 01:19:14,405 - arbiter.master_chief.sa_recon - INFO - Starting recon of 0x4076a6
2023-04-19 01:19:14,405 - arbiter.master_chief.sa_recon - INFO - Starting recon of 0x4076b0
2023-04-19 01:19:14,405 - arbiter.master_chief.sa_recon - INFO - Starting recon of 0x40771f
2023-04-19 01:19:14,406 - arbiter.master_chief.sa_recon - INFO - Starting recon of 0x40777b
2023-04-19 01:19:14,406 - arbiter.master_chief.sa_recon - INFO - Starting recon of 0x4077c4
2023-04-19 01:19:14,406 - arbiter.master_chief.sa_recon - INFO - Starting recon of 0x407833
2023-04-19 01:19:14,406 - arbiter.master_chief.sa_recon - INFO - Starting recon of 0x407841
2023-04-19 01:19:14,406 - arbiter.master_chief.sa_recon - INFO - Starting recon of 0x407851
2023-04-19 01:19:14,406 - arbiter.master_chief.sa_recon - INFO - Starting recon of 0x407862
2023-04-19 01:19:14,406 - arbiter.master_chief.sa_recon - INFO - Starting recon of 0x407870
2023-04-19 01:19:14,406 - arbiter.master_chief.sa_recon - INFO - Starting recon of 0x407908
2023-04-19 01:19:14,406 - arbiter.master_chief.sa_recon - INFO - Starting recon of 0x407964
2023-04-19 01:19:14,406 - arbiter.master_chief.sa_recon - INFO - Starting recon of 0x40796d
2023-04-19 01:19:14,406 - arbiter.master_chief.sa_recon - INFO - Starting recon of 0x407970
2023-04-19 01:19:14,406 - arbiter.master_chief.sa_recon - INFO - Starting recon of 0x407a04
2023-04-19 01:19:14,406 - arbiter.master_chief.sa_recon - INFO - Starting recon of 0x407a10
2023-04-19 01:19:14,406 - arbiter.master_chief.sa_recon - INFO - Starting recon of 0x407a49
2023-04-19 01:19:14,406 - arbiter.master_chief.sa_recon - INFO - Starting recon of 0x407a51
2023-04-19 01:19:14,406 - arbiter.master_chief.sa_recon - INFO - Starting recon of 0x407a60
2023-04-19 01:19:14,407 - arbiter.master_chief.sa_recon - INFO - Starting recon of 0x407a66
2023-04-19 01:19:14,407 - arbiter.master_chief.sa_recon - INFO - Starting recon of 0x407a8a
2023-04-19 01:19:14,407 - arbiter.master_chief.sa_recon - INFO - Starting recon of 0x407a99
2023-04-19 01:19:14,407 - arbiter.master_chief.sa_recon - INFO - Starting recon of 0x407aa0
2023-04-19 01:19:14,407 - arbiter.master_chief.sa_recon - INFO - Starting recon of 0x407afa
2023-04-19 01:19:14,407 - arbiter.master_chief.sa_recon - INFO - Starting recon of 0x407b6f
2023-04-19 01:19:14,407 - arbiter.master_chief.sa_recon - INFO - Starting recon of 0x407bb8
2023-04-19 01:19:14,407 - arbiter.master_chief.sa_recon - INFO - Starting recon of 0x407bcf
2023-04-19 01:19:14,407 - arbiter.master_chief.sa_recon - INFO - Starting recon of 0x407bd0
2023-04-19 01:19:14,407 - arbiter.master_chief.sa_recon - INFO - Starting recon of 0x407c13
2023-04-19 01:19:14,407 - arbiter.master_chief.sa_recon - INFO - Starting recon of 0x407c3d
2023-04-19 01:19:14,407 - arbiter.master_chief.sa_recon - INFO - Starting recon of 0x407c48
2023-04-19 01:19:14,407 - arbiter.master_chief.sa_recon - INFO - Starting recon of 0x407c50
2023-04-19 01:19:14,407 - arbiter.master_chief.sa_recon - INFO - Starting recon of 0x407c83
2023-04-19 01:19:14,407 - arbiter.master_chief.sa_recon - INFO - Starting recon of 0x407ca6
2023-04-19 01:19:14,408 - arbiter.master_chief.sa_recon - INFO - Starting recon of 0x407cb9
2023-04-19 01:19:14,408 - arbiter.master_chief.sa_recon - INFO - Starting recon of 0x407cc0
2023-04-19 01:19:14,408 - arbiter.master_chief.sa_recon - DEBUG - Finding ret block for chdir @ 0x407d10
2023-04-19 01:19:14,408 - arbiter.master_chief.sa_recon - DEBUG - Adding target function sub_407cc0:0x407cc0
2023-04-19 01:19:14,409 - arbiter.master_chief.sa_recon - INFO - Starting recon of 0x407cec
2023-04-19 01:19:14,409 - arbiter.master_chief.sa_recon - INFO - Starting recon of 0x407d07
2023-04-19 01:19:14,409 - arbiter.master_chief.sa_recon - INFO - Starting recon of 0x407d23
2023-04-19 01:19:14,409 - arbiter.master_chief.sa_recon - INFO - Starting recon of 0x407d30
2023-04-19 01:19:14,409 - arbiter.master_chief.sa_recon - INFO - Starting recon of 0x407d61
2023-04-19 01:19:14,409 - arbiter.master_chief.sa_recon - INFO - Starting recon of 0x407d96
2023-04-19 01:19:14,409 - arbiter.master_chief.sa_recon - INFO - Starting recon of 0x407da0
2023-04-19 01:19:14,409 - arbiter.master_chief.sa_recon - INFO - Starting recon of 0x407dd8
2023-04-19 01:19:14,409 - arbiter.master_chief.sa_recon - INFO - Starting recon of 0x407e05
2023-04-19 01:19:14,409 - arbiter.master_chief.sa_recon - INFO - Starting recon of 0x407e10
2023-04-19 01:19:14,409 - arbiter.master_chief.sa_recon - INFO - Starting recon of 0x407e48
2023-04-19 01:19:14,409 - arbiter.master_chief.sa_recon - INFO - Starting recon of 0x407e59
2023-04-19 01:19:14,409 - arbiter.master_chief.sa_recon - INFO - Starting recon of 0x407e60
2023-04-19 01:19:14,409 - arbiter.master_chief.sa_recon - DEBUG - Finding ret block for chdir @ 0x407ee6
2023-04-19 01:19:14,410 - arbiter.master_chief.sa_recon - DEBUG - Adding target function sub_407e60:0x407e60
2023-04-19 01:19:14,410 - arbiter.master_chief.sa_recon - INFO - Starting recon of 0x407f2c
2023-04-19 01:19:14,410 - arbiter.master_chief.sa_recon - INFO - Starting recon of 0x407ff3
2023-04-19 01:19:14,410 - arbiter.master_chief.sa_recon - INFO - Starting recon of 0x40800d
2023-04-19 01:19:14,410 - arbiter.master_chief.sa_recon - INFO - Starting recon of 0x408043
2023-04-19 01:19:14,410 - arbiter.master_chief.sa_recon - INFO - Starting recon of 0x408061
2023-04-19 01:19:14,410 - arbiter.master_chief.sa_recon - INFO - Starting recon of 0x408078
2023-04-19 01:19:14,410 - arbiter.master_chief.sa_recon - INFO - Starting recon of 0x4080a2
2023-04-19 01:19:14,411 - arbiter.master_chief.sa_recon - INFO - Starting recon of 0x4080c1
2023-04-19 01:19:14,411 - arbiter.master_chief.sa_recon - INFO - Starting recon of 0x40810d
2023-04-19 01:19:14,411 - arbiter.master_chief.sa_recon - INFO - Starting recon of 0x408110
2023-04-19 01:19:14,411 - arbiter.master_chief.sa_recon - INFO - Starting recon of 0x40818b
2023-04-19 01:19:14,411 - arbiter.master_chief.sa_recon - INFO - Starting recon of 0x4081b2
2023-04-19 01:19:14,411 - arbiter.master_chief.sa_recon - INFO - Starting recon of 0x4081bc
2023-04-19 01:19:14,411 - arbiter.master_chief.sa_recon - INFO - Starting recon of 0x4081c0
2023-04-19 01:19:14,411 - arbiter.master_chief.sa_recon - INFO - Starting recon of 0x408225
2023-04-19 01:19:14,411 - arbiter.master_chief.sa_recon - INFO - Starting recon of 0x40825a
2023-04-19 01:19:14,411 - arbiter.master_chief.sa_recon - INFO - Starting recon of 0x408283
2023-04-19 01:19:14,411 - arbiter.master_chief.sa_recon - INFO - Starting recon of 0x408290
2023-04-19 01:19:14,411 - arbiter.master_chief.sa_recon - INFO - Starting recon of 0x408393
2023-04-19 01:19:14,411 - arbiter.master_chief.sa_recon - INFO - Starting recon of 0x4084f1
2023-04-19 01:19:14,411 - arbiter.master_chief.sa_recon - INFO - Starting recon of 0x40857c
2023-04-19 01:19:14,411 - arbiter.master_chief.sa_recon - INFO - Starting recon of 0x4085bc
2023-04-19 01:19:14,411 - arbiter.master_chief.sa_recon - INFO - Starting recon of 0x408614
2023-04-19 01:19:14,411 - arbiter.master_chief.sa_recon - INFO - Starting recon of 0x40863a
2023-04-19 01:19:14,412 - arbiter.master_chief.sa_recon - INFO - Starting recon of 0x40864a
2023-04-19 01:19:14,412 - arbiter.master_chief.sa_recon - INFO - Starting recon of 0x40866a
2023-04-19 01:19:14,412 - arbiter.master_chief.sa_recon - INFO - Starting recon of 0x4086a2
2023-04-19 01:19:14,412 - arbiter.master_chief.sa_recon - INFO - Starting recon of 0x4086be
2023-04-19 01:19:14,412 - arbiter.master_chief.sa_recon - INFO - Starting recon of 0x4086ca
2023-04-19 01:19:14,412 - arbiter.master_chief.sa_recon - INFO - Starting recon of 0x408852
2023-04-19 01:19:14,412 - arbiter.master_chief.sa_recon - INFO - Starting recon of 0x408862
2023-04-19 01:19:14,412 - arbiter.master_chief.sa_recon - INFO - Starting recon of 0x40887d
2023-04-19 01:19:14,412 - arbiter.master_chief.sa_recon - INFO - Starting recon of 0x4088e9
2023-04-19 01:19:14,412 - arbiter.master_chief.sa_recon - INFO - Starting recon of 0x40893d
2023-04-19 01:19:14,412 - arbiter.master_chief.sa_recon - INFO - Starting recon of 0x408abc
2023-04-19 01:19:14,412 - arbiter.master_chief.sa_recon - INFO - Starting recon of 0x408acd
2023-04-19 01:19:14,412 - arbiter.master_chief.sa_recon - INFO - Starting recon of 0x408afd
2023-04-19 01:19:14,412 - arbiter.master_chief.sa_recon - INFO - Starting recon of 0x408b17
2023-04-19 01:19:14,412 - arbiter.master_chief.sa_recon - INFO - Starting recon of 0x408b2e
2023-04-19 01:19:14,412 - arbiter.master_chief.sa_recon - INFO - Starting recon of 0x408d00
2023-04-19 01:19:14,412 - arbiter.master_chief.sa_recon - INFO - Starting recon of 0x408f1a
2023-04-19 01:19:14,412 - arbiter.master_chief.sa_recon - INFO - Starting recon of 0x408fb8
2023-04-19 01:19:14,412 - arbiter.master_chief.sa_recon - INFO - Starting recon of 0x408ffe
2023-04-19 01:19:14,412 - arbiter.master_chief.sa_recon - INFO - Starting recon of 0x40901b
2023-04-19 01:19:14,412 - arbiter.master_chief.sa_recon - INFO - Starting recon of 0x409033
2023-04-19 01:19:14,412 - arbiter.master_chief.sa_recon - INFO - Starting recon of 0x409062
2023-04-19 01:19:14,413 - arbiter.master_chief.sa_recon - INFO - Starting recon of 0x409074
2023-04-19 01:19:14,413 - arbiter.master_chief.sa_recon - INFO - Starting recon of 0x409089
2023-04-19 01:19:14,413 - arbiter.master_chief.sa_recon - INFO - Starting recon of 0x4090b9
2023-04-19 01:19:14,413 - arbiter.master_chief.sa_recon - INFO - Starting recon of 0x4090c0
2023-04-19 01:19:14,414 - arbiter.master_chief.sa_recon - DEBUG - Finding ret block for chdir @ 0x4091a4
2023-04-19 01:19:14,414 - arbiter.master_chief.sa_recon - DEBUG - Adding target function fts_close:0x4090c0
2023-04-19 01:19:14,414 - arbiter.master_chief.sa_recon - INFO - Starting recon of 0x40919a
2023-04-19 01:19:14,414 - arbiter.master_chief.sa_recon - INFO - Starting recon of 0x4091ca
2023-04-19 01:19:14,414 - arbiter.master_chief.sa_recon - INFO - Starting recon of 0x4091ea
2023-04-19 01:19:14,414 - arbiter.master_chief.sa_recon - INFO - Starting recon of 0x4091f7
2023-04-19 01:19:14,414 - arbiter.master_chief.sa_recon - INFO - Starting recon of 0x40922f
2023-04-19 01:19:14,415 - arbiter.master_chief.sa_recon - INFO - Starting recon of 0x40924b
2023-04-19 01:19:14,415 - arbiter.master_chief.sa_recon - INFO - Starting recon of 0x409250
2023-04-19 01:19:14,415 - arbiter.master_chief.sa_recon - DEBUG - Finding ret block for chdir @ 0x4098a2
2023-04-19 01:19:14,423 - arbiter.master_chief.sa_recon - DEBUG - Adding target function fts_read:0x409250
2023-04-19 01:19:14,424 - arbiter.master_chief.sa_recon - INFO - Starting recon of 0x4092ad
2023-04-19 01:19:14,424 - arbiter.master_chief.sa_recon - INFO - Starting recon of 0x40938f
2023-04-19 01:19:14,424 - arbiter.master_chief.sa_recon - INFO - Starting recon of 0x409432
2023-04-19 01:19:14,424 - arbiter.master_chief.sa_recon - INFO - Starting recon of 0x409484
2023-04-19 01:19:14,424 - arbiter.master_chief.sa_recon - INFO - Starting recon of 0x409535
2023-04-19 01:19:14,424 - arbiter.master_chief.sa_recon - INFO - Starting recon of 0x409621
2023-04-19 01:19:14,424 - arbiter.master_chief.sa_recon - INFO - Starting recon of 0x4097db
2023-04-19 01:19:14,424 - arbiter.master_chief.sa_recon - INFO - Starting recon of 0x4099ab
2023-04-19 01:19:14,424 - arbiter.master_chief.sa_recon - INFO - Starting recon of 0x4099b0
2023-04-19 01:19:14,424 - arbiter.master_chief.sa_recon - INFO - Starting recon of 0x4099d9
2023-04-19 01:19:14,424 - arbiter.master_chief.sa_recon - INFO - Starting recon of 0x4099e0
2023-04-19 01:19:14,424 - arbiter.master_chief.sa_recon - DEBUG - Finding ret block for chdir @ 0x409abf
2023-04-19 01:19:14,424 - arbiter.master_chief.sa_recon - DEBUG - Adding target function fts_children:0x4099e0
2023-04-19 01:19:14,424 - arbiter.master_chief.sa_recon - INFO - Starting recon of 0x409a8f
2023-04-19 01:19:14,424 - arbiter.master_chief.sa_recon - INFO - Starting recon of 0x409ad9
2023-04-19 01:19:14,424 - arbiter.master_chief.sa_recon - INFO - Starting recon of 0x409af1
2023-04-19 01:19:14,424 - arbiter.master_chief.sa_recon - INFO - Starting recon of 0x409b03
2023-04-19 01:19:14,425 - arbiter.master_chief.sa_recon - INFO - Starting recon of 0x409b16
2023-04-19 01:19:14,425 - arbiter.master_chief.sa_recon - INFO - Starting recon of 0x409b32
2023-04-19 01:19:14,425 - arbiter.master_chief.sa_recon - INFO - Starting recon of 0x409b5c
2023-04-19 01:19:14,425 - arbiter.master_chief.sa_recon - INFO - Starting recon of 0x409b60
2023-04-19 01:19:14,425 - arbiter.master_chief.sa_recon - INFO - Starting recon of 0x409bc7
2023-04-19 01:19:14,425 - arbiter.master_chief.sa_recon - INFO - Starting recon of 0x409bef
2023-04-19 01:19:14,425 - arbiter.master_chief.sa_recon - INFO - Starting recon of 0x409bf0
2023-04-19 01:19:14,425 - arbiter.master_chief.sa_recon - INFO - Starting recon of 0x409c33
2023-04-19 01:19:14,425 - arbiter.master_chief.sa_recon - INFO - Starting recon of 0x409c55
2023-04-19 01:19:14,425 - arbiter.master_chief.sa_recon - INFO - Starting recon of 0x409c60
2023-04-19 01:19:14,425 - arbiter.master_chief.sa_recon - INFO - Starting recon of 0x409c74
2023-04-19 01:19:14,425 - arbiter.master_chief.sa_recon - INFO - Starting recon of 0x409c80
2023-04-19 01:19:14,425 - arbiter.master_chief.sa_recon - INFO - Starting recon of 0x409caf
2023-04-19 01:19:14,425 - arbiter.master_chief.sa_recon - INFO - Starting recon of 0x409cc5
2023-04-19 01:19:14,425 - arbiter.master_chief.sa_recon - INFO - Starting recon of 0x409d02
2023-04-19 01:19:14,425 - arbiter.master_chief.sa_recon - INFO - Starting recon of 0x409d58
2023-04-19 01:19:14,425 - arbiter.master_chief.sa_recon - INFO - Starting recon of 0x409d86
2023-04-19 01:19:14,425 - arbiter.master_chief.sa_recon - INFO - Starting recon of 0x409d90
2023-04-19 01:19:14,425 - arbiter.master_chief.sa_recon - INFO - Starting recon of 0x409dce
2023-04-19 01:19:14,425 - arbiter.master_chief.sa_recon - INFO - Starting recon of 0x409ddd
2023-04-19 01:19:14,426 - arbiter.master_chief.sa_recon - INFO - Starting recon of 0x409de0
2023-04-19 01:19:14,426 - arbiter.master_chief.sa_recon - INFO - Starting recon of 0x409df4
2023-04-19 01:19:14,426 - arbiter.master_chief.sa_recon - INFO - Starting recon of 0x409e00
2023-04-19 01:19:14,426 - arbiter.master_chief.sa_recon - INFO - Starting recon of 0x409e0b
2023-04-19 01:19:14,426 - arbiter.master_chief.sa_recon - INFO - Starting recon of 0x409e10
2023-04-19 01:19:14,426 - arbiter.master_chief.sa_recon - INFO - Starting recon of 0x409e31
2023-04-19 01:19:14,426 - arbiter.master_chief.sa_recon - INFO - Starting recon of 0x409e40
2023-04-19 01:19:14,426 - arbiter.master_chief.sa_recon - INFO - Starting recon of 0x409eb6
2023-04-19 01:19:14,426 - arbiter.master_chief.sa_recon - INFO - Starting recon of 0x409eec
2023-04-19 01:19:14,426 - arbiter.master_chief.sa_recon - INFO - Starting recon of 0x409f22
2023-04-19 01:19:14,426 - arbiter.master_chief.sa_recon - INFO - Starting recon of 0x409f31
2023-04-19 01:19:14,426 - arbiter.master_chief.sa_recon - INFO - Starting recon of 0x409f40
2023-04-19 01:19:14,426 - arbiter.master_chief.sa_recon - INFO - Starting recon of 0x409fb4
2023-04-19 01:19:14,426 - arbiter.master_chief.sa_recon - INFO - Starting recon of 0x409fbe
2023-04-19 01:19:14,426 - arbiter.master_chief.sa_recon - INFO - Starting recon of 0x409fc0
2023-04-19 01:19:14,426 - arbiter.master_chief.sa_recon - INFO - Starting recon of 0x40a0eb
2023-04-19 01:19:14,426 - arbiter.master_chief.sa_recon - INFO - Starting recon of 0x40a0f0
2023-04-19 01:19:14,426 - arbiter.master_chief.sa_recon - INFO - Starting recon of 0x40a115
2023-04-19 01:19:14,426 - arbiter.master_chief.sa_recon - INFO - Starting recon of 0x40a13b
2023-04-19 01:19:14,426 - arbiter.master_chief.sa_recon - INFO - Starting recon of 0x40a206
2023-04-19 01:19:14,427 - arbiter.master_chief.sa_recon - INFO - Starting recon of 0x40a23a
2023-04-19 01:19:14,427 - arbiter.master_chief.sa_recon - INFO - Starting recon of 0x40a240
2023-04-19 01:19:14,427 - arbiter.master_chief.sa_recon - INFO - Starting recon of 0x40a249
2023-04-19 01:19:14,427 - arbiter.master_chief.sa_recon - INFO - Starting recon of 0x40a250
2023-04-19 01:19:14,427 - arbiter.master_chief.sa_recon - INFO - Starting recon of 0x40a259
2023-04-19 01:19:14,427 - arbiter.master_chief.sa_recon - INFO - Starting recon of 0x40a260
2023-04-19 01:19:14,427 - arbiter.master_chief.sa_recon - INFO - Starting recon of 0x40a269
2023-04-19 01:19:14,427 - arbiter.master_chief.sa_recon - INFO - Starting recon of 0x40a270
2023-04-19 01:19:14,427 - arbiter.master_chief.sa_recon - INFO - Starting recon of 0x40a285
2023-04-19 01:19:14,427 - arbiter.master_chief.sa_recon - INFO - Starting recon of 0x40a2c9
2023-04-19 01:19:14,427 - arbiter.master_chief.sa_recon - INFO - Starting recon of 0x40a2d0
2023-04-19 01:19:14,427 - arbiter.master_chief.sa_recon - INFO - Starting recon of 0x40a2e7
2023-04-19 01:19:14,427 - arbiter.master_chief.sa_recon - INFO - Starting recon of 0x40a337
2023-04-19 01:19:14,427 - arbiter.master_chief.sa_recon - INFO - Starting recon of 0x40a340
2023-04-19 01:19:14,427 - arbiter.master_chief.sa_recon - INFO - Starting recon of 0x40a36e
2023-04-19 01:19:14,427 - arbiter.master_chief.sa_recon - INFO - Starting recon of 0x40a446
2023-04-19 01:19:14,427 - arbiter.master_chief.sa_recon - INFO - Starting recon of 0x40a497
2023-04-19 01:19:14,427 - arbiter.master_chief.sa_recon - INFO - Starting recon of 0x40a4a0
2023-04-19 01:19:14,427 - arbiter.master_chief.sa_recon - INFO - Starting recon of 0x40a4e4
2023-04-19 01:19:14,427 - arbiter.master_chief.sa_recon - INFO - Starting recon of 0x40a4f3
2023-04-19 01:19:14,428 - arbiter.master_chief.sa_recon - INFO - Starting recon of 0x40a500
2023-04-19 01:19:14,428 - arbiter.master_chief.sa_recon - INFO - Starting recon of 0x40a539
2023-04-19 01:19:14,428 - arbiter.master_chief.sa_recon - INFO - Starting recon of 0x40a54c
2023-04-19 01:19:14,428 - arbiter.master_chief.sa_recon - INFO - Starting recon of 0x40a550
2023-04-19 01:19:14,428 - arbiter.master_chief.sa_recon - INFO - Starting recon of 0x40a56a
2023-04-19 01:19:14,428 - arbiter.master_chief.sa_recon - INFO - Starting recon of 0x40a58c
2023-04-19 01:19:14,428 - arbiter.master_chief.sa_recon - INFO - Starting recon of 0x40a5ae
2023-04-19 01:19:14,428 - arbiter.master_chief.sa_recon - INFO - Starting recon of 0x40a5bd
2023-04-19 01:19:14,428 - arbiter.master_chief.sa_recon - INFO - Starting recon of 0x40a5c0
2023-04-19 01:19:14,428 - arbiter.master_chief.sa_recon - INFO - Starting recon of 0x40a5e5
2023-04-19 01:19:14,428 - arbiter.master_chief.sa_recon - INFO - Starting recon of 0x40a603
2023-04-19 01:19:14,428 - arbiter.master_chief.sa_recon - INFO - Starting recon of 0x40a610
2023-04-19 01:19:14,428 - arbiter.master_chief.sa_recon - INFO - Starting recon of 0x40a65b
2023-04-19 01:19:14,428 - arbiter.master_chief.sa_recon - INFO - Starting recon of 0x40a665
2023-04-19 01:19:14,428 - arbiter.master_chief.sa_recon - INFO - Starting recon of 0x40a688
2023-04-19 01:19:14,428 - arbiter.master_chief.sa_recon - INFO - Starting recon of 0x40a690
2023-04-19 01:19:14,428 - arbiter.master_chief.sa_recon - INFO - Starting recon of 0x40a6c1
2023-04-19 01:19:14,428 - arbiter.master_chief.sa_recon - INFO - Starting recon of 0x40a6d0
2023-04-19 01:19:14,428 - arbiter.master_chief.sa_recon - INFO - Starting recon of 0x40a6f4
2023-04-19 01:19:14,428 - arbiter.master_chief.sa_recon - INFO - Starting recon of 0x40a700
2023-04-19 01:19:14,428 - arbiter.master_chief.sa_recon - INFO - Starting recon of 0x40a7f6
2023-04-19 01:19:14,428 - arbiter.master_chief.sa_recon - INFO - Starting recon of 0x40a80d
2023-04-19 01:19:14,429 - arbiter.master_chief.sa_recon - INFO - Starting recon of 0x40a810
2023-04-19 01:19:14,429 - arbiter.master_chief.sa_recon - INFO - Starting recon of 0x40a829
2023-04-19 01:19:14,429 - arbiter.master_chief.sa_recon - INFO - Starting recon of 0x40a851
2023-04-19 01:19:14,429 - arbiter.master_chief.sa_recon - INFO - Starting recon of 0x40a8c0
2023-04-19 01:19:14,429 - arbiter.master_chief.sa_recon - INFO - Starting recon of 0x40a8ea
2023-04-19 01:19:14,429 - arbiter.master_chief.sa_recon - INFO - Starting recon of 0x40a907
2023-04-19 01:19:14,429 - arbiter.master_chief.sa_recon - INFO - Starting recon of 0x40a9a6
2023-04-19 01:19:14,429 - arbiter.master_chief.sa_recon - INFO - Starting recon of 0x40a9b0
2023-04-19 01:19:14,429 - arbiter.master_chief.sa_recon - INFO - Starting recon of 0x40aada
2023-04-19 01:19:14,429 - arbiter.master_chief.sa_recon - INFO - Starting recon of 0x40aae8
2023-04-19 01:19:14,429 - arbiter.master_chief.sa_recon - INFO - Starting recon of 0x40aaf5
2023-04-19 01:19:14,429 - arbiter.master_chief.sa_recon - INFO - Starting recon of 0x40ab34
2023-04-19 01:19:14,429 - arbiter.master_chief.sa_recon - INFO - Starting recon of 0x40ab40
2023-04-19 01:19:14,429 - arbiter.master_chief.sa_recon - INFO - Starting recon of 0x40ac2f
2023-04-19 01:19:14,429 - arbiter.master_chief.sa_recon - INFO - Starting recon of 0x40acf2
2023-04-19 01:19:14,429 - arbiter.master_chief.sa_recon - INFO - Starting recon of 0x40ad11
2023-04-19 01:19:14,429 - arbiter.master_chief.sa_recon - INFO - Starting recon of 0x40ad2c
2023-04-19 01:19:14,429 - arbiter.master_chief.sa_recon - INFO - Starting recon of 0x40ad4e
2023-04-19 01:19:14,429 - arbiter.master_chief.sa_recon - INFO - Starting recon of 0x40ad6e
2023-04-19 01:19:14,430 - arbiter.master_chief.sa_recon - INFO - Starting recon of 0x40ad79
2023-04-19 01:19:14,430 - arbiter.master_chief.sa_recon - INFO - Starting recon of 0x40adbc
2023-04-19 01:19:14,430 - arbiter.master_chief.sa_recon - INFO - Starting recon of 0x40add9
2023-04-19 01:19:14,430 - arbiter.master_chief.sa_recon - INFO - Starting recon of 0x40ade0
2023-04-19 01:19:14,430 - arbiter.master_chief.sa_recon - INFO - Starting recon of 0x40ae29
2023-04-19 01:19:14,430 - arbiter.master_chief.sa_recon - INFO - Starting recon of 0x40ae39
2023-04-19 01:19:14,430 - arbiter.master_chief.sa_recon - INFO - Starting recon of 0x40ae40
2023-04-19 01:19:14,430 - arbiter.master_chief.sa_recon - INFO - Starting recon of 0x40aea3
2023-04-19 01:19:14,430 - arbiter.master_chief.sa_recon - INFO - Starting recon of 0x40af8e
2023-04-19 01:19:14,430 - arbiter.master_chief.sa_recon - INFO - Starting recon of 0x40afd8
2023-04-19 01:19:14,430 - arbiter.master_chief.sa_recon - INFO - Starting recon of 0x40affe
2023-04-19 01:19:14,430 - arbiter.master_chief.sa_recon - INFO - Starting recon of 0x40b01e
2023-04-19 01:19:14,430 - arbiter.master_chief.sa_recon - INFO - Starting recon of 0x40b03c
2023-04-19 01:19:14,430 - arbiter.master_chief.sa_recon - INFO - Starting recon of 0x40b040
2023-04-19 01:19:14,430 - arbiter.master_chief.sa_recon - INFO - Starting recon of 0x40b05f
2023-04-19 01:19:14,430 - arbiter.master_chief.sa_recon - INFO - Starting recon of 0x40b060
2023-04-19 01:19:14,430 - arbiter.master_chief.sa_recon - INFO - Starting recon of 0x40b069
2023-04-19 01:19:14,431 - arbiter.master_chief.sa_recon - INFO - Starting recon of 0x40b070
2023-04-19 01:19:14,431 - arbiter.master_chief.sa_recon - INFO - Starting recon of 0x40b0ab
2023-04-19 01:19:14,431 - arbiter.master_chief.sa_recon - INFO - Starting recon of 0x40b0b0
2023-04-19 01:19:14,431 - arbiter.master_chief.sa_recon - INFO - Starting recon of 0x40b0ea
2023-04-19 01:19:14,431 - arbiter.master_chief.sa_recon - INFO - Starting recon of 0x40b0fc
2023-04-19 01:19:14,431 - arbiter.master_chief.sa_recon - INFO - Starting recon of 0x40b100
2023-04-19 01:19:14,431 - arbiter.master_chief.sa_recon - INFO - Starting recon of 0x40b12a
2023-04-19 01:19:14,431 - arbiter.master_chief.sa_recon - INFO - Starting recon of 0x40b13c
2023-04-19 01:19:14,431 - arbiter.master_chief.sa_recon - INFO - Starting recon of 0x40b140
2023-04-19 01:19:14,431 - arbiter.master_chief.sa_recon - INFO - Starting recon of 0x40b187
2023-04-19 01:19:14,431 - arbiter.master_chief.sa_recon - INFO - Starting recon of 0x40b1b6
2023-04-19 01:19:14,431 - arbiter.master_chief.sa_recon - INFO - Starting recon of 0x40b1c0
2023-04-19 01:19:14,431 - arbiter.master_chief.sa_recon - INFO - Starting recon of 0x40b1e4
2023-04-19 01:19:14,431 - arbiter.master_chief.sa_recon - INFO - Starting recon of 0x40b216
2023-04-19 01:19:14,431 - arbiter.master_chief.sa_recon - INFO - Starting recon of 0x40b220
2023-04-19 01:19:14,431 - arbiter.master_chief.sa_recon - INFO - Starting recon of 0x40b269
2023-04-19 01:19:14,431 - arbiter.master_chief.sa_recon - INFO - Starting recon of 0x40b298
2023-04-19 01:19:14,431 - arbiter.master_chief.sa_recon - INFO - Starting recon of 0x40b2aa
2023-04-19 01:19:14,431 - arbiter.master_chief.sa_recon - INFO - Starting recon of 0x40b2b0
2023-04-19 01:19:14,431 - arbiter.master_chief.sa_recon - INFO - Starting recon of 0x40b355
2023-04-19 01:19:14,431 - arbiter.master_chief.sa_recon - INFO - Starting recon of 0x40b3bf
2023-04-19 01:19:14,432 - arbiter.master_chief.sa_recon - INFO - Starting recon of 0x40b3d8
2023-04-19 01:19:14,432 - arbiter.master_chief.sa_recon - INFO - Starting recon of 0x40b41b
2023-04-19 01:19:14,432 - arbiter.master_chief.sa_recon - INFO - Starting recon of 0x40b420
2023-04-19 01:19:14,432 - arbiter.master_chief.sa_recon - INFO - Starting recon of 0x40b432
2023-04-19 01:19:14,432 - arbiter.master_chief.sa_recon - INFO - Starting recon of 0x40b440
2023-04-19 01:19:14,432 - arbiter.master_chief.sa_recon - INFO - Starting recon of 0x40b4a5
2023-04-19 01:19:14,432 - arbiter.master_chief.sa_recon - INFO - Starting recon of 0x40b4b0
2023-04-19 01:19:14,432 - arbiter.master_chief.sa_recon - INFO - Starting recon of 0x40b4b5
2023-04-19 01:19:14,432 - arbiter.master_chief.sa_recon - INFO - Starting recon of 0x40b4c0
2023-04-19 01:19:14,432 - arbiter.master_chief.sa_recon - INFO - Starting recon of 0x40b4d4
2023-04-19 01:19:14,432 - arbiter.master_chief.sa_recon - INFO - Starting recon of 0x500000
2023-04-19 01:19:14,432 - arbiter.master_chief.sa_recon - INFO - Starting recon of 0x500008
2023-04-19 01:19:14,432 - arbiter.master_chief.sa_recon - INFO - Starting recon of 0x500048
2023-04-19 01:19:14,432 - arbiter.master_chief.sa_recon - INFO - Starting recon of 0x500050
2023-04-19 01:19:14,432 - arbiter.master_chief.sa_recon - INFO - Starting recon of 0x500058
2023-04-19 01:19:14,432 - arbiter.master_chief.sa_recon - INFO - Starting recon of 0x500060
2023-04-19 01:19:14,432 - arbiter.master_chief.sa_recon - INFO - Starting recon of 0x500068
2023-04-19 01:19:14,432 - arbiter.master_chief.sa_recon - INFO - Starting recon of 0x500070
2023-04-19 01:19:14,432 - arbiter.master_chief.sa_recon - INFO - Starting recon of 0x500078
2023-04-19 01:19:14,432 - arbiter.master_chief.sa_recon - INFO - Starting recon of 0x500080
2023-04-19 01:19:14,432 - arbiter.master_chief.sa_recon - INFO - Starting recon of 0x500088
2023-04-19 01:19:14,432 - arbiter.master_chief.sa_recon - INFO - Starting recon of 0x500090
2023-04-19 01:19:14,432 - arbiter.master_chief.sa_recon - INFO - Starting recon of 0x500098
2023-04-19 01:19:14,432 - arbiter.master_chief.sa_recon - INFO - Starting recon of 0x5000a0
2023-04-19 01:19:14,433 - arbiter.master_chief.sa_recon - INFO - Starting recon of 0x5000a8
2023-04-19 01:19:14,433 - arbiter.master_chief.sa_recon - INFO - Starting recon of 0x5000b0
2023-04-19 01:19:14,433 - arbiter.master_chief.sa_recon - INFO - Starting recon of 0x5000b8
2023-04-19 01:19:14,433 - arbiter.master_chief.sa_recon - INFO - Starting recon of 0x5000c0
2023-04-19 01:19:14,433 - arbiter.master_chief.sa_recon - INFO - Starting recon of 0x5000c8
2023-04-19 01:19:14,433 - arbiter.master_chief.sa_recon - INFO - Starting recon of 0x5000d0
2023-04-19 01:19:14,433 - arbiter.master_chief.sa_recon - INFO - Starting recon of 0x5000d8
2023-04-19 01:19:14,433 - arbiter.master_chief.sa_recon - INFO - Starting recon of 0x5000e0
2023-04-19 01:19:14,433 - arbiter.master_chief.sa_recon - INFO - Starting recon of 0x5000e8
2023-04-19 01:19:14,433 - arbiter.master_chief.sa_recon - INFO - Starting recon of 0x5000f0
2023-04-19 01:19:14,433 - arbiter.master_chief.sa_recon - INFO - Starting recon of 0x5000f8
2023-04-19 01:19:14,433 - arbiter.master_chief.sa_recon - INFO - Starting recon of 0x500100
2023-04-19 01:19:14,433 - arbiter.master_chief.sa_recon - INFO - Starting recon of 0x500108
2023-04-19 01:19:14,433 - arbiter.master_chief.sa_recon - INFO - Starting recon of 0x500110
2023-04-19 01:19:14,433 - arbiter.master_chief.sa_recon - INFO - Starting recon of 0x500118
2023-04-19 01:19:14,433 - arbiter.master_chief.sa_recon - INFO - Starting recon of 0x500120
2023-04-19 01:19:14,433 - arbiter.master_chief.sa_recon - INFO - Starting recon of 0x500128
2023-04-19 01:19:14,433 - arbiter.master_chief.sa_recon - INFO - Starting recon of 0x500130
2023-04-19 01:19:14,433 - arbiter.master_chief.sa_recon - INFO - Starting recon of 0x500138
2023-04-19 01:19:14,433 - arbiter.master_chief.sa_recon - INFO - Starting recon of 0x500140
2023-04-19 01:19:14,433 - arbiter.master_chief.sa_recon - INFO - Starting recon of 0x500148
2023-04-19 01:19:14,433 - arbiter.master_chief.sa_recon - INFO - Starting recon of 0x500150
2023-04-19 01:19:14,433 - arbiter.master_chief.sa_recon - INFO - Starting recon of 0x500158
2023-04-19 01:19:14,434 - arbiter.master_chief.sa_recon - INFO - Starting recon of 0x500160
2023-04-19 01:19:14,434 - arbiter.master_chief.sa_recon - INFO - Starting recon of 0x500168
2023-04-19 01:19:14,434 - arbiter.master_chief.sa_recon - INFO - Starting recon of 0x500170
2023-04-19 01:19:14,434 - arbiter.master_chief.sa_recon - INFO - Starting recon of 0x500178
2023-04-19 01:19:14,434 - arbiter.master_chief.sa_recon - INFO - Starting recon of 0x500180
2023-04-19 01:19:14,434 - arbiter.master_chief.sa_recon - INFO - Starting recon of 0x500188
2023-04-19 01:19:14,434 - arbiter.master_chief.sa_recon - INFO - Starting recon of 0x500190
2023-04-19 01:19:14,434 - arbiter.master_chief.sa_recon - INFO - Starting recon of 0x500198
2023-04-19 01:19:14,434 - arbiter.master_chief.sa_recon - INFO - Starting recon of 0x5001a0
2023-04-19 01:19:14,434 - arbiter.master_chief.sa_recon - INFO - Starting recon of 0x5001a8
2023-04-19 01:19:14,434 - arbiter.master_chief.sa_recon - INFO - Starting recon of 0x5001b0
2023-04-19 01:19:14,434 - arbiter.master_chief.sa_recon - INFO - Starting recon of 0x5001b8
2023-04-19 01:19:14,434 - arbiter.master_chief.sa_recon - INFO - Starting recon of 0x5001c0
2023-04-19 01:19:14,434 - arbiter.master_chief.sa_recon - INFO - Starting recon of 0x5001c8
2023-04-19 01:19:14,434 - arbiter.master_chief.sa_recon - INFO - Starting recon of 0x5001d0
2023-04-19 01:19:14,434 - arbiter.master_chief.sa_recon - INFO - Starting recon of 0x5001d8
2023-04-19 01:19:14,434 - arbiter.master_chief.sa_recon - INFO - Starting recon of 0x5001e0
2023-04-19 01:19:14,434 - arbiter.master_chief.sa_recon - INFO - Starting recon of 0x5001e8
2023-04-19 01:19:14,434 - arbiter.master_chief.sa_recon - INFO - Starting recon of 0x5001f0
2023-04-19 01:19:14,434 - arbiter.master_chief.sa_recon - INFO - Starting recon of 0x5001f8
2023-04-19 01:19:14,434 - arbiter.master_chief.sa_recon - INFO - Starting recon of 0x500200
2023-04-19 01:19:14,434 - arbiter.master_chief.sa_recon - INFO - Starting recon of 0x500208
2023-04-19 01:19:14,434 - arbiter.master_chief.sa_recon - INFO - Starting recon of 0x500210
2023-04-19 01:19:14,435 - arbiter.master_chief.sa_recon - INFO - Starting recon of 0x500218
2023-04-19 01:19:14,435 - arbiter.master_chief.sa_recon - INFO - Starting recon of 0x500220
2023-04-19 01:19:14,435 - arbiter.master_chief.sa_recon - INFO - Starting recon of 0x500228
2023-04-19 01:19:14,435 - arbiter.master_chief.sa_recon - INFO - Starting recon of 0x500230
2023-04-19 01:19:14,435 - arbiter.master_chief.sa_recon - INFO - Starting recon of 0x500238
2023-04-19 01:19:14,435 - arbiter.master_chief.sa_recon - INFO - Starting recon of 0x500240
2023-04-19 01:19:14,435 - arbiter.master_chief.sa_recon - INFO - Starting recon of 0x500248
2023-04-19 01:19:14,435 - arbiter.master_chief.sa_recon - INFO - Starting recon of 0x601050
2023-04-19 01:19:14,435 - arbiter.master_chief.sa_recon - INFO - Starting recon of 0x601058
2023-04-19 01:19:14,436 - arbiter.master_chief.sa_advanced - DEBUG - Analysis of function @ 0x403680
2023-04-19 01:19:14,436 - arbiter.master_chief.sa_advanced - DEBUG - Creating CFGEmulated for function @ 0x403680
2023-04-19 01:19:16,905 - arbiter.master_chief.sa_advanced - DEBUG - Creating DDG for function @ 0x403680 (call_depth=1)
2023-04-19 01:19:18,669 - arbiter.master_chief.sa_advanced - DEBUG - Creating CDG for function @ 0x403680
2023-04-19 01:19:18,690 - arbiter.master_chief.sa_advanced - DEBUG - Starting back tracking for 0x4038d4
2023-04-19 01:19:18,691 - arbiter.master_chief.sa_advanced - INFO - 1 sinks in function @ 0x403680
2023-04-19 01:19:18,692 - arbiter.master_chief.sa_advanced - DEBUG - Analysis of function @ 0x407cc0
2023-04-19 01:19:18,692 - arbiter.master_chief.sa_advanced - DEBUG - Creating CFGEmulated for function @ 0x407cc0
2023-04-19 01:19:19,079 - arbiter.master_chief.sa_advanced - DEBUG - Creating DDG for function @ 0x407cc0 (call_depth=1)
2023-04-19 01:19:19,105 - arbiter.master_chief.sa_advanced - DEBUG - Creating CDG for function @ 0x407cc0
2023-04-19 01:19:19,107 - arbiter.master_chief.sa_advanced - DEBUG - Starting back tracking for 0x407cfc
2023-04-19 01:19:19,113 - arbiter.master_chief.sa_advanced - INFO - 1 sinks in function @ 0x407cc0
2023-04-19 01:19:19,114 - arbiter.master_chief.sa_advanced - DEBUG - Analysis of function @ 0x407e60
2023-04-19 01:19:19,114 - arbiter.master_chief.sa_advanced - DEBUG - Creating CFGEmulated for function @ 0x407e60
2023-04-19 01:19:19,722 - arbiter.master_chief.sa_advanced - DEBUG - Creating DDG for function @ 0x407e60 (call_depth=1)
2023-04-19 01:19:20,215 - arbiter.master_chief.sa_advanced - DEBUG - Creating CDG for function @ 0x407e60
2023-04-19 01:19:20,223 - arbiter.master_chief.sa_advanced - DEBUG - Starting back tracking for 0x407f17
2023-04-19 01:19:20,399 - arbiter.master_chief.sa_advanced - INFO - 1 sinks in function @ 0x407e60
2023-04-19 01:19:20,400 - arbiter.master_chief.sa_advanced - DEBUG - Analysis of function @ 0x4090c0
2023-04-19 01:19:20,400 - arbiter.master_chief.sa_advanced - DEBUG - Creating CFGEmulated for function @ 0x4090c0
2023-04-19 01:19:20,865 - arbiter.master_chief.sa_advanced - DEBUG - Creating DDG for function @ 0x4090c0 (call_depth=1)
2023-04-19 01:19:21,523 - arbiter.master_chief.sa_advanced - DEBUG - Creating CDG for function @ 0x4090c0
2023-04-19 01:19:21,530 - arbiter.master_chief.sa_advanced - DEBUG - Starting back tracking for 0x409191
2023-04-19 01:19:21,567 - arbiter.master_chief.sa_advanced - INFO - 1 sinks in function @ 0x4090c0
2023-04-19 01:19:21,567 - arbiter.master_chief.sa_advanced - DEBUG - Analysis of function @ 0x409250
2023-04-19 01:19:21,567 - arbiter.master_chief.sa_advanced - DEBUG - Creating CFGEmulated for function @ 0x409250
2023-04-19 01:19:24,851 - arbiter.master_chief.sa_advanced - DEBUG - Creating DDG for function @ 0x409250 (call_depth=1)
2023-04-19 01:19:27,356 - arbiter.master_chief.sa_advanced - DEBUG - Creating CDG for function @ 0x409250
2023-04-19 01:19:27,831 - arbiter.master_chief.sa_advanced - DEBUG - Starting back tracking for 0x409380
2023-04-19 01:19:27,949 - arbiter.master_chief.sa_advanced - ERROR - Got constant value
2023-04-19 01:19:27,949 - arbiter.master_chief.sa_advanced - INFO - No valid sinks in function @ 0x409250
2023-04-19 01:19:27,951 - arbiter.master_chief.sa_advanced - DEBUG - Analysis of function @ 0x4099e0
2023-04-19 01:19:27,951 - arbiter.master_chief.sa_advanced - DEBUG - Creating CFGEmulated for function @ 0x4099e0
2023-04-19 01:19:28,280 - arbiter.master_chief.sa_advanced - DEBUG - Creating DDG for function @ 0x4099e0 (call_depth=1)
2023-04-19 01:19:28,384 - arbiter.master_chief.sa_advanced - DEBUG - Creating CDG for function @ 0x4099e0
2023-04-19 01:19:28,387 - arbiter.master_chief.sa_advanced - DEBUG - Starting back tracking for 0x409a82
2023-04-19 01:19:28,387 - arbiter.master_chief.sa_advanced - INFO - 1 sinks in function @ 0x4099e0
2023-04-19 01:19:28,390 - arbiter.master_chief.symbolic_execution - DEBUG - Creating checkpoint states for sub_403680
2023-04-19 01:19:28,390 - arbiter.master_chief.symbolic_execution - DEBUG - No checkpoint present
2023-04-19 01:19:28,390 - arbiter.master_chief.symbolic_execution - DEBUG - Creating checkpoint states for sub_407cc0
2023-04-19 01:19:28,390 - arbiter.master_chief.symbolic_execution - DEBUG - No checkpoint present
2023-04-19 01:19:28,390 - arbiter.master_chief.symbolic_execution - DEBUG - Creating checkpoint states for sub_407e60
2023-04-19 01:19:28,390 - arbiter.master_chief.symbolic_execution - DEBUG - No checkpoint present
2023-04-19 01:19:28,391 - arbiter.master_chief.symbolic_execution - DEBUG - Creating checkpoint states for fts_close
2023-04-19 01:19:28,391 - arbiter.master_chief.symbolic_execution - DEBUG - No checkpoint present
2023-04-19 01:19:28,391 - arbiter.master_chief.symbolic_execution - DEBUG - Creating checkpoint states for fts_children
2023-04-19 01:19:28,391 - arbiter.master_chief.symbolic_execution - DEBUG - No checkpoint present
