2023-04-16 08:01:36,877 - arbiter.master_chief.sa_recon - DEBUG - Creating CFG
2023-04-16 08:01:36,997 - arbiter.master_chief.sa_recon - INFO - Starting recon of 0x401000
2023-04-16 08:01:36,997 - arbiter.master_chief.sa_recon - INFO - Starting recon of 0x401020
2023-04-16 08:01:36,997 - arbiter.master_chief.sa_recon - INFO - Starting recon of 0x40102d
2023-04-16 08:01:36,997 - arbiter.master_chief.sa_recon - INFO - Starting recon of 0x401030
2023-04-16 08:01:36,997 - arbiter.master_chief.sa_recon - INFO - Starting recon of 0x40103f
2023-04-16 08:01:36,997 - arbiter.master_chief.sa_recon - INFO - Starting recon of 0x401040
2023-04-16 08:01:36,997 - arbiter.master_chief.sa_recon - INFO - Starting recon of 0x40104f
2023-04-16 08:01:36,997 - arbiter.master_chief.sa_recon - INFO - Starting recon of 0x401050
2023-04-16 08:01:36,997 - arbiter.master_chief.sa_recon - INFO - Starting recon of 0x40105f
2023-04-16 08:01:36,998 - arbiter.master_chief.sa_recon - INFO - Starting recon of 0x401060
2023-04-16 08:01:36,998 - arbiter.master_chief.sa_recon - INFO - Starting recon of 0x401070
2023-04-16 08:01:36,998 - arbiter.master_chief.sa_recon - INFO - Starting recon of 0x401080
2023-04-16 08:01:36,998 - arbiter.master_chief.sa_recon - INFO - Starting recon of 0x401090
2023-04-16 08:01:36,998 - arbiter.master_chief.sa_recon - INFO - Starting recon of 0x4010a0
2023-04-16 08:01:36,998 - arbiter.master_chief.sa_recon - INFO - Starting recon of 0x4010ce
2023-04-16 08:01:36,998 - arbiter.master_chief.sa_recon - INFO - Starting recon of 0x4010cf
2023-04-16 08:01:36,998 - arbiter.master_chief.sa_recon - INFO - Starting recon of 0x4010d0
2023-04-16 08:01:36,999 - arbiter.master_chief.sa_recon - INFO - Starting recon of 0x4010f9
2023-04-16 08:01:36,999 - arbiter.master_chief.sa_recon - INFO - Starting recon of 0x401100
2023-04-16 08:01:36,999 - arbiter.master_chief.sa_recon - INFO - Starting recon of 0x401139
2023-04-16 08:01:36,999 - arbiter.master_chief.sa_recon - INFO - Starting recon of 0x401140
2023-04-16 08:01:36,999 - arbiter.master_chief.sa_recon - INFO - Starting recon of 0x401175
2023-04-16 08:01:36,999 - arbiter.master_chief.sa_recon - INFO - Starting recon of 0x401179
2023-04-16 08:01:36,999 - arbiter.master_chief.sa_recon - INFO - Starting recon of 0x401180
2023-04-16 08:01:36,999 - arbiter.master_chief.sa_recon - INFO - Starting recon of 0x401189
2023-04-16 08:01:37,000 - arbiter.master_chief.sa_recon - DEBUG - Adding target function main:0x401189
2023-04-16 08:01:37,000 - arbiter.master_chief.sa_recon - INFO - Starting recon of 0x4011f6
2023-04-16 08:01:37,000 - arbiter.master_chief.sa_recon - INFO - Starting recon of 0x401200
2023-04-16 08:01:37,000 - arbiter.master_chief.sa_recon - INFO - Starting recon of 0x401265
2023-04-16 08:01:37,000 - arbiter.master_chief.sa_recon - INFO - Starting recon of 0x401270
2023-04-16 08:01:37,000 - arbiter.master_chief.sa_recon - INFO - Starting recon of 0x401278
2023-04-16 08:01:37,000 - arbiter.master_chief.sa_recon - INFO - Starting recon of 0x500000
2023-04-16 08:01:37,001 - arbiter.master_chief.sa_recon - INFO - Starting recon of 0x500008
2023-04-16 08:01:37,001 - arbiter.master_chief.sa_recon - INFO - Starting recon of 0x500010
2023-04-16 08:01:37,001 - arbiter.master_chief.sa_recon - INFO - Starting recon of 0x500018
2023-04-16 08:01:37,001 - arbiter.master_chief.sa_recon - INFO - Starting recon of 0x601050
2023-04-16 08:01:37,001 - arbiter.master_chief.sa_recon - INFO - Starting recon of 0x601058
2023-04-16 08:01:37,002 - arbiter.master_chief.sa_advanced - DEBUG - Analysis of function @ 0x401189
2023-04-16 08:01:37,002 - arbiter.master_chief.sa_advanced - DEBUG - Creating CFGEmulated for function @ 0x401189
2023-04-16 08:01:37,039 - arbiter.master_chief.sa_advanced - DEBUG - Creating DDG for function @ 0x401189 (call_depth=1)
2023-04-16 08:01:37,046 - arbiter.master_chief.sa_advanced - DEBUG - Creating CDG for function @ 0x401189
2023-04-16 08:01:37,047 - arbiter.master_chief.sa_advanced - DEBUG - Starting back tracking for 0x401189
2023-04-16 08:01:37,048 - arbiter.master_chief.sa_advanced - INFO - Found source at arg num : 1
2023-04-16 08:01:37,048 - arbiter.master_chief.sa_advanced - DEBUG - Starting back tracking for 0x4011af
2023-04-16 08:01:37,049 - arbiter.master_chief.sa_advanced - ERROR - Got constant value
2023-04-16 08:01:37,049 - arbiter.master_chief.sa_advanced - DEBUG - Starting back tracking for 0x4011bd
2023-04-16 08:01:37,049 - arbiter.master_chief.sa_advanced - ERROR - Got constant value
2023-04-16 08:01:37,049 - arbiter.master_chief.sa_advanced - DEBUG - Starting back tracking for 0x4011d0
2023-04-16 08:01:37,051 - arbiter.master_chief.sa_advanced - INFO - 2 sinks in function @ 0x401189
2023-04-16 08:01:37,052 - arbiter.master_chief.symbolic_execution - DEBUG - Creating initial state for main
2023-04-16 08:01:37,056 - arbiter.master_chief.symbolic_execution - INFO - Starting exploration 0x401189 => 0x401189
2023-04-16 08:01:37,056 - arbiter.master_chief.symbolic_execution - DEBUG - Watchdog started, waiting for 300s
2023-04-16 08:01:37,072 - arbiter.master_chief.symbolic_execution - DEBUG - Found 1 paths; No active paths
2023-04-16 08:01:37,075 - arbiter.master_chief.symbolic_execution - INFO - Applying constraints for sink : malloc
2023-04-16 08:01:37,078 - arbiter.master_chief.symbolic_execution - DEBUG - Max used bit : 32
2023-04-16 08:01:37,131 - arbiter.master_chief.symbolic_execution - INFO - Satisfied state : 0x3d0980
2023-04-16 08:01:37,131 - arbiter.master_chief.symbolic_execution - DEBUG - Waiting for watchdog to join
2023-04-16 08:01:37,132 - arbiter.master_chief.symbolic_execution - DEBUG - Creating initial state for main
2023-04-16 08:01:37,136 - arbiter.master_chief.symbolic_execution - INFO - Starting exploration 0x401189 => 0x4011d0
2023-04-16 08:01:37,136 - arbiter.master_chief.symbolic_execution - DEBUG - Watchdog started, waiting for 300s
2023-04-16 08:01:37,316 - arbiter.master_chief.symbolic_execution - DEBUG - Found 1 paths; No active paths
2023-04-16 08:01:37,321 - arbiter.master_chief.symbolic_execution - INFO - Applying constraints for sink : realloc
2023-04-16 08:01:37,323 - arbiter.master_chief.symbolic_execution - DEBUG - Max used bit : 32
2023-04-16 08:01:37,364 - arbiter.master_chief.symbolic_execution - INFO - Satisfied state : 0x1e84c0
2023-04-16 08:01:37,364 - arbiter.master_chief.symbolic_execution - DEBUG - Waiting for watchdog to join
2023-04-16 08:03:45,655 - arbiter.master_chief.sa_recon - DEBUG - Creating CFG
2023-04-16 08:03:45,766 - arbiter.master_chief.sa_recon - INFO - Starting recon of 0x401000
2023-04-16 08:03:45,766 - arbiter.master_chief.sa_recon - INFO - Starting recon of 0x401020
2023-04-16 08:03:45,766 - arbiter.master_chief.sa_recon - INFO - Starting recon of 0x40102d
2023-04-16 08:03:45,766 - arbiter.master_chief.sa_recon - INFO - Starting recon of 0x401030
2023-04-16 08:03:45,766 - arbiter.master_chief.sa_recon - INFO - Starting recon of 0x40103f
2023-04-16 08:03:45,766 - arbiter.master_chief.sa_recon - INFO - Starting recon of 0x401040
2023-04-16 08:03:45,766 - arbiter.master_chief.sa_recon - INFO - Starting recon of 0x40104f
2023-04-16 08:03:45,766 - arbiter.master_chief.sa_recon - INFO - Starting recon of 0x401050
2023-04-16 08:03:45,767 - arbiter.master_chief.sa_recon - INFO - Starting recon of 0x40105f
2023-04-16 08:03:45,767 - arbiter.master_chief.sa_recon - INFO - Starting recon of 0x401060
2023-04-16 08:03:45,767 - arbiter.master_chief.sa_recon - INFO - Starting recon of 0x401070
2023-04-16 08:03:45,767 - arbiter.master_chief.sa_recon - INFO - Starting recon of 0x401080
2023-04-16 08:03:45,767 - arbiter.master_chief.sa_recon - INFO - Starting recon of 0x401090
2023-04-16 08:03:45,767 - arbiter.master_chief.sa_recon - INFO - Starting recon of 0x4010a0
2023-04-16 08:03:45,767 - arbiter.master_chief.sa_recon - INFO - Starting recon of 0x4010ce
2023-04-16 08:03:45,767 - arbiter.master_chief.sa_recon - INFO - Starting recon of 0x4010cf
2023-04-16 08:03:45,767 - arbiter.master_chief.sa_recon - INFO - Starting recon of 0x4010d0
2023-04-16 08:03:45,767 - arbiter.master_chief.sa_recon - INFO - Starting recon of 0x4010f9
2023-04-16 08:03:45,767 - arbiter.master_chief.sa_recon - INFO - Starting recon of 0x401100
2023-04-16 08:03:45,768 - arbiter.master_chief.sa_recon - INFO - Starting recon of 0x401139
2023-04-16 08:03:45,768 - arbiter.master_chief.sa_recon - INFO - Starting recon of 0x401140
2023-04-16 08:03:45,768 - arbiter.master_chief.sa_recon - INFO - Starting recon of 0x401175
2023-04-16 08:03:45,768 - arbiter.master_chief.sa_recon - INFO - Starting recon of 0x401179
2023-04-16 08:03:45,768 - arbiter.master_chief.sa_recon - INFO - Starting recon of 0x401180
2023-04-16 08:03:45,768 - arbiter.master_chief.sa_recon - INFO - Starting recon of 0x401189
2023-04-16 08:03:45,768 - arbiter.master_chief.sa_recon - DEBUG - Adding target function main:0x401189
2023-04-16 08:03:45,768 - arbiter.master_chief.sa_recon - INFO - Starting recon of 0x4011f6
2023-04-16 08:03:45,768 - arbiter.master_chief.sa_recon - INFO - Starting recon of 0x401200
2023-04-16 08:03:45,768 - arbiter.master_chief.sa_recon - INFO - Starting recon of 0x401265
2023-04-16 08:03:45,769 - arbiter.master_chief.sa_recon - INFO - Starting recon of 0x401270
2023-04-16 08:03:45,769 - arbiter.master_chief.sa_recon - INFO - Starting recon of 0x401278
2023-04-16 08:03:45,769 - arbiter.master_chief.sa_recon - INFO - Starting recon of 0x500000
2023-04-16 08:03:45,769 - arbiter.master_chief.sa_recon - INFO - Starting recon of 0x500008
2023-04-16 08:03:45,769 - arbiter.master_chief.sa_recon - INFO - Starting recon of 0x500010
2023-04-16 08:03:45,769 - arbiter.master_chief.sa_recon - INFO - Starting recon of 0x500018
2023-04-16 08:03:45,769 - arbiter.master_chief.sa_recon - INFO - Starting recon of 0x601050
2023-04-16 08:03:45,769 - arbiter.master_chief.sa_recon - INFO - Starting recon of 0x601058
2023-04-16 08:03:45,770 - arbiter.master_chief.sa_advanced - DEBUG - Analysis of function @ 0x401189
2023-04-16 08:03:45,770 - arbiter.master_chief.sa_advanced - DEBUG - Creating CFGEmulated for function @ 0x401189
2023-04-16 08:03:45,803 - arbiter.master_chief.sa_advanced - DEBUG - Creating DDG for function @ 0x401189 (call_depth=1)
2023-04-16 08:03:45,810 - arbiter.master_chief.sa_advanced - DEBUG - Creating CDG for function @ 0x401189
2023-04-16 08:03:45,811 - arbiter.master_chief.sa_advanced - DEBUG - Starting back tracking for 0x401189
2023-04-16 08:03:45,812 - arbiter.master_chief.sa_advanced - INFO - Found source at arg num : 1
2023-04-16 08:03:45,812 - arbiter.master_chief.sa_advanced - DEBUG - Starting back tracking for 0x4011af
2023-04-16 08:03:45,812 - arbiter.master_chief.sa_advanced - ERROR - Got constant value
2023-04-16 08:03:45,812 - arbiter.master_chief.sa_advanced - DEBUG - Starting back tracking for 0x4011bd
2023-04-16 08:03:45,813 - arbiter.master_chief.sa_advanced - ERROR - Got constant value
2023-04-16 08:03:45,813 - arbiter.master_chief.sa_advanced - DEBUG - Starting back tracking for 0x4011d0
2023-04-16 08:03:45,814 - arbiter.master_chief.sa_advanced - INFO - 2 sinks in function @ 0x401189
2023-04-16 08:03:45,815 - arbiter.master_chief.symbolic_execution - DEBUG - Creating initial state for main
2023-04-16 08:03:45,818 - arbiter.master_chief.symbolic_execution - INFO - Starting exploration 0x401189 => 0x401189
2023-04-16 08:03:45,819 - arbiter.master_chief.symbolic_execution - DEBUG - Watchdog started, waiting for 300s
2023-04-16 08:03:45,834 - arbiter.master_chief.symbolic_execution - DEBUG - Found 1 paths; No active paths
2023-04-16 08:03:45,837 - arbiter.master_chief.symbolic_execution - INFO - Applying constraints for sink : malloc
2023-04-16 08:03:45,837 - arbiter.master_chief.symbolic_execution - DEBUG - Max used bit : 64
2023-04-16 08:03:45,874 - arbiter.master_chief.symbolic_execution - INFO - Satisfied state : 0x3d0980
2023-04-16 08:03:45,875 - arbiter.master_chief.symbolic_execution - DEBUG - Waiting for watchdog to join
2023-04-16 08:03:45,875 - arbiter.master_chief.symbolic_execution - DEBUG - Creating initial state for main
2023-04-16 08:03:45,879 - arbiter.master_chief.symbolic_execution - INFO - Starting exploration 0x401189 => 0x4011d0
2023-04-16 08:03:45,879 - arbiter.master_chief.symbolic_execution - DEBUG - Watchdog started, waiting for 300s
2023-04-16 08:03:46,054 - arbiter.master_chief.symbolic_execution - DEBUG - Found 1 paths; No active paths
2023-04-16 08:03:46,059 - arbiter.master_chief.symbolic_execution - INFO - Applying constraints for sink : realloc
2023-04-16 08:03:46,061 - arbiter.master_chief.symbolic_execution - DEBUG - Max used bit : 32
2023-04-16 08:03:46,096 - arbiter.master_chief.symbolic_execution - INFO - Satisfied state : 0x1e84a0
2023-04-16 08:03:46,096 - arbiter.master_chief.symbolic_execution - DEBUG - Waiting for watchdog to join
