2023-03-03 13:01:43,547 - arbiter.master_chief.sa_recon - DEBUG - Creating CFG
2023-03-03 13:01:43,654 - arbiter.master_chief.sa_recon - INFO - Starting recon of 0x401000
2023-03-03 13:01:43,654 - arbiter.master_chief.sa_recon - INFO - Starting recon of 0x401020
2023-03-03 13:01:43,654 - arbiter.master_chief.sa_recon - INFO - Starting recon of 0x40102d
2023-03-03 13:01:43,654 - arbiter.master_chief.sa_recon - INFO - Starting recon of 0x401030
2023-03-03 13:01:43,654 - arbiter.master_chief.sa_recon - INFO - Starting recon of 0x40103f
2023-03-03 13:01:43,654 - arbiter.master_chief.sa_recon - INFO - Starting recon of 0x401040
2023-03-03 13:01:43,655 - arbiter.master_chief.sa_recon - INFO - Starting recon of 0x40104f
2023-03-03 13:01:43,655 - arbiter.master_chief.sa_recon - INFO - Starting recon of 0x401050
2023-03-03 13:01:43,655 - arbiter.master_chief.sa_recon - INFO - Starting recon of 0x40105f
2023-03-03 13:01:43,655 - arbiter.master_chief.sa_recon - INFO - Starting recon of 0x401060
2023-03-03 13:01:43,655 - arbiter.master_chief.sa_recon - INFO - Starting recon of 0x401070
2023-03-03 13:01:43,655 - arbiter.master_chief.sa_recon - INFO - Starting recon of 0x401080
2023-03-03 13:01:43,655 - arbiter.master_chief.sa_recon - INFO - Starting recon of 0x401090
2023-03-03 13:01:43,655 - arbiter.master_chief.sa_recon - INFO - Starting recon of 0x4010a0
2023-03-03 13:01:43,655 - arbiter.master_chief.sa_recon - INFO - Starting recon of 0x4010ce
2023-03-03 13:01:43,655 - arbiter.master_chief.sa_recon - INFO - Starting recon of 0x4010cf
2023-03-03 13:01:43,656 - arbiter.master_chief.sa_recon - INFO - Starting recon of 0x4010d0
2023-03-03 13:01:43,656 - arbiter.master_chief.sa_recon - INFO - Starting recon of 0x4010f9
2023-03-03 13:01:43,656 - arbiter.master_chief.sa_recon - INFO - Starting recon of 0x401100
2023-03-03 13:01:43,656 - arbiter.master_chief.sa_recon - INFO - Starting recon of 0x401139
2023-03-03 13:01:43,656 - arbiter.master_chief.sa_recon - INFO - Starting recon of 0x401140
2023-03-03 13:01:43,656 - arbiter.master_chief.sa_recon - INFO - Starting recon of 0x401175
2023-03-03 13:01:43,656 - arbiter.master_chief.sa_recon - INFO - Starting recon of 0x401179
2023-03-03 13:01:43,656 - arbiter.master_chief.sa_recon - INFO - Starting recon of 0x401180
2023-03-03 13:01:43,656 - arbiter.master_chief.sa_recon - INFO - Starting recon of 0x401189
2023-03-03 13:01:43,657 - arbiter.master_chief.sa_recon - DEBUG - Adding target function main:0x401189
2023-03-03 13:01:43,657 - arbiter.master_chief.sa_recon - INFO - Starting recon of 0x401293
2023-03-03 13:01:43,657 - arbiter.master_chief.sa_recon - INFO - Starting recon of 0x4012a0
2023-03-03 13:01:43,657 - arbiter.master_chief.sa_recon - INFO - Starting recon of 0x401305
2023-03-03 13:01:43,657 - arbiter.master_chief.sa_recon - INFO - Starting recon of 0x401310
2023-03-03 13:01:43,657 - arbiter.master_chief.sa_recon - INFO - Starting recon of 0x401318
2023-03-03 13:01:43,657 - arbiter.master_chief.sa_recon - INFO - Starting recon of 0x500000
2023-03-03 13:01:43,657 - arbiter.master_chief.sa_recon - INFO - Starting recon of 0x500008
2023-03-03 13:01:43,657 - arbiter.master_chief.sa_recon - INFO - Starting recon of 0x500010
2023-03-03 13:01:43,657 - arbiter.master_chief.sa_recon - INFO - Starting recon of 0x500018
2023-03-03 13:01:43,657 - arbiter.master_chief.sa_recon - INFO - Starting recon of 0x601050
2023-03-03 13:01:43,658 - arbiter.master_chief.sa_recon - INFO - Starting recon of 0x601058
2023-03-03 13:01:43,658 - arbiter.master_chief.sa_advanced - DEBUG - Analysis of function @ 0x401189
2023-03-03 13:01:43,659 - arbiter.master_chief.sa_advanced - DEBUG - Creating CFGEmulated for function @ 0x401189
2023-03-03 13:01:43,748 - arbiter.master_chief.sa_advanced - DEBUG - Creating DDG for function @ 0x401189 (call_depth=1)
2023-03-03 13:01:43,767 - arbiter.master_chief.sa_advanced - DEBUG - Creating CDG for function @ 0x401189
2023-03-03 13:01:43,768 - arbiter.master_chief.sa_advanced - DEBUG - Starting back tracking for 0x40119f
2023-03-03 13:01:43,769 - arbiter.master_chief.sa_advanced - ERROR - Got constant value
2023-03-03 13:01:43,769 - arbiter.master_chief.sa_advanced - DEBUG - Starting back tracking for 0x401268
2023-03-03 13:01:43,770 - arbiter.master_chief.sa_advanced - ERROR - Got constant value
2023-03-03 13:01:43,770 - arbiter.master_chief.sa_advanced - INFO - No valid sinks in function @ 0x401189
2023-03-03 13:02:08,141 - arbiter.master_chief.sa_recon - DEBUG - Creating CFG
2023-03-03 13:02:08,201 - arbiter.master_chief.sa_recon - INFO - Starting recon of 0x401000
2023-03-03 13:02:08,201 - arbiter.master_chief.sa_recon - INFO - Starting recon of 0x401020
2023-03-03 13:02:08,201 - arbiter.master_chief.sa_recon - INFO - Starting recon of 0x40102d
2023-03-03 13:02:08,201 - arbiter.master_chief.sa_recon - INFO - Starting recon of 0x401030
2023-03-03 13:02:08,201 - arbiter.master_chief.sa_recon - INFO - Starting recon of 0x40103f
2023-03-03 13:02:08,201 - arbiter.master_chief.sa_recon - INFO - Starting recon of 0x401040
2023-03-03 13:02:08,201 - arbiter.master_chief.sa_recon - INFO - Starting recon of 0x40104f
2023-03-03 13:02:08,201 - arbiter.master_chief.sa_recon - INFO - Starting recon of 0x401050
2023-03-03 13:02:08,201 - arbiter.master_chief.sa_recon - INFO - Starting recon of 0x40105f
2023-03-03 13:02:08,201 - arbiter.master_chief.sa_recon - INFO - Starting recon of 0x401060
2023-03-03 13:02:08,201 - arbiter.master_chief.sa_recon - INFO - Starting recon of 0x401070
2023-03-03 13:02:08,201 - arbiter.master_chief.sa_recon - INFO - Starting recon of 0x401080
2023-03-03 13:02:08,201 - arbiter.master_chief.sa_recon - INFO - Starting recon of 0x401090
2023-03-03 13:02:08,201 - arbiter.master_chief.sa_recon - INFO - Starting recon of 0x4010a0
2023-03-03 13:02:08,202 - arbiter.master_chief.sa_recon - INFO - Starting recon of 0x4010ce
2023-03-03 13:02:08,202 - arbiter.master_chief.sa_recon - INFO - Starting recon of 0x4010cf
2023-03-03 13:02:08,202 - arbiter.master_chief.sa_recon - INFO - Starting recon of 0x4010d0
2023-03-03 13:02:08,202 - arbiter.master_chief.sa_recon - INFO - Starting recon of 0x4010f9
2023-03-03 13:02:08,202 - arbiter.master_chief.sa_recon - INFO - Starting recon of 0x401100
2023-03-03 13:02:08,202 - arbiter.master_chief.sa_recon - INFO - Starting recon of 0x401139
2023-03-03 13:02:08,202 - arbiter.master_chief.sa_recon - INFO - Starting recon of 0x401140
2023-03-03 13:02:08,202 - arbiter.master_chief.sa_recon - INFO - Starting recon of 0x401175
2023-03-03 13:02:08,202 - arbiter.master_chief.sa_recon - INFO - Starting recon of 0x401179
2023-03-03 13:02:08,202 - arbiter.master_chief.sa_recon - INFO - Starting recon of 0x401180
2023-03-03 13:02:08,202 - arbiter.master_chief.sa_recon - INFO - Starting recon of 0x401189
2023-03-03 13:02:08,202 - arbiter.master_chief.sa_recon - DEBUG - Adding target function main:0x401189
2023-03-03 13:02:08,202 - arbiter.master_chief.sa_recon - INFO - Starting recon of 0x401293
2023-03-03 13:02:08,202 - arbiter.master_chief.sa_recon - INFO - Starting recon of 0x4012a0
2023-03-03 13:02:08,202 - arbiter.master_chief.sa_recon - INFO - Starting recon of 0x401305
2023-03-03 13:02:08,202 - arbiter.master_chief.sa_recon - INFO - Starting recon of 0x401310
2023-03-03 13:02:08,203 - arbiter.master_chief.sa_recon - INFO - Starting recon of 0x401318
2023-03-03 13:02:08,203 - arbiter.master_chief.sa_recon - INFO - Starting recon of 0x500000
2023-03-03 13:02:08,203 - arbiter.master_chief.sa_recon - INFO - Starting recon of 0x500008
2023-03-03 13:02:08,203 - arbiter.master_chief.sa_recon - INFO - Starting recon of 0x500010
2023-03-03 13:02:08,203 - arbiter.master_chief.sa_recon - INFO - Starting recon of 0x500018
2023-03-03 13:02:08,203 - arbiter.master_chief.sa_recon - INFO - Starting recon of 0x601050
2023-03-03 13:02:08,203 - arbiter.master_chief.sa_recon - INFO - Starting recon of 0x601058
2023-03-03 13:02:08,203 - arbiter.master_chief.sa_advanced - DEBUG - Analysis of function @ 0x401189
2023-03-03 13:02:08,204 - arbiter.master_chief.sa_advanced - DEBUG - Creating CFGEmulated for function @ 0x401189
2023-03-03 13:02:08,258 - arbiter.master_chief.sa_advanced - DEBUG - Creating DDG for function @ 0x401189 (call_depth=1)
2023-03-03 13:02:08,273 - arbiter.master_chief.sa_advanced - DEBUG - Creating CDG for function @ 0x401189
2023-03-03 13:02:08,274 - arbiter.master_chief.sa_advanced - DEBUG - Starting back tracking for 0x40119f
2023-03-03 13:02:08,274 - arbiter.master_chief.sa_advanced - ERROR - Got constant value
2023-03-03 13:02:08,274 - arbiter.master_chief.sa_advanced - DEBUG - Starting back tracking for 0x401268
2023-03-03 13:02:08,275 - arbiter.master_chief.sa_advanced - ERROR - Got constant value
2023-03-03 13:02:08,275 - arbiter.master_chief.sa_advanced - INFO - No valid sinks in function @ 0x401189
