2023-03-03 13:01:43,801 - arbiter.master_chief.sa_recon - DEBUG - Creating CFG
2023-03-03 13:01:44,039 - arbiter.master_chief.sa_recon - INFO - Starting recon of 0x401000
2023-03-03 13:01:44,040 - arbiter.master_chief.sa_recon - INFO - Starting recon of 0x401020
2023-03-03 13:01:44,040 - arbiter.master_chief.sa_recon - INFO - Starting recon of 0x40102d
2023-03-03 13:01:44,040 - arbiter.master_chief.sa_recon - INFO - Starting recon of 0x401030
2023-03-03 13:01:44,040 - arbiter.master_chief.sa_recon - INFO - Starting recon of 0x40103f
2023-03-03 13:01:44,040 - arbiter.master_chief.sa_recon - INFO - Starting recon of 0x401040
2023-03-03 13:01:44,040 - arbiter.master_chief.sa_recon - INFO - Starting recon of 0x40104f
2023-03-03 13:01:44,040 - arbiter.master_chief.sa_recon - INFO - Starting recon of 0x401050
2023-03-03 13:01:44,040 - arbiter.master_chief.sa_recon - INFO - Starting recon of 0x40105f
2023-03-03 13:01:44,040 - arbiter.master_chief.sa_recon - INFO - Starting recon of 0x401060
2023-03-03 13:01:44,040 - arbiter.master_chief.sa_recon - INFO - Starting recon of 0x401070
2023-03-03 13:01:44,040 - arbiter.master_chief.sa_recon - INFO - Starting recon of 0x401080
2023-03-03 13:01:44,040 - arbiter.master_chief.sa_recon - INFO - Starting recon of 0x401090
2023-03-03 13:01:44,041 - arbiter.master_chief.sa_recon - INFO - Starting recon of 0x4010a0
2023-03-03 13:01:44,041 - arbiter.master_chief.sa_recon - INFO - Starting recon of 0x4010ce
2023-03-03 13:01:44,041 - arbiter.master_chief.sa_recon - INFO - Starting recon of 0x4010cf
2023-03-03 13:01:44,041 - arbiter.master_chief.sa_recon - INFO - Starting recon of 0x4010d0
2023-03-03 13:01:44,041 - arbiter.master_chief.sa_recon - INFO - Starting recon of 0x4010f9
2023-03-03 13:01:44,041 - arbiter.master_chief.sa_recon - INFO - Starting recon of 0x401100
2023-03-03 13:01:44,041 - arbiter.master_chief.sa_recon - INFO - Starting recon of 0x401139
2023-03-03 13:01:44,041 - arbiter.master_chief.sa_recon - INFO - Starting recon of 0x401140
2023-03-03 13:01:44,041 - arbiter.master_chief.sa_recon - INFO - Starting recon of 0x401175
2023-03-03 13:01:44,041 - arbiter.master_chief.sa_recon - INFO - Starting recon of 0x401179
2023-03-03 13:01:44,041 - arbiter.master_chief.sa_recon - INFO - Starting recon of 0x401180
2023-03-03 13:01:44,041 - arbiter.master_chief.sa_recon - INFO - Starting recon of 0x401189
2023-03-03 13:01:44,041 - arbiter.master_chief.sa_recon - DEBUG - Adding target function main:0x401189
2023-03-03 13:01:44,042 - arbiter.master_chief.sa_recon - INFO - Starting recon of 0x401293
2023-03-03 13:01:44,042 - arbiter.master_chief.sa_recon - INFO - Starting recon of 0x4012a0
2023-03-03 13:01:44,042 - arbiter.master_chief.sa_recon - INFO - Starting recon of 0x401305
2023-03-03 13:01:44,042 - arbiter.master_chief.sa_recon - INFO - Starting recon of 0x401310
2023-03-03 13:01:44,042 - arbiter.master_chief.sa_recon - INFO - Starting recon of 0x401318
2023-03-03 13:01:44,042 - arbiter.master_chief.sa_recon - INFO - Starting recon of 0x500000
2023-03-03 13:01:44,042 - arbiter.master_chief.sa_recon - INFO - Starting recon of 0x500008
2023-03-03 13:01:44,042 - arbiter.master_chief.sa_recon - INFO - Starting recon of 0x500010
2023-03-03 13:01:44,042 - arbiter.master_chief.sa_recon - INFO - Starting recon of 0x500018
2023-03-03 13:01:44,042 - arbiter.master_chief.sa_recon - INFO - Starting recon of 0x601050
2023-03-03 13:01:44,042 - arbiter.master_chief.sa_recon - INFO - Starting recon of 0x601058
2023-03-03 13:01:44,043 - arbiter.master_chief.sa_advanced - DEBUG - Analysis of function @ 0x401189
2023-03-03 13:01:44,044 - arbiter.master_chief.sa_advanced - DEBUG - Creating CFGEmulated for function @ 0x401189
2023-03-03 13:01:44,134 - arbiter.master_chief.sa_advanced - DEBUG - Creating DDG for function @ 0x401189 (call_depth=1)
2023-03-03 13:01:44,154 - arbiter.master_chief.sa_advanced - DEBUG - Creating CDG for function @ 0x401189
2023-03-03 13:01:44,156 - arbiter.master_chief.sa_advanced - DEBUG - Starting back tracking for 0x40125c
2023-03-03 13:01:44,158 - arbiter.master_chief.sa_advanced - DEBUG - Starting back tracking for 0x401280
2023-03-03 13:01:44,160 - arbiter.master_chief.sa_advanced - INFO - 2 sinks in function @ 0x401189
2023-03-03 13:01:44,161 - arbiter.master_chief.symbolic_execution - DEBUG - Creating checkpoint states for main
2023-03-03 13:01:44,161 - arbiter.master_chief.symbolic_execution - DEBUG - Adding checkpoint address malloc:0x40119f
2023-03-03 13:01:44,164 - arbiter.master_chief.symbolic_execution - DEBUG - Hooked checkpoint malloc
2023-03-03 13:01:44,164 - arbiter.master_chief.symbolic_execution - DEBUG - Created 1 states
2023-03-03 13:01:44,164 - arbiter.master_chief.symbolic_execution - INFO - Starting exploration 0x40119f => 0x40125c
2023-03-03 13:01:44,165 - arbiter.master_chief.symbolic_execution - DEBUG - Watchdog started, waiting for 300s
2023-03-03 13:01:49,615 - arbiter.master_chief.symbolic_execution - DEBUG - Found 1 paths; No active paths
2023-03-03 13:01:49,618 - arbiter.master_chief.symbolic_execution - INFO - Applying constraints for sink : free
2023-03-03 13:01:49,622 - arbiter.master_chief.symbolic_execution - DEBUG - Max used bit : 64
2023-03-03 13:01:49,622 - arbiter.master_chief.symbolic_execution - INFO - Satisfied state : 0xffffffffffffffff
2023-03-03 13:01:49,623 - arbiter.master_chief.symbolic_execution - DEBUG - Waiting for watchdog to join
2023-03-03 13:01:49,623 - arbiter.master_chief.symbolic_execution - DEBUG - Creating checkpoint states for main
2023-03-03 13:01:49,623 - arbiter.master_chief.symbolic_execution - DEBUG - Adding checkpoint address malloc:0x40119f
2023-03-03 13:01:49,625 - arbiter.master_chief.symbolic_execution - DEBUG - Created 1 states
2023-03-03 13:01:49,625 - arbiter.master_chief.symbolic_execution - INFO - Starting exploration 0x40119f => 0x401280
2023-03-03 13:01:49,625 - arbiter.master_chief.symbolic_execution - DEBUG - Watchdog started, waiting for 300s
2023-03-03 13:01:55,666 - arbiter.master_chief.symbolic_execution - DEBUG - Found 1 paths; No active paths
2023-03-03 13:01:55,669 - arbiter.master_chief.symbolic_execution - INFO - Applying constraints for sink : free
2023-03-03 13:01:55,673 - arbiter.master_chief.symbolic_execution - DEBUG - Max used bit : 64
2023-03-03 13:01:55,674 - arbiter.master_chief.symbolic_execution - INFO - Got Unsat
2023-03-03 13:01:55,674 - arbiter.master_chief.symbolic_execution - DEBUG - Found 1 paths
2023-03-03 13:01:55,677 - arbiter.master_chief.symbolic_execution - INFO - Applying constraints for sink : free
2023-03-03 13:01:55,681 - arbiter.master_chief.symbolic_execution - DEBUG - Max used bit : 64
2023-03-03 13:02:16,228 - arbiter.master_chief.sa_recon - DEBUG - Creating CFG
2023-03-03 13:02:16,341 - arbiter.master_chief.sa_recon - INFO - Starting recon of 0x401000
2023-03-03 13:02:16,341 - arbiter.master_chief.sa_recon - INFO - Starting recon of 0x401020
2023-03-03 13:02:16,341 - arbiter.master_chief.sa_recon - INFO - Starting recon of 0x40102d
2023-03-03 13:02:16,342 - arbiter.master_chief.sa_recon - INFO - Starting recon of 0x401030
2023-03-03 13:02:16,342 - arbiter.master_chief.sa_recon - INFO - Starting recon of 0x40103f
2023-03-03 13:02:16,342 - arbiter.master_chief.sa_recon - INFO - Starting recon of 0x401040
2023-03-03 13:02:16,342 - arbiter.master_chief.sa_recon - INFO - Starting recon of 0x40104f
2023-03-03 13:02:16,342 - arbiter.master_chief.sa_recon - INFO - Starting recon of 0x401050
2023-03-03 13:02:16,342 - arbiter.master_chief.sa_recon - INFO - Starting recon of 0x40105f
2023-03-03 13:02:16,342 - arbiter.master_chief.sa_recon - INFO - Starting recon of 0x401060
2023-03-03 13:02:16,342 - arbiter.master_chief.sa_recon - INFO - Starting recon of 0x401070
2023-03-03 13:02:16,342 - arbiter.master_chief.sa_recon - INFO - Starting recon of 0x401080
2023-03-03 13:02:16,342 - arbiter.master_chief.sa_recon - INFO - Starting recon of 0x401090
2023-03-03 13:02:16,342 - arbiter.master_chief.sa_recon - INFO - Starting recon of 0x4010a0
2023-03-03 13:02:16,342 - arbiter.master_chief.sa_recon - INFO - Starting recon of 0x4010ce
2023-03-03 13:02:16,342 - arbiter.master_chief.sa_recon - INFO - Starting recon of 0x4010cf
2023-03-03 13:02:16,342 - arbiter.master_chief.sa_recon - INFO - Starting recon of 0x4010d0
2023-03-03 13:02:16,342 - arbiter.master_chief.sa_recon - INFO - Starting recon of 0x4010f9
2023-03-03 13:02:16,343 - arbiter.master_chief.sa_recon - INFO - Starting recon of 0x401100
2023-03-03 13:02:16,343 - arbiter.master_chief.sa_recon - INFO - Starting recon of 0x401139
2023-03-03 13:02:16,343 - arbiter.master_chief.sa_recon - INFO - Starting recon of 0x401140
2023-03-03 13:02:16,343 - arbiter.master_chief.sa_recon - INFO - Starting recon of 0x401175
2023-03-03 13:02:16,343 - arbiter.master_chief.sa_recon - INFO - Starting recon of 0x401179
2023-03-03 13:02:16,343 - arbiter.master_chief.sa_recon - INFO - Starting recon of 0x401180
2023-03-03 13:02:16,343 - arbiter.master_chief.sa_recon - INFO - Starting recon of 0x401189
2023-03-03 13:02:16,343 - arbiter.master_chief.sa_recon - DEBUG - Adding target function main:0x401189
2023-03-03 13:02:16,343 - arbiter.master_chief.sa_recon - INFO - Starting recon of 0x401293
2023-03-03 13:02:16,343 - arbiter.master_chief.sa_recon - INFO - Starting recon of 0x4012a0
2023-03-03 13:02:16,343 - arbiter.master_chief.sa_recon - INFO - Starting recon of 0x401305
2023-03-03 13:02:16,343 - arbiter.master_chief.sa_recon - INFO - Starting recon of 0x401310
2023-03-03 13:02:16,343 - arbiter.master_chief.sa_recon - INFO - Starting recon of 0x401318
2023-03-03 13:02:16,343 - arbiter.master_chief.sa_recon - INFO - Starting recon of 0x500000
2023-03-03 13:02:16,344 - arbiter.master_chief.sa_recon - INFO - Starting recon of 0x500008
2023-03-03 13:02:16,344 - arbiter.master_chief.sa_recon - INFO - Starting recon of 0x500010
2023-03-03 13:02:16,344 - arbiter.master_chief.sa_recon - INFO - Starting recon of 0x500018
2023-03-03 13:02:16,344 - arbiter.master_chief.sa_recon - INFO - Starting recon of 0x601050
2023-03-03 13:02:16,344 - arbiter.master_chief.sa_recon - INFO - Starting recon of 0x601058
2023-03-03 13:02:16,344 - arbiter.master_chief.sa_advanced - DEBUG - Analysis of function @ 0x401189
2023-03-03 13:02:16,344 - arbiter.master_chief.sa_advanced - DEBUG - Creating CFGEmulated for function @ 0x401189
2023-03-03 13:02:16,398 - arbiter.master_chief.sa_advanced - DEBUG - Creating DDG for function @ 0x401189 (call_depth=1)
2023-03-03 13:02:16,413 - arbiter.master_chief.sa_advanced - DEBUG - Creating CDG for function @ 0x401189
2023-03-03 13:02:16,414 - arbiter.master_chief.sa_advanced - DEBUG - Starting back tracking for 0x40125c
2023-03-03 13:02:16,416 - arbiter.master_chief.sa_advanced - DEBUG - Starting back tracking for 0x401280
2023-03-03 13:02:16,417 - arbiter.master_chief.sa_advanced - INFO - 2 sinks in function @ 0x401189
2023-03-03 13:02:16,418 - arbiter.master_chief.symbolic_execution - DEBUG - Creating checkpoint states for main
2023-03-03 13:02:16,418 - arbiter.master_chief.symbolic_execution - DEBUG - Adding checkpoint address malloc:0x40119f
2023-03-03 13:02:16,420 - arbiter.master_chief.symbolic_execution - DEBUG - Hooked checkpoint malloc
2023-03-03 13:02:16,420 - arbiter.master_chief.symbolic_execution - DEBUG - Created 1 states
2023-03-03 13:02:16,420 - arbiter.master_chief.symbolic_execution - INFO - Starting exploration 0x40119f => 0x40125c
2023-03-03 13:02:16,421 - arbiter.master_chief.symbolic_execution - DEBUG - Watchdog started, waiting for 300s
2023-03-03 13:02:21,845 - arbiter.master_chief.symbolic_execution - DEBUG - Found 1 paths; No active paths
2023-03-03 13:02:21,848 - arbiter.master_chief.symbolic_execution - INFO - Applying constraints for sink : free
2023-03-03 13:02:21,851 - arbiter.master_chief.symbolic_execution - DEBUG - Max used bit : 64
2023-03-03 13:02:21,852 - arbiter.master_chief.symbolic_execution - INFO - Satisfied state : 0xffffffffffffffff
2023-03-03 13:02:21,852 - arbiter.master_chief.symbolic_execution - DEBUG - Waiting for watchdog to join
2023-03-03 13:02:21,852 - arbiter.master_chief.symbolic_execution - DEBUG - Creating checkpoint states for main
2023-03-03 13:02:21,853 - arbiter.master_chief.symbolic_execution - DEBUG - Adding checkpoint address malloc:0x40119f
2023-03-03 13:02:21,854 - arbiter.master_chief.symbolic_execution - DEBUG - Created 1 states
2023-03-03 13:02:21,855 - arbiter.master_chief.symbolic_execution - INFO - Starting exploration 0x40119f => 0x401280
2023-03-03 13:02:21,855 - arbiter.master_chief.symbolic_execution - DEBUG - Watchdog started, waiting for 300s
2023-03-03 13:02:28,247 - arbiter.master_chief.symbolic_execution - DEBUG - Found 1 paths; No active paths
2023-03-03 13:02:28,250 - arbiter.master_chief.symbolic_execution - INFO - Applying constraints for sink : free
2023-03-03 13:02:28,254 - arbiter.master_chief.symbolic_execution - DEBUG - Max used bit : 64
2023-03-03 13:02:28,255 - arbiter.master_chief.symbolic_execution - INFO - Got Unsat
2023-03-03 13:02:28,255 - arbiter.master_chief.symbolic_execution - DEBUG - Found 1 paths
2023-03-03 13:02:28,258 - arbiter.master_chief.symbolic_execution - INFO - Applying constraints for sink : free
2023-03-03 13:02:28,261 - arbiter.master_chief.symbolic_execution - DEBUG - Max used bit : 64
