2023-03-03 13:01:43,598 - arbiter.master_chief.sa_recon - DEBUG - Creating CFG
2023-03-03 13:01:43,695 - arbiter.master_chief.sa_recon - INFO - Starting recon of 0x401000
2023-03-03 13:01:43,695 - arbiter.master_chief.sa_recon - INFO - Starting recon of 0x401020
2023-03-03 13:01:43,695 - arbiter.master_chief.sa_recon - INFO - Starting recon of 0x40102d
2023-03-03 13:01:43,695 - arbiter.master_chief.sa_recon - INFO - Starting recon of 0x401030
2023-03-03 13:01:43,695 - arbiter.master_chief.sa_recon - INFO - Starting recon of 0x40103f
2023-03-03 13:01:43,695 - arbiter.master_chief.sa_recon - INFO - Starting recon of 0x401040
2023-03-03 13:01:43,695 - arbiter.master_chief.sa_recon - INFO - Starting recon of 0x40104f
2023-03-03 13:01:43,695 - arbiter.master_chief.sa_recon - INFO - Starting recon of 0x401050
2023-03-03 13:01:43,695 - arbiter.master_chief.sa_recon - INFO - Starting recon of 0x40105f
2023-03-03 13:01:43,695 - arbiter.master_chief.sa_recon - INFO - Starting recon of 0x401060
2023-03-03 13:01:43,695 - arbiter.master_chief.sa_recon - INFO - Starting recon of 0x401070
2023-03-03 13:01:43,695 - arbiter.master_chief.sa_recon - INFO - Starting recon of 0x401080
2023-03-03 13:01:43,695 - arbiter.master_chief.sa_recon - INFO - Starting recon of 0x401090
2023-03-03 13:01:43,695 - arbiter.master_chief.sa_recon - INFO - Starting recon of 0x4010a0
2023-03-03 13:01:43,695 - arbiter.master_chief.sa_recon - INFO - Starting recon of 0x4010ce
2023-03-03 13:01:43,696 - arbiter.master_chief.sa_recon - INFO - Starting recon of 0x4010cf
2023-03-03 13:01:43,696 - arbiter.master_chief.sa_recon - INFO - Starting recon of 0x4010d0
2023-03-03 13:01:43,696 - arbiter.master_chief.sa_recon - INFO - Starting recon of 0x4010f9
2023-03-03 13:01:43,696 - arbiter.master_chief.sa_recon - INFO - Starting recon of 0x401100
2023-03-03 13:01:43,696 - arbiter.master_chief.sa_recon - INFO - Starting recon of 0x401139
2023-03-03 13:01:43,696 - arbiter.master_chief.sa_recon - INFO - Starting recon of 0x401140
2023-03-03 13:01:43,696 - arbiter.master_chief.sa_recon - INFO - Starting recon of 0x401175
2023-03-03 13:01:43,696 - arbiter.master_chief.sa_recon - INFO - Starting recon of 0x401179
2023-03-03 13:01:43,696 - arbiter.master_chief.sa_recon - INFO - Starting recon of 0x401180
2023-03-03 13:01:43,696 - arbiter.master_chief.sa_recon - INFO - Starting recon of 0x401189
2023-03-03 13:01:43,696 - arbiter.master_chief.sa_recon - DEBUG - Adding target function main:0x401189
2023-03-03 13:01:43,696 - arbiter.master_chief.sa_recon - INFO - Starting recon of 0x401293
2023-03-03 13:01:43,696 - arbiter.master_chief.sa_recon - INFO - Starting recon of 0x4012a0
2023-03-03 13:01:43,696 - arbiter.master_chief.sa_recon - INFO - Starting recon of 0x401305
2023-03-03 13:01:43,696 - arbiter.master_chief.sa_recon - INFO - Starting recon of 0x401310
2023-03-03 13:01:43,696 - arbiter.master_chief.sa_recon - INFO - Starting recon of 0x401318
2023-03-03 13:01:43,696 - arbiter.master_chief.sa_recon - INFO - Starting recon of 0x500000
2023-03-03 13:01:43,696 - arbiter.master_chief.sa_recon - INFO - Starting recon of 0x500008
2023-03-03 13:01:43,696 - arbiter.master_chief.sa_recon - INFO - Starting recon of 0x500010
2023-03-03 13:01:43,697 - arbiter.master_chief.sa_recon - INFO - Starting recon of 0x500018
2023-03-03 13:01:43,697 - arbiter.master_chief.sa_recon - INFO - Starting recon of 0x601050
2023-03-03 13:01:43,697 - arbiter.master_chief.sa_recon - INFO - Starting recon of 0x601058
2023-03-03 13:01:43,697 - arbiter.master_chief.sa_advanced - DEBUG - Analysis of function @ 0x401189
2023-03-03 13:01:43,697 - arbiter.master_chief.sa_advanced - DEBUG - Creating CFGEmulated for function @ 0x401189
2023-03-03 13:01:43,803 - arbiter.master_chief.sa_advanced - DEBUG - Creating DDG for function @ 0x401189 (call_depth=1)
2023-03-03 13:01:43,831 - arbiter.master_chief.sa_advanced - DEBUG - Creating CDG for function @ 0x401189
2023-03-03 13:01:43,833 - arbiter.master_chief.sa_advanced - WARNING - No checkpoint present in function
2023-03-03 13:01:43,834 - arbiter.master_chief.sa_advanced - DEBUG - Starting back tracking for 0x401189
2023-03-03 13:01:43,834 - arbiter.master_chief.sa_advanced - ERROR - Got constant value
2023-03-03 13:01:43,834 - arbiter.master_chief.sa_advanced - INFO - No valid sinks in function @ 0x401189
2023-03-03 13:02:29,607 - arbiter.master_chief.sa_recon - DEBUG - Creating CFG
2023-03-03 13:02:29,668 - arbiter.master_chief.sa_recon - INFO - Starting recon of 0x401000
2023-03-03 13:02:29,668 - arbiter.master_chief.sa_recon - INFO - Starting recon of 0x401020
2023-03-03 13:02:29,669 - arbiter.master_chief.sa_recon - INFO - Starting recon of 0x40102d
2023-03-03 13:02:29,669 - arbiter.master_chief.sa_recon - INFO - Starting recon of 0x401030
2023-03-03 13:02:29,669 - arbiter.master_chief.sa_recon - INFO - Starting recon of 0x40103f
2023-03-03 13:02:29,669 - arbiter.master_chief.sa_recon - INFO - Starting recon of 0x401040
2023-03-03 13:02:29,669 - arbiter.master_chief.sa_recon - INFO - Starting recon of 0x40104f
2023-03-03 13:02:29,669 - arbiter.master_chief.sa_recon - INFO - Starting recon of 0x401050
2023-03-03 13:02:29,669 - arbiter.master_chief.sa_recon - INFO - Starting recon of 0x40105f
2023-03-03 13:02:29,669 - arbiter.master_chief.sa_recon - INFO - Starting recon of 0x401060
2023-03-03 13:02:29,669 - arbiter.master_chief.sa_recon - INFO - Starting recon of 0x401070
2023-03-03 13:02:29,669 - arbiter.master_chief.sa_recon - INFO - Starting recon of 0x401080
2023-03-03 13:02:29,669 - arbiter.master_chief.sa_recon - INFO - Starting recon of 0x401090
2023-03-03 13:02:29,669 - arbiter.master_chief.sa_recon - INFO - Starting recon of 0x4010a0
2023-03-03 13:02:29,669 - arbiter.master_chief.sa_recon - INFO - Starting recon of 0x4010ce
2023-03-03 13:02:29,670 - arbiter.master_chief.sa_recon - INFO - Starting recon of 0x4010cf
2023-03-03 13:02:29,670 - arbiter.master_chief.sa_recon - INFO - Starting recon of 0x4010d0
2023-03-03 13:02:29,670 - arbiter.master_chief.sa_recon - INFO - Starting recon of 0x4010f9
2023-03-03 13:02:29,670 - arbiter.master_chief.sa_recon - INFO - Starting recon of 0x401100
2023-03-03 13:02:29,670 - arbiter.master_chief.sa_recon - INFO - Starting recon of 0x401139
2023-03-03 13:02:29,670 - arbiter.master_chief.sa_recon - INFO - Starting recon of 0x401140
2023-03-03 13:02:29,670 - arbiter.master_chief.sa_recon - INFO - Starting recon of 0x401175
2023-03-03 13:02:29,670 - arbiter.master_chief.sa_recon - INFO - Starting recon of 0x401179
2023-03-03 13:02:29,670 - arbiter.master_chief.sa_recon - INFO - Starting recon of 0x401180
2023-03-03 13:02:29,670 - arbiter.master_chief.sa_recon - INFO - Starting recon of 0x401189
2023-03-03 13:02:29,670 - arbiter.master_chief.sa_recon - DEBUG - Adding target function main:0x401189
2023-03-03 13:02:29,670 - arbiter.master_chief.sa_recon - INFO - Starting recon of 0x401293
2023-03-03 13:02:29,670 - arbiter.master_chief.sa_recon - INFO - Starting recon of 0x4012a0
2023-03-03 13:02:29,670 - arbiter.master_chief.sa_recon - INFO - Starting recon of 0x401305
2023-03-03 13:02:29,670 - arbiter.master_chief.sa_recon - INFO - Starting recon of 0x401310
2023-03-03 13:02:29,670 - arbiter.master_chief.sa_recon - INFO - Starting recon of 0x401318
2023-03-03 13:02:29,670 - arbiter.master_chief.sa_recon - INFO - Starting recon of 0x500000
2023-03-03 13:02:29,670 - arbiter.master_chief.sa_recon - INFO - Starting recon of 0x500008
2023-03-03 13:02:29,671 - arbiter.master_chief.sa_recon - INFO - Starting recon of 0x500010
2023-03-03 13:02:29,671 - arbiter.master_chief.sa_recon - INFO - Starting recon of 0x500018
2023-03-03 13:02:29,671 - arbiter.master_chief.sa_recon - INFO - Starting recon of 0x601050
2023-03-03 13:02:29,671 - arbiter.master_chief.sa_recon - INFO - Starting recon of 0x601058
2023-03-03 13:02:29,671 - arbiter.master_chief.sa_advanced - DEBUG - Analysis of function @ 0x401189
2023-03-03 13:02:29,671 - arbiter.master_chief.sa_advanced - DEBUG - Creating CFGEmulated for function @ 0x401189
2023-03-03 13:02:29,728 - arbiter.master_chief.sa_advanced - DEBUG - Creating DDG for function @ 0x401189 (call_depth=1)
2023-03-03 13:02:29,742 - arbiter.master_chief.sa_advanced - DEBUG - Creating CDG for function @ 0x401189
2023-03-03 13:02:29,743 - arbiter.master_chief.sa_advanced - WARNING - No checkpoint present in function
2023-03-03 13:02:29,743 - arbiter.master_chief.sa_advanced - DEBUG - Starting back tracking for 0x401189
2023-03-03 13:02:29,744 - arbiter.master_chief.sa_advanced - ERROR - Got constant value
2023-03-03 13:02:29,744 - arbiter.master_chief.sa_advanced - INFO - No valid sinks in function @ 0x401189
