2023-04-19 08:55:56,304 - arbiter.master_chief.sa_recon - DEBUG - Creating CFG
2023-04-19 08:55:56,774 - arbiter.master_chief.sa_recon - INFO - Starting recon of 0x401000
2023-04-19 08:55:56,774 - arbiter.master_chief.sa_recon - INFO - Starting recon of 0x401020
2023-04-19 08:55:56,774 - arbiter.master_chief.sa_recon - INFO - Starting recon of 0x40102d
2023-04-19 08:55:56,774 - arbiter.master_chief.sa_recon - INFO - Starting recon of 0x401030
2023-04-19 08:55:56,774 - arbiter.master_chief.sa_recon - INFO - Starting recon of 0x40103f
2023-04-19 08:55:56,774 - arbiter.master_chief.sa_recon - INFO - Starting recon of 0x401040
2023-04-19 08:55:56,774 - arbiter.master_chief.sa_recon - INFO - Starting recon of 0x40104f
2023-04-19 08:55:56,774 - arbiter.master_chief.sa_recon - INFO - Starting recon of 0x401050
2023-04-19 08:55:56,774 - arbiter.master_chief.sa_recon - INFO - Starting recon of 0x40105f
2023-04-19 08:55:56,774 - arbiter.master_chief.sa_recon - INFO - Starting recon of 0x401060
2023-04-19 08:55:56,774 - arbiter.master_chief.sa_recon - INFO - Starting recon of 0x40106f
2023-04-19 08:55:56,774 - arbiter.master_chief.sa_recon - INFO - Starting recon of 0x401070
2023-04-19 08:55:56,774 - arbiter.master_chief.sa_recon - INFO - Starting recon of 0x40107f
2023-04-19 08:55:56,774 - arbiter.master_chief.sa_recon - INFO - Starting recon of 0x401080
2023-04-19 08:55:56,775 - arbiter.master_chief.sa_recon - INFO - Starting recon of 0x40108f
2023-04-19 08:55:56,775 - arbiter.master_chief.sa_recon - INFO - Starting recon of 0x401090
2023-04-19 08:55:56,775 - arbiter.master_chief.sa_recon - INFO - Starting recon of 0x40109f
2023-04-19 08:55:56,775 - arbiter.master_chief.sa_recon - INFO - Starting recon of 0x4010a0
2023-04-19 08:55:56,775 - arbiter.master_chief.sa_recon - INFO - Starting recon of 0x4010af
2023-04-19 08:55:56,775 - arbiter.master_chief.sa_recon - INFO - Starting recon of 0x4010b0
2023-04-19 08:55:56,775 - arbiter.master_chief.sa_recon - INFO - Starting recon of 0x4010bf
2023-04-19 08:55:56,775 - arbiter.master_chief.sa_recon - INFO - Starting recon of 0x4010c0
2023-04-19 08:55:56,775 - arbiter.master_chief.sa_recon - INFO - Starting recon of 0x4010cf
2023-04-19 08:55:56,775 - arbiter.master_chief.sa_recon - INFO - Starting recon of 0x4010d0
2023-04-19 08:55:56,775 - arbiter.master_chief.sa_recon - INFO - Starting recon of 0x4010df
2023-04-19 08:55:56,775 - arbiter.master_chief.sa_recon - INFO - Starting recon of 0x4010e0
2023-04-19 08:55:56,775 - arbiter.master_chief.sa_recon - INFO - Starting recon of 0x4010ef
2023-04-19 08:55:56,775 - arbiter.master_chief.sa_recon - INFO - Starting recon of 0x4010f0
2023-04-19 08:55:56,775 - arbiter.master_chief.sa_recon - INFO - Starting recon of 0x4010ff
2023-04-19 08:55:56,775 - arbiter.master_chief.sa_recon - INFO - Starting recon of 0x401100
2023-04-19 08:55:56,775 - arbiter.master_chief.sa_recon - INFO - Starting recon of 0x40110f
2023-04-19 08:55:56,775 - arbiter.master_chief.sa_recon - INFO - Starting recon of 0x401110
2023-04-19 08:55:56,775 - arbiter.master_chief.sa_recon - INFO - Starting recon of 0x401120
2023-04-19 08:55:56,775 - arbiter.master_chief.sa_recon - INFO - Starting recon of 0x401130
2023-04-19 08:55:56,776 - arbiter.master_chief.sa_recon - INFO - Starting recon of 0x401140
2023-04-19 08:55:56,776 - arbiter.master_chief.sa_recon - INFO - Starting recon of 0x401150
2023-04-19 08:55:56,776 - arbiter.master_chief.sa_recon - INFO - Starting recon of 0x401160
2023-04-19 08:55:56,776 - arbiter.master_chief.sa_recon - INFO - Starting recon of 0x401170
2023-04-19 08:55:56,776 - arbiter.master_chief.sa_recon - INFO - Starting recon of 0x401180
2023-04-19 08:55:56,776 - arbiter.master_chief.sa_recon - INFO - Starting recon of 0x401190
2023-04-19 08:55:56,776 - arbiter.master_chief.sa_recon - INFO - Starting recon of 0x4011a0
2023-04-19 08:55:56,776 - arbiter.master_chief.sa_recon - INFO - Starting recon of 0x4011b0
2023-04-19 08:55:56,776 - arbiter.master_chief.sa_recon - INFO - Starting recon of 0x4011c0
2023-04-19 08:55:56,776 - arbiter.master_chief.sa_recon - INFO - Starting recon of 0x4011d0
2023-04-19 08:55:56,776 - arbiter.master_chief.sa_recon - INFO - Starting recon of 0x4011e0
2023-04-19 08:55:56,776 - arbiter.master_chief.sa_recon - INFO - Starting recon of 0x4011f0
2023-04-19 08:55:56,776 - arbiter.master_chief.sa_recon - INFO - Starting recon of 0x401200
2023-04-19 08:55:56,776 - arbiter.master_chief.sa_recon - INFO - Starting recon of 0x40122e
2023-04-19 08:55:56,776 - arbiter.master_chief.sa_recon - INFO - Starting recon of 0x40122f
2023-04-19 08:55:56,776 - arbiter.master_chief.sa_recon - INFO - Starting recon of 0x401230
2023-04-19 08:55:56,776 - arbiter.master_chief.sa_recon - INFO - Starting recon of 0x401259
2023-04-19 08:55:56,776 - arbiter.master_chief.sa_recon - INFO - Starting recon of 0x401260
2023-04-19 08:55:56,776 - arbiter.master_chief.sa_recon - INFO - Starting recon of 0x401299
2023-04-19 08:55:56,776 - arbiter.master_chief.sa_recon - INFO - Starting recon of 0x4012a0
2023-04-19 08:55:56,777 - arbiter.master_chief.sa_recon - INFO - Starting recon of 0x4012d5
2023-04-19 08:55:56,777 - arbiter.master_chief.sa_recon - INFO - Starting recon of 0x4012d9
2023-04-19 08:55:56,777 - arbiter.master_chief.sa_recon - INFO - Starting recon of 0x4012e0
2023-04-19 08:55:56,777 - arbiter.master_chief.sa_recon - INFO - Starting recon of 0x4012e9
2023-04-19 08:55:56,777 - arbiter.master_chief.sa_recon - DEBUG - Adding target function main:0x4012e9
2023-04-19 08:55:56,777 - arbiter.master_chief.sa_recon - INFO - Starting recon of 0x401550
2023-04-19 08:55:56,777 - arbiter.master_chief.sa_recon - INFO - Starting recon of 0x4015b5
2023-04-19 08:55:56,777 - arbiter.master_chief.sa_recon - INFO - Starting recon of 0x4015c0
2023-04-19 08:55:56,777 - arbiter.master_chief.sa_recon - INFO - Starting recon of 0x4015c8
2023-04-19 08:55:56,777 - arbiter.master_chief.sa_recon - INFO - Starting recon of 0x500000
2023-04-19 08:55:56,777 - arbiter.master_chief.sa_recon - INFO - Starting recon of 0x500008
2023-04-19 08:55:56,777 - arbiter.master_chief.sa_recon - INFO - Starting recon of 0x500010
2023-04-19 08:55:56,777 - arbiter.master_chief.sa_recon - INFO - Starting recon of 0x500018
2023-04-19 08:55:56,777 - arbiter.master_chief.sa_recon - INFO - Starting recon of 0x500020
2023-04-19 08:55:56,777 - arbiter.master_chief.sa_recon - INFO - Starting recon of 0x500028
2023-04-19 08:55:56,777 - arbiter.master_chief.sa_recon - INFO - Starting recon of 0x500030
2023-04-19 08:55:56,777 - arbiter.master_chief.sa_recon - INFO - Starting recon of 0x500038
2023-04-19 08:55:56,777 - arbiter.master_chief.sa_recon - INFO - Starting recon of 0x500040
2023-04-19 08:55:56,777 - arbiter.master_chief.sa_recon - INFO - Starting recon of 0x500048
2023-04-19 08:55:56,778 - arbiter.master_chief.sa_recon - INFO - Starting recon of 0x500050
2023-04-19 08:55:56,781 - arbiter.master_chief.sa_recon - INFO - Starting recon of 0x500058
2023-04-19 08:55:56,781 - arbiter.master_chief.sa_recon - INFO - Starting recon of 0x500060
2023-04-19 08:55:56,781 - arbiter.master_chief.sa_recon - INFO - Starting recon of 0x500068
2023-04-19 08:55:56,781 - arbiter.master_chief.sa_recon - INFO - Starting recon of 0x500070
2023-04-19 08:55:56,781 - arbiter.master_chief.sa_recon - INFO - Starting recon of 0x601050
2023-04-19 08:55:56,781 - arbiter.master_chief.sa_recon - INFO - Starting recon of 0x601058
2023-04-19 08:55:56,784 - arbiter.master_chief.sa_advanced - DEBUG - Analysis of function @ 0x4012e9
2023-04-19 08:55:56,785 - arbiter.master_chief.sa_advanced - DEBUG - Creating CFGEmulated for function @ 0x4012e9
2023-04-19 08:55:57,166 - arbiter.master_chief.sa_advanced - DEBUG - Creating DDG for function @ 0x4012e9 (call_depth=1)
2023-04-19 08:55:57,243 - arbiter.master_chief.sa_advanced - DEBUG - Creating CDG for function @ 0x4012e9
2023-04-19 08:55:57,248 - arbiter.master_chief.sa_advanced - DEBUG - Starting back tracking for 0x40150e
2023-04-19 08:55:57,260 - arbiter.master_chief.sa_advanced - DEBUG - Starting back tracking for 0x40151b
2023-04-19 08:55:57,269 - arbiter.master_chief.sa_advanced - DEBUG - Starting back tracking for 0x401528
2023-04-19 08:55:57,279 - arbiter.master_chief.sa_advanced - INFO - 3 sinks in function @ 0x4012e9
2023-04-19 08:55:57,280 - arbiter.master_chief.symbolic_execution - DEBUG - Creating checkpoint states for main
2023-04-19 08:55:57,280 - arbiter.master_chief.symbolic_execution - DEBUG - Adding checkpoint address accept:0x401481
2023-04-19 08:55:57,282 - arbiter.master_chief.symbolic_execution - DEBUG - Hooked checkpoint accept
2023-04-19 08:55:57,283 - arbiter.master_chief.symbolic_execution - DEBUG - Adding checkpoint address socket:0x401377
2023-04-19 08:55:57,285 - arbiter.master_chief.symbolic_execution - DEBUG - Hooked checkpoint socket
2023-04-19 08:55:57,285 - arbiter.master_chief.symbolic_execution - DEBUG - Created 2 states
2023-04-19 08:55:57,285 - arbiter.master_chief.symbolic_execution - INFO - Starting exploration 0x401481 => 0x40150e
2023-04-19 08:55:57,285 - arbiter.master_chief.symbolic_execution - DEBUG - Watchdog started, waiting for 300s
2023-04-19 08:55:58,870 - arbiter.master_chief.symbolic_execution - DEBUG - Found 1 paths; No active paths
2023-04-19 08:55:58,873 - arbiter.master_chief.symbolic_execution - WARNING - Couldn't find expression in sym vars
2023-04-19 08:55:58,873 - arbiter.master_chief.symbolic_execution - INFO - Applying constraints for sink : close
2023-04-19 08:55:58,893 - arbiter.master_chief.symbolic_execution - INFO - Satisfied state : 0x3
2023-04-19 08:55:58,893 - arbiter.master_chief.symbolic_execution - DEBUG - Waiting for watchdog to join
2023-04-19 08:55:58,893 - arbiter.master_chief.symbolic_execution - INFO - Starting exploration 0x401377 => 0x40150e
2023-04-19 08:55:58,894 - arbiter.master_chief.symbolic_execution - DEBUG - Watchdog started, waiting for 300s
2023-04-19 08:56:00,732 - arbiter.master_chief.symbolic_execution - DEBUG - Found 1 paths; No active paths
2023-04-19 08:56:00,735 - arbiter.master_chief.symbolic_execution - WARNING - Couldn't find expression in sym vars
2023-04-19 08:56:00,735 - arbiter.master_chief.symbolic_execution - INFO - Applying constraints for sink : close
2023-04-19 08:56:00,946 - arbiter.master_chief.symbolic_execution - DEBUG - Max used bit : 32
2023-04-19 08:56:00,976 - arbiter.master_chief.symbolic_execution - INFO - Got Unsat
2023-04-19 08:56:00,976 - arbiter.master_chief.symbolic_execution - DEBUG - Found 1 paths
2023-04-19 08:56:00,980 - arbiter.master_chief.symbolic_execution - WARNING - Couldn't find expression in sym vars
2023-04-19 08:56:00,980 - arbiter.master_chief.symbolic_execution - INFO - Applying constraints for sink : close
2023-04-19 08:56:01,281 - arbiter.master_chief.symbolic_execution - DEBUG - Max used bit : 32
