2023-04-18 21:20:41,805 - arbiter.master_chief.sa_recon - DEBUG - Creating CFG
2023-04-18 21:20:43,405 - arbiter.master_chief.sa_recon - INFO - Starting recon of 0x402000
2023-04-18 21:20:43,406 - arbiter.master_chief.sa_recon - INFO - Starting recon of 0x402020
2023-04-18 21:20:43,406 - arbiter.master_chief.sa_recon - INFO - Starting recon of 0x40202d
2023-04-18 21:20:43,406 - arbiter.master_chief.sa_recon - INFO - Starting recon of 0x402030
2023-04-18 21:20:43,406 - arbiter.master_chief.sa_recon - INFO - Starting recon of 0x40203f
2023-04-18 21:20:43,406 - arbiter.master_chief.sa_recon - INFO - Starting recon of 0x402040
2023-04-18 21:20:43,406 - arbiter.master_chief.sa_recon - INFO - Starting recon of 0x40204f
2023-04-18 21:20:43,406 - arbiter.master_chief.sa_recon - INFO - Starting recon of 0x402050
2023-04-18 21:20:43,406 - arbiter.master_chief.sa_recon - INFO - Starting recon of 0x40205f
2023-04-18 21:20:43,406 - arbiter.master_chief.sa_recon - INFO - Starting recon of 0x402060
2023-04-18 21:20:43,406 - arbiter.master_chief.sa_recon - INFO - Starting recon of 0x40206f
2023-04-18 21:20:43,406 - arbiter.master_chief.sa_recon - INFO - Starting recon of 0x402070
2023-04-18 21:20:43,407 - arbiter.master_chief.sa_recon - INFO - Starting recon of 0x40207f
2023-04-18 21:20:43,407 - arbiter.master_chief.sa_recon - INFO - Starting recon of 0x402080
2023-04-18 21:20:43,407 - arbiter.master_chief.sa_recon - INFO - Starting recon of 0x40208f
2023-04-18 21:20:43,407 - arbiter.master_chief.sa_recon - INFO - Starting recon of 0x402090
2023-04-18 21:20:43,407 - arbiter.master_chief.sa_recon - INFO - Starting recon of 0x40209f
2023-04-18 21:20:43,407 - arbiter.master_chief.sa_recon - INFO - Starting recon of 0x4020a0
2023-04-18 21:20:43,407 - arbiter.master_chief.sa_recon - INFO - Starting recon of 0x4020af
2023-04-18 21:20:43,407 - arbiter.master_chief.sa_recon - INFO - Starting recon of 0x4020b0
2023-04-18 21:20:43,407 - arbiter.master_chief.sa_recon - INFO - Starting recon of 0x4020bf
2023-04-18 21:20:43,407 - arbiter.master_chief.sa_recon - INFO - Starting recon of 0x4020c0
2023-04-18 21:20:43,407 - arbiter.master_chief.sa_recon - INFO - Starting recon of 0x4020cf
2023-04-18 21:20:43,407 - arbiter.master_chief.sa_recon - INFO - Starting recon of 0x4020d0
2023-04-18 21:20:43,407 - arbiter.master_chief.sa_recon - INFO - Starting recon of 0x4020df
2023-04-18 21:20:43,407 - arbiter.master_chief.sa_recon - INFO - Starting recon of 0x4020e0
2023-04-18 21:20:43,407 - arbiter.master_chief.sa_recon - INFO - Starting recon of 0x4020ef
2023-04-18 21:20:43,408 - arbiter.master_chief.sa_recon - INFO - Starting recon of 0x4020f0
2023-04-18 21:20:43,408 - arbiter.master_chief.sa_recon - INFO - Starting recon of 0x4020ff
2023-04-18 21:20:43,408 - arbiter.master_chief.sa_recon - INFO - Starting recon of 0x402100
2023-04-18 21:20:43,408 - arbiter.master_chief.sa_recon - INFO - Starting recon of 0x40210f
2023-04-18 21:20:43,408 - arbiter.master_chief.sa_recon - INFO - Starting recon of 0x402110
2023-04-18 21:20:43,408 - arbiter.master_chief.sa_recon - INFO - Starting recon of 0x40211f
2023-04-18 21:20:43,408 - arbiter.master_chief.sa_recon - INFO - Starting recon of 0x402120
2023-04-18 21:20:43,408 - arbiter.master_chief.sa_recon - INFO - Starting recon of 0x40212f
2023-04-18 21:20:43,408 - arbiter.master_chief.sa_recon - INFO - Starting recon of 0x402130
2023-04-18 21:20:43,408 - arbiter.master_chief.sa_recon - INFO - Starting recon of 0x40213f
2023-04-18 21:20:43,408 - arbiter.master_chief.sa_recon - INFO - Starting recon of 0x402140
2023-04-18 21:20:43,409 - arbiter.master_chief.sa_recon - INFO - Starting recon of 0x40214f
2023-04-18 21:20:43,409 - arbiter.master_chief.sa_recon - INFO - Starting recon of 0x402150
2023-04-18 21:20:43,409 - arbiter.master_chief.sa_recon - INFO - Starting recon of 0x40215f
2023-04-18 21:20:43,409 - arbiter.master_chief.sa_recon - INFO - Starting recon of 0x402160
2023-04-18 21:20:43,409 - arbiter.master_chief.sa_recon - INFO - Starting recon of 0x40216f
2023-04-18 21:20:43,409 - arbiter.master_chief.sa_recon - INFO - Starting recon of 0x402170
2023-04-18 21:20:43,409 - arbiter.master_chief.sa_recon - INFO - Starting recon of 0x40217f
2023-04-18 21:20:43,409 - arbiter.master_chief.sa_recon - INFO - Starting recon of 0x402180
2023-04-18 21:20:43,409 - arbiter.master_chief.sa_recon - INFO - Starting recon of 0x40218f
2023-04-18 21:20:43,409 - arbiter.master_chief.sa_recon - INFO - Starting recon of 0x402190
2023-04-18 21:20:43,410 - arbiter.master_chief.sa_recon - INFO - Starting recon of 0x40219f
2023-04-18 21:20:43,410 - arbiter.master_chief.sa_recon - INFO - Starting recon of 0x4021a0
2023-04-18 21:20:43,410 - arbiter.master_chief.sa_recon - INFO - Starting recon of 0x4021af
2023-04-18 21:20:43,410 - arbiter.master_chief.sa_recon - INFO - Starting recon of 0x4021b0
2023-04-18 21:20:43,410 - arbiter.master_chief.sa_recon - INFO - Starting recon of 0x4021bf
2023-04-18 21:20:43,410 - arbiter.master_chief.sa_recon - INFO - Starting recon of 0x4021c0
2023-04-18 21:20:43,410 - arbiter.master_chief.sa_recon - INFO - Starting recon of 0x4021cf
2023-04-18 21:20:43,410 - arbiter.master_chief.sa_recon - INFO - Starting recon of 0x4021d0
2023-04-18 21:20:43,410 - arbiter.master_chief.sa_recon - INFO - Starting recon of 0x4021df
2023-04-18 21:20:43,410 - arbiter.master_chief.sa_recon - INFO - Starting recon of 0x4021e0
2023-04-18 21:20:43,410 - arbiter.master_chief.sa_recon - INFO - Starting recon of 0x4021ef
2023-04-18 21:20:43,410 - arbiter.master_chief.sa_recon - INFO - Starting recon of 0x4021f0
2023-04-18 21:20:43,411 - arbiter.master_chief.sa_recon - INFO - Starting recon of 0x4021ff
2023-04-18 21:20:43,411 - arbiter.master_chief.sa_recon - INFO - Starting recon of 0x402200
2023-04-18 21:20:43,411 - arbiter.master_chief.sa_recon - INFO - Starting recon of 0x40220f
2023-04-18 21:20:43,411 - arbiter.master_chief.sa_recon - INFO - Starting recon of 0x402210
2023-04-18 21:20:43,411 - arbiter.master_chief.sa_recon - INFO - Starting recon of 0x40221f
2023-04-18 21:20:43,411 - arbiter.master_chief.sa_recon - INFO - Starting recon of 0x402220
2023-04-18 21:20:43,411 - arbiter.master_chief.sa_recon - INFO - Starting recon of 0x40222f
2023-04-18 21:20:43,411 - arbiter.master_chief.sa_recon - INFO - Starting recon of 0x402230
2023-04-18 21:20:43,411 - arbiter.master_chief.sa_recon - INFO - Starting recon of 0x40223f
2023-04-18 21:20:43,411 - arbiter.master_chief.sa_recon - INFO - Starting recon of 0x402240
2023-04-18 21:20:43,411 - arbiter.master_chief.sa_recon - INFO - Starting recon of 0x40224f
2023-04-18 21:20:43,412 - arbiter.master_chief.sa_recon - INFO - Starting recon of 0x402250
2023-04-18 21:20:43,412 - arbiter.master_chief.sa_recon - INFO - Starting recon of 0x40225f
2023-04-18 21:20:43,412 - arbiter.master_chief.sa_recon - INFO - Starting recon of 0x402260
2023-04-18 21:20:43,412 - arbiter.master_chief.sa_recon - INFO - Starting recon of 0x40226f
2023-04-18 21:20:43,412 - arbiter.master_chief.sa_recon - INFO - Starting recon of 0x402270
2023-04-18 21:20:43,412 - arbiter.master_chief.sa_recon - INFO - Starting recon of 0x40227f
2023-04-18 21:20:43,412 - arbiter.master_chief.sa_recon - INFO - Starting recon of 0x402280
2023-04-18 21:20:43,412 - arbiter.master_chief.sa_recon - INFO - Starting recon of 0x40228f
2023-04-18 21:20:43,412 - arbiter.master_chief.sa_recon - INFO - Starting recon of 0x402290
2023-04-18 21:20:43,412 - arbiter.master_chief.sa_recon - INFO - Starting recon of 0x40229f
2023-04-18 21:20:43,413 - arbiter.master_chief.sa_recon - INFO - Starting recon of 0x4022a0
2023-04-18 21:20:43,413 - arbiter.master_chief.sa_recon - INFO - Starting recon of 0x4022af
2023-04-18 21:20:43,413 - arbiter.master_chief.sa_recon - INFO - Starting recon of 0x4022b0
2023-04-18 21:20:43,413 - arbiter.master_chief.sa_recon - INFO - Starting recon of 0x4022bf
2023-04-18 21:20:43,413 - arbiter.master_chief.sa_recon - INFO - Starting recon of 0x4022c0
2023-04-18 21:20:43,413 - arbiter.master_chief.sa_recon - INFO - Starting recon of 0x4022d0
2023-04-18 21:20:43,413 - arbiter.master_chief.sa_recon - INFO - Starting recon of 0x4022e0
2023-04-18 21:20:43,413 - arbiter.master_chief.sa_recon - INFO - Starting recon of 0x4022f0
2023-04-18 21:20:43,413 - arbiter.master_chief.sa_recon - INFO - Starting recon of 0x402300
2023-04-18 21:20:43,413 - arbiter.master_chief.sa_recon - INFO - Starting recon of 0x402310
2023-04-18 21:20:43,414 - arbiter.master_chief.sa_recon - INFO - Starting recon of 0x402320
2023-04-18 21:20:43,414 - arbiter.master_chief.sa_recon - INFO - Starting recon of 0x402330
2023-04-18 21:20:43,414 - arbiter.master_chief.sa_recon - INFO - Starting recon of 0x402340
2023-04-18 21:20:43,414 - arbiter.master_chief.sa_recon - INFO - Starting recon of 0x402350
2023-04-18 21:20:43,414 - arbiter.master_chief.sa_recon - INFO - Starting recon of 0x402360
2023-04-18 21:20:43,414 - arbiter.master_chief.sa_recon - INFO - Starting recon of 0x402370
2023-04-18 21:20:43,414 - arbiter.master_chief.sa_recon - INFO - Starting recon of 0x402380
2023-04-18 21:20:43,414 - arbiter.master_chief.sa_recon - INFO - Starting recon of 0x402390
2023-04-18 21:20:43,414 - arbiter.master_chief.sa_recon - INFO - Starting recon of 0x4023a0
2023-04-18 21:20:43,414 - arbiter.master_chief.sa_recon - INFO - Starting recon of 0x4023b0
2023-04-18 21:20:43,414 - arbiter.master_chief.sa_recon - INFO - Starting recon of 0x4023c0
2023-04-18 21:20:43,415 - arbiter.master_chief.sa_recon - INFO - Starting recon of 0x4023d0
2023-04-18 21:20:43,415 - arbiter.master_chief.sa_recon - INFO - Starting recon of 0x4023e0
2023-04-18 21:20:43,415 - arbiter.master_chief.sa_recon - INFO - Starting recon of 0x4023f0
2023-04-18 21:20:43,415 - arbiter.master_chief.sa_recon - INFO - Starting recon of 0x402400
2023-04-18 21:20:43,415 - arbiter.master_chief.sa_recon - INFO - Starting recon of 0x402410
2023-04-18 21:20:43,415 - arbiter.master_chief.sa_recon - INFO - Starting recon of 0x402420
2023-04-18 21:20:43,415 - arbiter.master_chief.sa_recon - INFO - Starting recon of 0x402430
2023-04-18 21:20:43,415 - arbiter.master_chief.sa_recon - INFO - Starting recon of 0x402440
2023-04-18 21:20:43,415 - arbiter.master_chief.sa_recon - INFO - Starting recon of 0x402450
2023-04-18 21:20:43,415 - arbiter.master_chief.sa_recon - INFO - Starting recon of 0x402460
2023-04-18 21:20:43,415 - arbiter.master_chief.sa_recon - INFO - Starting recon of 0x402470
2023-04-18 21:20:43,415 - arbiter.master_chief.sa_recon - INFO - Starting recon of 0x402480
2023-04-18 21:20:43,415 - arbiter.master_chief.sa_recon - INFO - Starting recon of 0x402490
2023-04-18 21:20:43,415 - arbiter.master_chief.sa_recon - INFO - Starting recon of 0x4024a0
2023-04-18 21:20:43,415 - arbiter.master_chief.sa_recon - INFO - Starting recon of 0x4024b0
2023-04-18 21:20:43,415 - arbiter.master_chief.sa_recon - INFO - Starting recon of 0x4024c0
2023-04-18 21:20:43,415 - arbiter.master_chief.sa_recon - INFO - Starting recon of 0x4024d0
2023-04-18 21:20:43,416 - arbiter.master_chief.sa_recon - INFO - Starting recon of 0x4024e0
2023-04-18 21:20:43,416 - arbiter.master_chief.sa_recon - INFO - Starting recon of 0x4024f0
2023-04-18 21:20:43,416 - arbiter.master_chief.sa_recon - INFO - Starting recon of 0x402500
2023-04-18 21:20:43,416 - arbiter.master_chief.sa_recon - INFO - Starting recon of 0x402510
2023-04-18 21:20:43,416 - arbiter.master_chief.sa_recon - INFO - Starting recon of 0x402520
2023-04-18 21:20:43,416 - arbiter.master_chief.sa_recon - INFO - Starting recon of 0x402530
2023-04-18 21:20:43,416 - arbiter.master_chief.sa_recon - INFO - Starting recon of 0x402540
2023-04-18 21:20:43,416 - arbiter.master_chief.sa_recon - INFO - Starting recon of 0x402550
2023-04-18 21:20:43,416 - arbiter.master_chief.sa_recon - INFO - Starting recon of 0x402560
2023-04-18 21:20:43,416 - arbiter.master_chief.sa_recon - INFO - Starting recon of 0x402588
2023-04-18 21:20:43,416 - arbiter.master_chief.sa_recon - INFO - Starting recon of 0x402590
2023-04-18 21:20:43,417 - arbiter.master_chief.sa_recon - INFO - Starting recon of 0x4026d4
2023-04-18 21:20:43,417 - arbiter.master_chief.sa_recon - INFO - Starting recon of 0x402bdb
2023-04-18 21:20:43,417 - arbiter.master_chief.sa_recon - INFO - Starting recon of 0x402be0
2023-04-18 21:20:43,417 - arbiter.master_chief.sa_recon - INFO - Starting recon of 0x402c0e
2023-04-18 21:20:43,417 - arbiter.master_chief.sa_recon - INFO - Starting recon of 0x402c0f
2023-04-18 21:20:43,417 - arbiter.master_chief.sa_recon - INFO - Starting recon of 0x402c10
2023-04-18 21:20:43,417 - arbiter.master_chief.sa_recon - INFO - Starting recon of 0x402c31
2023-04-18 21:20:43,417 - arbiter.master_chief.sa_recon - INFO - Starting recon of 0x402c39
2023-04-18 21:20:43,417 - arbiter.master_chief.sa_recon - INFO - Starting recon of 0x402c72
2023-04-18 21:20:43,418 - arbiter.master_chief.sa_recon - INFO - Starting recon of 0x402c79
2023-04-18 21:20:43,418 - arbiter.master_chief.sa_recon - INFO - Starting recon of 0x402c80
2023-04-18 21:20:43,418 - arbiter.master_chief.sa_recon - INFO - Starting recon of 0x402cb5
2023-04-18 21:20:43,418 - arbiter.master_chief.sa_recon - INFO - Starting recon of 0x402cb9
2023-04-18 21:20:43,418 - arbiter.master_chief.sa_recon - INFO - Starting recon of 0x402cc0
2023-04-18 21:20:43,418 - arbiter.master_chief.sa_recon - INFO - Starting recon of 0x402cc9
2023-04-18 21:20:43,418 - arbiter.master_chief.sa_recon - INFO - Starting recon of 0x402cd0
2023-04-18 21:20:43,418 - arbiter.master_chief.sa_recon - INFO - Starting recon of 0x402ceb
2023-04-18 21:20:43,418 - arbiter.master_chief.sa_recon - INFO - Starting recon of 0x402cf8
2023-04-18 21:20:43,418 - arbiter.master_chief.sa_recon - INFO - Starting recon of 0x402d06
2023-04-18 21:20:43,418 - arbiter.master_chief.sa_recon - INFO - Starting recon of 0x402d16
2023-04-18 21:20:43,419 - arbiter.master_chief.sa_recon - INFO - Starting recon of 0x402d26
2023-04-18 21:20:43,419 - arbiter.master_chief.sa_recon - INFO - Starting recon of 0x402d36
2023-04-18 21:20:43,419 - arbiter.master_chief.sa_recon - INFO - Starting recon of 0x402d46
2023-04-18 21:20:43,419 - arbiter.master_chief.sa_recon - INFO - Starting recon of 0x402d56
2023-04-18 21:20:43,419 - arbiter.master_chief.sa_recon - INFO - Starting recon of 0x402d60
2023-04-18 21:20:43,419 - arbiter.master_chief.sa_recon - INFO - Starting recon of 0x403170
2023-04-18 21:20:43,419 - arbiter.master_chief.sa_recon - INFO - Starting recon of 0x40317c
2023-04-18 21:20:43,419 - arbiter.master_chief.sa_recon - INFO - Starting recon of 0x403180
2023-04-18 21:20:43,419 - arbiter.master_chief.sa_recon - INFO - Starting recon of 0x40318c
2023-04-18 21:20:43,420 - arbiter.master_chief.sa_recon - INFO - Starting recon of 0x403190
2023-04-18 21:20:43,420 - arbiter.master_chief.sa_recon - INFO - Starting recon of 0x40323a
2023-04-18 21:20:43,420 - arbiter.master_chief.sa_recon - INFO - Starting recon of 0x403240
2023-04-18 21:20:43,420 - arbiter.master_chief.sa_recon - INFO - Starting recon of 0x4032bb
2023-04-18 21:20:43,420 - arbiter.master_chief.sa_recon - INFO - Starting recon of 0x4032f5
2023-04-18 21:20:43,420 - arbiter.master_chief.sa_recon - INFO - Starting recon of 0x403300
2023-04-18 21:20:43,420 - arbiter.master_chief.sa_recon - INFO - Starting recon of 0x403362
2023-04-18 21:20:43,420 - arbiter.master_chief.sa_recon - INFO - Starting recon of 0x4033a1
2023-04-18 21:20:43,420 - arbiter.master_chief.sa_recon - INFO - Starting recon of 0x4033dd
2023-04-18 21:20:43,420 - arbiter.master_chief.sa_recon - INFO - Starting recon of 0x4033e0
2023-04-18 21:20:43,421 - arbiter.master_chief.sa_recon - INFO - Starting recon of 0x403482
2023-04-18 21:20:43,421 - arbiter.master_chief.sa_recon - INFO - Starting recon of 0x403673
2023-04-18 21:20:43,421 - arbiter.master_chief.sa_recon - INFO - Starting recon of 0x40373f
2023-04-18 21:20:43,421 - arbiter.master_chief.sa_recon - INFO - Starting recon of 0x4039ee
2023-04-18 21:20:43,421 - arbiter.master_chief.sa_recon - INFO - Starting recon of 0x403c59
2023-04-18 21:20:43,421 - arbiter.master_chief.sa_recon - INFO - Starting recon of 0x403c83
2023-04-18 21:20:43,421 - arbiter.master_chief.sa_recon - INFO - Starting recon of 0x403daa
2023-04-18 21:20:43,421 - arbiter.master_chief.sa_recon - INFO - Starting recon of 0x403dd3
2023-04-18 21:20:43,421 - arbiter.master_chief.sa_recon - INFO - Starting recon of 0x403e03
2023-04-18 21:20:43,421 - arbiter.master_chief.sa_recon - INFO - Starting recon of 0x403ec5
2023-04-18 21:20:43,421 - arbiter.master_chief.sa_recon - INFO - Starting recon of 0x403ee2
2023-04-18 21:20:43,421 - arbiter.master_chief.sa_recon - INFO - Starting recon of 0x40407f
2023-04-18 21:20:43,421 - arbiter.master_chief.sa_recon - INFO - Starting recon of 0x40418f
2023-04-18 21:20:43,421 - arbiter.master_chief.sa_recon - INFO - Starting recon of 0x4041ea
2023-04-18 21:20:43,422 - arbiter.master_chief.sa_recon - INFO - Starting recon of 0x4041fd
2023-04-18 21:20:43,422 - arbiter.master_chief.sa_recon - INFO - Starting recon of 0x40446e
2023-04-18 21:20:43,422 - arbiter.master_chief.sa_recon - INFO - Starting recon of 0x40462e
2023-04-18 21:20:43,422 - arbiter.master_chief.sa_recon - INFO - Starting recon of 0x404630
2023-04-18 21:20:43,422 - arbiter.master_chief.sa_recon - INFO - Starting recon of 0x4047a4
2023-04-18 21:20:43,422 - arbiter.master_chief.sa_recon - INFO - Starting recon of 0x4047ce
2023-04-18 21:20:43,422 - arbiter.master_chief.sa_recon - INFO - Starting recon of 0x4047d0
2023-04-18 21:20:43,422 - arbiter.master_chief.sa_recon - INFO - Starting recon of 0x404809
2023-04-18 21:20:43,422 - arbiter.master_chief.sa_recon - INFO - Starting recon of 0x404810
2023-04-18 21:20:43,422 - arbiter.master_chief.sa_recon - INFO - Starting recon of 0x404825
2023-04-18 21:20:43,422 - arbiter.master_chief.sa_recon - INFO - Starting recon of 0x404830
2023-04-18 21:20:43,423 - arbiter.master_chief.sa_recon - INFO - Starting recon of 0x404845
2023-04-18 21:20:43,423 - arbiter.master_chief.sa_recon - INFO - Starting recon of 0x404850
2023-04-18 21:20:43,423 - arbiter.master_chief.sa_recon - INFO - Starting recon of 0x404889
2023-04-18 21:20:43,423 - arbiter.master_chief.sa_recon - INFO - Starting recon of 0x404890
2023-04-18 21:20:43,423 - arbiter.master_chief.sa_recon - INFO - Starting recon of 0x4048a9
2023-04-18 21:20:43,423 - arbiter.master_chief.sa_recon - INFO - Starting recon of 0x4048b0
2023-04-18 21:20:43,423 - arbiter.master_chief.sa_recon - INFO - Starting recon of 0x4048eb
2023-04-18 21:20:43,423 - arbiter.master_chief.sa_recon - INFO - Starting recon of 0x4048f0
2023-04-18 21:20:43,423 - arbiter.master_chief.sa_recon - INFO - Starting recon of 0x404968
2023-04-18 21:20:43,423 - arbiter.master_chief.sa_recon - INFO - Starting recon of 0x404991
2023-04-18 21:20:43,423 - arbiter.master_chief.sa_recon - INFO - Starting recon of 0x404a59
2023-04-18 21:20:43,423 - arbiter.master_chief.sa_recon - INFO - Starting recon of 0x404a60
2023-04-18 21:20:43,424 - arbiter.master_chief.sa_recon - INFO - Starting recon of 0x404a6e
2023-04-18 21:20:43,424 - arbiter.master_chief.sa_recon - INFO - Starting recon of 0x404a70
2023-04-18 21:20:43,424 - arbiter.master_chief.sa_recon - INFO - Starting recon of 0x404b03
2023-04-18 21:20:43,424 - arbiter.master_chief.sa_recon - INFO - Starting recon of 0x404b10
2023-04-18 21:20:43,424 - arbiter.master_chief.sa_recon - INFO - Starting recon of 0x404b27
2023-04-18 21:20:43,424 - arbiter.master_chief.sa_recon - INFO - Starting recon of 0x404b30
2023-04-18 21:20:43,424 - arbiter.master_chief.sa_recon - INFO - Starting recon of 0x404b40
2023-04-18 21:20:43,424 - arbiter.master_chief.sa_recon - INFO - Starting recon of 0x404b5c
2023-04-18 21:20:43,424 - arbiter.master_chief.sa_recon - INFO - Starting recon of 0x404b60
2023-04-18 21:20:43,424 - arbiter.master_chief.sa_recon - INFO - Starting recon of 0x404b78
2023-04-18 21:20:43,424 - arbiter.master_chief.sa_recon - INFO - Starting recon of 0x404b80
2023-04-18 21:20:43,424 - arbiter.master_chief.sa_recon - INFO - Starting recon of 0x404c11
2023-04-18 21:20:43,424 - arbiter.master_chief.sa_recon - INFO - Starting recon of 0x404c20
2023-04-18 21:20:43,424 - arbiter.master_chief.sa_recon - INFO - Starting recon of 0x404cad
2023-04-18 21:20:43,424 - arbiter.master_chief.sa_recon - INFO - Starting recon of 0x404cb0
2023-04-18 21:20:43,424 - arbiter.master_chief.sa_recon - INFO - Starting recon of 0x404cc0
2023-04-18 21:20:43,424 - arbiter.master_chief.sa_recon - INFO - Starting recon of 0x404cd3
2023-04-18 21:20:43,424 - arbiter.master_chief.sa_recon - INFO - Starting recon of 0x404d7d
2023-04-18 21:20:43,424 - arbiter.master_chief.sa_recon - INFO - Starting recon of 0x404d80
2023-04-18 21:20:43,424 - arbiter.master_chief.sa_recon - INFO - Starting recon of 0x404d94
2023-04-18 21:20:43,425 - arbiter.master_chief.sa_recon - INFO - Starting recon of 0x404da0
2023-04-18 21:20:43,425 - arbiter.master_chief.sa_recon - INFO - Starting recon of 0x404db5
2023-04-18 21:20:43,425 - arbiter.master_chief.sa_recon - INFO - Starting recon of 0x404dc0
2023-04-18 21:20:43,425 - arbiter.master_chief.sa_recon - INFO - Starting recon of 0x404dce
2023-04-18 21:20:43,425 - arbiter.master_chief.sa_recon - INFO - Starting recon of 0x404dd0
2023-04-18 21:20:43,425 - arbiter.master_chief.sa_recon - INFO - Starting recon of 0x404e67
2023-04-18 21:20:43,425 - arbiter.master_chief.sa_recon - INFO - Starting recon of 0x404e70
2023-04-18 21:20:43,425 - arbiter.master_chief.sa_recon - INFO - Starting recon of 0x404f08
2023-04-18 21:20:43,425 - arbiter.master_chief.sa_recon - INFO - Starting recon of 0x404f10
2023-04-18 21:20:43,425 - arbiter.master_chief.sa_recon - INFO - Starting recon of 0x404f20
2023-04-18 21:20:43,425 - arbiter.master_chief.sa_recon - INFO - Starting recon of 0x404f3b
2023-04-18 21:20:43,425 - arbiter.master_chief.sa_recon - INFO - Starting recon of 0x404f40
2023-04-18 21:20:43,425 - arbiter.master_chief.sa_recon - INFO - Starting recon of 0x404f57
2023-04-18 21:20:43,425 - arbiter.master_chief.sa_recon - INFO - Starting recon of 0x404f60
2023-04-18 21:20:43,425 - arbiter.master_chief.sa_recon - INFO - Starting recon of 0x404f70
2023-04-18 21:20:43,425 - arbiter.master_chief.sa_recon - INFO - Starting recon of 0x404f88
2023-04-18 21:20:43,426 - arbiter.master_chief.sa_recon - INFO - Starting recon of 0x404f90
2023-04-18 21:20:43,426 - arbiter.master_chief.sa_recon - INFO - Starting recon of 0x404fa7
2023-04-18 21:20:43,426 - arbiter.master_chief.sa_recon - INFO - Starting recon of 0x404fb0
2023-04-18 21:20:43,426 - arbiter.master_chief.sa_recon - INFO - Starting recon of 0x404fcc
2023-04-18 21:20:43,426 - arbiter.master_chief.sa_recon - INFO - Starting recon of 0x404fd0
2023-04-18 21:20:43,426 - arbiter.master_chief.sa_recon - INFO - Starting recon of 0x40507b
2023-04-18 21:20:43,426 - arbiter.master_chief.sa_recon - INFO - Starting recon of 0x40509e
2023-04-18 21:20:43,426 - arbiter.master_chief.sa_recon - INFO - Starting recon of 0x405135
2023-04-18 21:20:43,426 - arbiter.master_chief.sa_recon - INFO - Starting recon of 0x405196
2023-04-18 21:20:43,426 - arbiter.master_chief.sa_recon - INFO - Starting recon of 0x4051d9
2023-04-18 21:20:43,426 - arbiter.master_chief.sa_recon - INFO - Starting recon of 0x405267
2023-04-18 21:20:43,427 - arbiter.master_chief.sa_recon - INFO - Starting recon of 0x4052c4
2023-04-18 21:20:43,427 - arbiter.master_chief.sa_recon - INFO - Starting recon of 0x4052fe
2023-04-18 21:20:43,427 - arbiter.master_chief.sa_recon - INFO - Starting recon of 0x405375
2023-04-18 21:20:43,427 - arbiter.master_chief.sa_recon - INFO - Starting recon of 0x405411
2023-04-18 21:20:43,427 - arbiter.master_chief.sa_recon - INFO - Starting recon of 0x405420
2023-04-18 21:20:43,427 - arbiter.master_chief.sa_recon - INFO - Starting recon of 0x405440
2023-04-18 21:20:43,427 - arbiter.master_chief.sa_recon - INFO - Starting recon of 0x405463
2023-04-18 21:20:43,427 - arbiter.master_chief.sa_recon - INFO - Starting recon of 0x4054cf
2023-04-18 21:20:43,427 - arbiter.master_chief.sa_recon - INFO - Starting recon of 0x4054d0
2023-04-18 21:20:43,427 - arbiter.master_chief.sa_recon - INFO - Starting recon of 0x405539
2023-04-18 21:20:43,428 - arbiter.master_chief.sa_recon - INFO - Starting recon of 0x4055a3
2023-04-18 21:20:43,428 - arbiter.master_chief.sa_recon - INFO - Starting recon of 0x4055b0
2023-04-18 21:20:43,428 - arbiter.master_chief.sa_recon - INFO - Starting recon of 0x405634
2023-04-18 21:20:43,428 - arbiter.master_chief.sa_recon - INFO - Starting recon of 0x405640
2023-04-18 21:20:43,428 - arbiter.master_chief.sa_recon - DEBUG - Adding target function sub_405640:0x405640
2023-04-18 21:20:43,428 - arbiter.master_chief.sa_recon - INFO - Starting recon of 0x40565e
2023-04-18 21:20:43,428 - arbiter.master_chief.sa_recon - INFO - Starting recon of 0x405660
2023-04-18 21:20:43,428 - arbiter.master_chief.sa_recon - INFO - Starting recon of 0x405685
2023-04-18 21:20:43,428 - arbiter.master_chief.sa_recon - INFO - Starting recon of 0x405690
2023-04-18 21:20:43,428 - arbiter.master_chief.sa_recon - INFO - Starting recon of 0x405696
2023-04-18 21:20:43,428 - arbiter.master_chief.sa_recon - INFO - Starting recon of 0x4056a0
2023-04-18 21:20:43,428 - arbiter.master_chief.sa_recon - DEBUG - Adding target function sub_4056a0:0x4056a0
2023-04-18 21:20:43,428 - arbiter.master_chief.sa_recon - INFO - Starting recon of 0x4056c6
2023-04-18 21:20:43,429 - arbiter.master_chief.sa_recon - INFO - Starting recon of 0x4056de
2023-04-18 21:20:43,429 - arbiter.master_chief.sa_recon - INFO - Starting recon of 0x4056e0
2023-04-18 21:20:43,429 - arbiter.master_chief.sa_recon - INFO - Starting recon of 0x405705
2023-04-18 21:20:43,429 - arbiter.master_chief.sa_recon - INFO - Starting recon of 0x405710
2023-04-18 21:20:43,429 - arbiter.master_chief.sa_recon - INFO - Starting recon of 0x40574d
2023-04-18 21:20:43,429 - arbiter.master_chief.sa_recon - INFO - Starting recon of 0x405771
2023-04-18 21:20:43,429 - arbiter.master_chief.sa_recon - INFO - Starting recon of 0x405794
2023-04-18 21:20:43,429 - arbiter.master_chief.sa_recon - INFO - Starting recon of 0x4057a0
2023-04-18 21:20:43,429 - arbiter.master_chief.sa_recon - INFO - Starting recon of 0x4057d1
2023-04-18 21:20:43,430 - arbiter.master_chief.sa_recon - INFO - Starting recon of 0x4057ea
2023-04-18 21:20:43,430 - arbiter.master_chief.sa_recon - INFO - Starting recon of 0x4057f8
2023-04-18 21:20:43,430 - arbiter.master_chief.sa_recon - INFO - Starting recon of 0x405800
2023-04-18 21:20:43,430 - arbiter.master_chief.sa_recon - INFO - Starting recon of 0x40581d
2023-04-18 21:20:43,430 - arbiter.master_chief.sa_recon - INFO - Starting recon of 0x405820
2023-04-18 21:20:43,430 - arbiter.master_chief.sa_recon - DEBUG - Adding target function sub_405820:0x405820
2023-04-18 21:20:43,430 - arbiter.master_chief.sa_recon - INFO - Starting recon of 0x405852
2023-04-18 21:20:43,430 - arbiter.master_chief.sa_recon - INFO - Starting recon of 0x405860
2023-04-18 21:20:43,430 - arbiter.master_chief.sa_recon - INFO - Starting recon of 0x40588e
2023-04-18 21:20:43,430 - arbiter.master_chief.sa_recon - INFO - Starting recon of 0x405890
2023-04-18 21:20:43,430 - arbiter.master_chief.sa_recon - INFO - Starting recon of 0x4058a7
2023-04-18 21:20:43,431 - arbiter.master_chief.sa_recon - INFO - Starting recon of 0x4058b0
2023-04-18 21:20:43,431 - arbiter.master_chief.sa_recon - INFO - Starting recon of 0x4058eb
2023-04-18 21:20:43,431 - arbiter.master_chief.sa_recon - INFO - Starting recon of 0x4058f0
2023-04-18 21:20:43,431 - arbiter.master_chief.sa_recon - INFO - Starting recon of 0x405957
2023-04-18 21:20:43,431 - arbiter.master_chief.sa_recon - INFO - Starting recon of 0x40597f
2023-04-18 21:20:43,431 - arbiter.master_chief.sa_recon - INFO - Starting recon of 0x405980
2023-04-18 21:20:43,431 - arbiter.master_chief.sa_recon - INFO - Starting recon of 0x4059c3
2023-04-18 21:20:43,431 - arbiter.master_chief.sa_recon - INFO - Starting recon of 0x4059e5
2023-04-18 21:20:43,431 - arbiter.master_chief.sa_recon - INFO - Starting recon of 0x4059f0
2023-04-18 21:20:43,431 - arbiter.master_chief.sa_recon - INFO - Starting recon of 0x405a2e
2023-04-18 21:20:43,431 - arbiter.master_chief.sa_recon - INFO - Starting recon of 0x405a3d
2023-04-18 21:20:43,431 - arbiter.master_chief.sa_recon - INFO - Starting recon of 0x405a40
2023-04-18 21:20:43,432 - arbiter.master_chief.sa_recon - INFO - Starting recon of 0x405a6a
2023-04-18 21:20:43,432 - arbiter.master_chief.sa_recon - INFO - Starting recon of 0x405a7c
2023-04-18 21:20:43,432 - arbiter.master_chief.sa_recon - INFO - Starting recon of 0x405a80
2023-04-18 21:20:43,432 - arbiter.master_chief.sa_recon - INFO - Starting recon of 0x405ac9
2023-04-18 21:20:43,432 - arbiter.master_chief.sa_recon - INFO - Starting recon of 0x405af8
2023-04-18 21:20:43,432 - arbiter.master_chief.sa_recon - INFO - Starting recon of 0x405b0a
2023-04-18 21:20:43,432 - arbiter.master_chief.sa_recon - INFO - Starting recon of 0x405b10
2023-04-18 21:20:43,432 - arbiter.master_chief.sa_recon - INFO - Starting recon of 0x405b38
2023-04-18 21:20:43,432 - arbiter.master_chief.sa_recon - INFO - Starting recon of 0x405b58
2023-04-18 21:20:43,432 - arbiter.master_chief.sa_recon - INFO - Starting recon of 0x405b60
2023-04-18 21:20:43,433 - arbiter.master_chief.sa_recon - INFO - Starting recon of 0x405b83
2023-04-18 21:20:43,433 - arbiter.master_chief.sa_recon - INFO - Starting recon of 0x405bd3
2023-04-18 21:20:43,433 - arbiter.master_chief.sa_recon - INFO - Starting recon of 0x405be0
2023-04-18 21:20:43,433 - arbiter.master_chief.sa_recon - INFO - Starting recon of 0x405c45
2023-04-18 21:20:43,433 - arbiter.master_chief.sa_recon - INFO - Starting recon of 0x405c50
2023-04-18 21:20:43,433 - arbiter.master_chief.sa_recon - INFO - Starting recon of 0x405c55
2023-04-18 21:20:43,433 - arbiter.master_chief.sa_recon - INFO - Starting recon of 0x405c60
2023-04-18 21:20:43,434 - arbiter.master_chief.sa_recon - INFO - Starting recon of 0x405c74
2023-04-18 21:20:43,434 - arbiter.master_chief.sa_recon - INFO - Starting recon of 0x500000
2023-04-18 21:20:43,434 - arbiter.master_chief.sa_recon - INFO - Starting recon of 0x500028
2023-04-18 21:20:43,434 - arbiter.master_chief.sa_recon - INFO - Starting recon of 0x500030
2023-04-18 21:20:43,434 - arbiter.master_chief.sa_recon - INFO - Starting recon of 0x500038
2023-04-18 21:20:43,434 - arbiter.master_chief.sa_recon - INFO - Starting recon of 0x500040
2023-04-18 21:20:43,434 - arbiter.master_chief.sa_recon - INFO - Starting recon of 0x500048
2023-04-18 21:20:43,434 - arbiter.master_chief.sa_recon - INFO - Starting recon of 0x500050
2023-04-18 21:20:43,434 - arbiter.master_chief.sa_recon - INFO - Starting recon of 0x500058
2023-04-18 21:20:43,434 - arbiter.master_chief.sa_recon - INFO - Starting recon of 0x500060
2023-04-18 21:20:43,435 - arbiter.master_chief.sa_recon - INFO - Starting recon of 0x500068
2023-04-18 21:20:43,435 - arbiter.master_chief.sa_recon - INFO - Starting recon of 0x500070
2023-04-18 21:20:43,435 - arbiter.master_chief.sa_recon - INFO - Starting recon of 0x500078
2023-04-18 21:20:43,435 - arbiter.master_chief.sa_recon - INFO - Starting recon of 0x500080
2023-04-18 21:20:43,435 - arbiter.master_chief.sa_recon - INFO - Starting recon of 0x500088
2023-04-18 21:20:43,435 - arbiter.master_chief.sa_recon - INFO - Starting recon of 0x500090
2023-04-18 21:20:43,435 - arbiter.master_chief.sa_recon - INFO - Starting recon of 0x500098
2023-04-18 21:20:43,435 - arbiter.master_chief.sa_recon - INFO - Starting recon of 0x5000a0
2023-04-18 21:20:43,435 - arbiter.master_chief.sa_recon - INFO - Starting recon of 0x5000a8
2023-04-18 21:20:43,435 - arbiter.master_chief.sa_recon - INFO - Starting recon of 0x5000b0
2023-04-18 21:20:43,435 - arbiter.master_chief.sa_recon - INFO - Starting recon of 0x5000b8
2023-04-18 21:20:43,435 - arbiter.master_chief.sa_recon - INFO - Starting recon of 0x5000c0
2023-04-18 21:20:43,435 - arbiter.master_chief.sa_recon - INFO - Starting recon of 0x5000c8
2023-04-18 21:20:43,436 - arbiter.master_chief.sa_recon - INFO - Starting recon of 0x5000d0
2023-04-18 21:20:43,436 - arbiter.master_chief.sa_recon - INFO - Starting recon of 0x5000d8
2023-04-18 21:20:43,436 - arbiter.master_chief.sa_recon - INFO - Starting recon of 0x5000e0
2023-04-18 21:20:43,436 - arbiter.master_chief.sa_recon - INFO - Starting recon of 0x5000e8
2023-04-18 21:20:43,436 - arbiter.master_chief.sa_recon - INFO - Starting recon of 0x5000f0
2023-04-18 21:20:43,436 - arbiter.master_chief.sa_recon - INFO - Starting recon of 0x5000f8
2023-04-18 21:20:43,436 - arbiter.master_chief.sa_recon - INFO - Starting recon of 0x500100
2023-04-18 21:20:43,436 - arbiter.master_chief.sa_recon - INFO - Starting recon of 0x500108
2023-04-18 21:20:43,436 - arbiter.master_chief.sa_recon - INFO - Starting recon of 0x500110
2023-04-18 21:20:43,436 - arbiter.master_chief.sa_recon - INFO - Starting recon of 0x500118
2023-04-18 21:20:43,436 - arbiter.master_chief.sa_recon - INFO - Starting recon of 0x500120
2023-04-18 21:20:43,437 - arbiter.master_chief.sa_recon - INFO - Starting recon of 0x500128
2023-04-18 21:20:43,437 - arbiter.master_chief.sa_recon - INFO - Starting recon of 0x500130
2023-04-18 21:20:43,437 - arbiter.master_chief.sa_recon - INFO - Starting recon of 0x500138
2023-04-18 21:20:43,437 - arbiter.master_chief.sa_recon - INFO - Starting recon of 0x500140
2023-04-18 21:20:43,437 - arbiter.master_chief.sa_recon - INFO - Starting recon of 0x500148
2023-04-18 21:20:43,437 - arbiter.master_chief.sa_recon - INFO - Starting recon of 0x500150
2023-04-18 21:20:43,437 - arbiter.master_chief.sa_recon - INFO - Starting recon of 0x500158
2023-04-18 21:20:43,437 - arbiter.master_chief.sa_recon - INFO - Starting recon of 0x500160
2023-04-18 21:20:43,437 - arbiter.master_chief.sa_recon - INFO - Starting recon of 0x500168
2023-04-18 21:20:43,437 - arbiter.master_chief.sa_recon - INFO - Starting recon of 0x601050
2023-04-18 21:20:43,437 - arbiter.master_chief.sa_recon - INFO - Starting recon of 0x601058
2023-04-18 21:20:43,438 - arbiter.master_chief.sa_advanced - DEBUG - Analysis of function @ 0x405640
2023-04-18 21:20:43,438 - arbiter.master_chief.sa_advanced - DEBUG - Creating CFGEmulated for function @ 0x405640
2023-04-18 21:20:43,520 - arbiter.master_chief.sa_advanced - DEBUG - Creating DDG for function @ 0x405640 (call_depth=1)
2023-04-18 21:20:43,560 - arbiter.master_chief.sa_advanced - DEBUG - Creating CDG for function @ 0x405640
2023-04-18 21:20:43,562 - arbiter.master_chief.sa_advanced - DEBUG - Starting back tracking for 0x405640
2023-04-18 21:20:43,562 - arbiter.master_chief.sa_advanced - ERROR - Could not find target instruction
2023-04-18 21:20:43,563 - arbiter.master_chief.sa_advanced - INFO - No valid sinks in function @ 0x405640
2023-04-18 21:20:43,563 - arbiter.master_chief.sa_advanced - DEBUG - Analysis of function @ 0x4056a0
2023-04-18 21:20:43,563 - arbiter.master_chief.sa_advanced - DEBUG - Creating CFGEmulated for function @ 0x4056a0
2023-04-18 21:20:43,744 - arbiter.master_chief.sa_advanced - DEBUG - Creating DDG for function @ 0x4056a0 (call_depth=1)
2023-04-18 21:20:43,873 - arbiter.master_chief.sa_advanced - DEBUG - Creating CDG for function @ 0x4056a0
2023-04-18 21:20:43,875 - arbiter.master_chief.sa_advanced - DEBUG - Starting back tracking for 0x4056b2
2023-04-18 21:20:43,907 - arbiter.master_chief.sa_advanced - INFO - Found source at arg num : 2
2023-04-18 21:20:43,907 - arbiter.master_chief.sa_advanced - INFO - 1 sinks in function @ 0x4056a0
2023-04-18 21:20:43,907 - arbiter.master_chief.sa_advanced - DEBUG - Analysis of function @ 0x405820
2023-04-18 21:20:43,908 - arbiter.master_chief.sa_advanced - DEBUG - Creating CFGEmulated for function @ 0x405820
2023-04-18 21:20:43,988 - arbiter.master_chief.sa_advanced - DEBUG - Creating DDG for function @ 0x405820 (call_depth=1)
2023-04-18 21:20:44,003 - arbiter.master_chief.sa_advanced - DEBUG - Creating CDG for function @ 0x405820
2023-04-18 21:20:44,005 - arbiter.master_chief.sa_advanced - DEBUG - Starting back tracking for 0x40583e
2023-04-18 21:20:44,005 - arbiter.master_chief.sa_advanced - ERROR - Could not find target instruction
2023-04-18 21:20:44,005 - arbiter.master_chief.sa_advanced - INFO - No valid sinks in function @ 0x405820
2023-04-18 21:20:44,007 - arbiter.master_chief.symbolic_execution - DEBUG - Creating initial state for sub_4056a0
2023-04-18 21:20:44,013 - arbiter.master_chief.symbolic_execution - INFO - Starting exploration 0x4056a0 => 0x4056b2
2023-04-18 21:20:44,013 - arbiter.master_chief.symbolic_execution - DEBUG - Watchdog started, waiting for 300s
2023-04-18 21:20:44,137 - arbiter.master_chief.symbolic_execution - DEBUG - Found 1 paths; active paths remaining
2023-04-18 21:20:44,141 - arbiter.master_chief.symbolic_execution - INFO - Applying constraints for sink : realloc
2023-04-18 21:20:44,188 - arbiter.master_chief.symbolic_execution - INFO - Got Unsat
2023-04-18 21:20:44,189 - arbiter.master_chief.symbolic_execution - DEBUG - Wrapping up 2 active paths
2023-04-18 21:20:44,194 - arbiter.master_chief.symbolic_execution - DEBUG - Found 1 paths; active paths remaining
2023-04-18 21:20:44,202 - arbiter.master_chief.symbolic_execution - INFO - Applying constraints for sink : realloc
2023-04-18 21:20:44,244 - arbiter.master_chief.symbolic_execution - INFO - Got Unsat
2023-04-18 21:20:44,244 - arbiter.master_chief.symbolic_execution - DEBUG - Wrapping up 1 active paths
2023-04-18 21:20:44,261 - arbiter.master_chief.symbolic_execution - DEBUG - Found 0 paths
2023-04-18 21:20:44,262 - arbiter.master_chief.symbolic_execution - DEBUG - Waiting for watchdog to join
2023-04-18 21:46:45,129 - arbiter.master_chief.sa_recon - DEBUG - Creating CFG
2023-04-18 21:46:46,774 - arbiter.master_chief.sa_recon - INFO - Starting recon of 0x402000
2023-04-18 21:46:46,775 - arbiter.master_chief.sa_recon - INFO - Starting recon of 0x402020
2023-04-18 21:46:46,775 - arbiter.master_chief.sa_recon - INFO - Starting recon of 0x40202d
2023-04-18 21:46:46,775 - arbiter.master_chief.sa_recon - INFO - Starting recon of 0x402030
2023-04-18 21:46:46,775 - arbiter.master_chief.sa_recon - INFO - Starting recon of 0x40203f
2023-04-18 21:46:46,775 - arbiter.master_chief.sa_recon - INFO - Starting recon of 0x402040
2023-04-18 21:46:46,775 - arbiter.master_chief.sa_recon - INFO - Starting recon of 0x40204f
2023-04-18 21:46:46,775 - arbiter.master_chief.sa_recon - INFO - Starting recon of 0x402050
2023-04-18 21:46:46,775 - arbiter.master_chief.sa_recon - INFO - Starting recon of 0x40205f
2023-04-18 21:46:46,775 - arbiter.master_chief.sa_recon - INFO - Starting recon of 0x402060
2023-04-18 21:46:46,775 - arbiter.master_chief.sa_recon - INFO - Starting recon of 0x40206f
2023-04-18 21:46:46,775 - arbiter.master_chief.sa_recon - INFO - Starting recon of 0x402070
2023-04-18 21:46:46,775 - arbiter.master_chief.sa_recon - INFO - Starting recon of 0x40207f
2023-04-18 21:46:46,775 - arbiter.master_chief.sa_recon - INFO - Starting recon of 0x402080
2023-04-18 21:46:46,776 - arbiter.master_chief.sa_recon - INFO - Starting recon of 0x40208f
2023-04-18 21:46:46,776 - arbiter.master_chief.sa_recon - INFO - Starting recon of 0x402090
2023-04-18 21:46:46,776 - arbiter.master_chief.sa_recon - INFO - Starting recon of 0x40209f
2023-04-18 21:46:46,776 - arbiter.master_chief.sa_recon - INFO - Starting recon of 0x4020a0
2023-04-18 21:46:46,776 - arbiter.master_chief.sa_recon - INFO - Starting recon of 0x4020af
2023-04-18 21:46:46,776 - arbiter.master_chief.sa_recon - INFO - Starting recon of 0x4020b0
2023-04-18 21:46:46,776 - arbiter.master_chief.sa_recon - INFO - Starting recon of 0x4020bf
2023-04-18 21:46:46,776 - arbiter.master_chief.sa_recon - INFO - Starting recon of 0x4020c0
2023-04-18 21:46:46,776 - arbiter.master_chief.sa_recon - INFO - Starting recon of 0x4020cf
2023-04-18 21:46:46,776 - arbiter.master_chief.sa_recon - INFO - Starting recon of 0x4020d0
2023-04-18 21:46:46,776 - arbiter.master_chief.sa_recon - INFO - Starting recon of 0x4020df
2023-04-18 21:46:46,776 - arbiter.master_chief.sa_recon - INFO - Starting recon of 0x4020e0
2023-04-18 21:46:46,776 - arbiter.master_chief.sa_recon - INFO - Starting recon of 0x4020ef
2023-04-18 21:46:46,776 - arbiter.master_chief.sa_recon - INFO - Starting recon of 0x4020f0
2023-04-18 21:46:46,777 - arbiter.master_chief.sa_recon - INFO - Starting recon of 0x4020ff
2023-04-18 21:46:46,777 - arbiter.master_chief.sa_recon - INFO - Starting recon of 0x402100
2023-04-18 21:46:46,777 - arbiter.master_chief.sa_recon - INFO - Starting recon of 0x40210f
2023-04-18 21:46:46,777 - arbiter.master_chief.sa_recon - INFO - Starting recon of 0x402110
2023-04-18 21:46:46,777 - arbiter.master_chief.sa_recon - INFO - Starting recon of 0x40211f
2023-04-18 21:46:46,777 - arbiter.master_chief.sa_recon - INFO - Starting recon of 0x402120
2023-04-18 21:46:46,777 - arbiter.master_chief.sa_recon - INFO - Starting recon of 0x40212f
2023-04-18 21:46:46,777 - arbiter.master_chief.sa_recon - INFO - Starting recon of 0x402130
2023-04-18 21:46:46,777 - arbiter.master_chief.sa_recon - INFO - Starting recon of 0x40213f
2023-04-18 21:46:46,777 - arbiter.master_chief.sa_recon - INFO - Starting recon of 0x402140
2023-04-18 21:46:46,777 - arbiter.master_chief.sa_recon - INFO - Starting recon of 0x40214f
2023-04-18 21:46:46,777 - arbiter.master_chief.sa_recon - INFO - Starting recon of 0x402150
2023-04-18 21:46:46,777 - arbiter.master_chief.sa_recon - INFO - Starting recon of 0x40215f
2023-04-18 21:46:46,777 - arbiter.master_chief.sa_recon - INFO - Starting recon of 0x402160
2023-04-18 21:46:46,778 - arbiter.master_chief.sa_recon - INFO - Starting recon of 0x40216f
2023-04-18 21:46:46,778 - arbiter.master_chief.sa_recon - INFO - Starting recon of 0x402170
2023-04-18 21:46:46,778 - arbiter.master_chief.sa_recon - INFO - Starting recon of 0x40217f
2023-04-18 21:46:46,778 - arbiter.master_chief.sa_recon - INFO - Starting recon of 0x402180
2023-04-18 21:46:46,778 - arbiter.master_chief.sa_recon - INFO - Starting recon of 0x40218f
2023-04-18 21:46:46,778 - arbiter.master_chief.sa_recon - INFO - Starting recon of 0x402190
2023-04-18 21:46:46,778 - arbiter.master_chief.sa_recon - INFO - Starting recon of 0x40219f
2023-04-18 21:46:46,778 - arbiter.master_chief.sa_recon - INFO - Starting recon of 0x4021a0
2023-04-18 21:46:46,778 - arbiter.master_chief.sa_recon - INFO - Starting recon of 0x4021af
2023-04-18 21:46:46,778 - arbiter.master_chief.sa_recon - INFO - Starting recon of 0x4021b0
2023-04-18 21:46:46,778 - arbiter.master_chief.sa_recon - INFO - Starting recon of 0x4021bf
2023-04-18 21:46:46,778 - arbiter.master_chief.sa_recon - INFO - Starting recon of 0x4021c0
2023-04-18 21:46:46,778 - arbiter.master_chief.sa_recon - INFO - Starting recon of 0x4021cf
2023-04-18 21:46:46,778 - arbiter.master_chief.sa_recon - INFO - Starting recon of 0x4021d0
2023-04-18 21:46:46,778 - arbiter.master_chief.sa_recon - INFO - Starting recon of 0x4021df
2023-04-18 21:46:46,778 - arbiter.master_chief.sa_recon - INFO - Starting recon of 0x4021e0
2023-04-18 21:46:46,779 - arbiter.master_chief.sa_recon - INFO - Starting recon of 0x4021ef
2023-04-18 21:46:46,779 - arbiter.master_chief.sa_recon - INFO - Starting recon of 0x4021f0
2023-04-18 21:46:46,779 - arbiter.master_chief.sa_recon - INFO - Starting recon of 0x4021ff
2023-04-18 21:46:46,779 - arbiter.master_chief.sa_recon - INFO - Starting recon of 0x402200
2023-04-18 21:46:46,779 - arbiter.master_chief.sa_recon - INFO - Starting recon of 0x40220f
2023-04-18 21:46:46,779 - arbiter.master_chief.sa_recon - INFO - Starting recon of 0x402210
2023-04-18 21:46:46,779 - arbiter.master_chief.sa_recon - INFO - Starting recon of 0x40221f
2023-04-18 21:46:46,779 - arbiter.master_chief.sa_recon - INFO - Starting recon of 0x402220
2023-04-18 21:46:46,779 - arbiter.master_chief.sa_recon - INFO - Starting recon of 0x40222f
2023-04-18 21:46:46,779 - arbiter.master_chief.sa_recon - INFO - Starting recon of 0x402230
2023-04-18 21:46:46,779 - arbiter.master_chief.sa_recon - INFO - Starting recon of 0x40223f
2023-04-18 21:46:46,779 - arbiter.master_chief.sa_recon - INFO - Starting recon of 0x402240
2023-04-18 21:46:46,779 - arbiter.master_chief.sa_recon - INFO - Starting recon of 0x40224f
2023-04-18 21:46:46,780 - arbiter.master_chief.sa_recon - INFO - Starting recon of 0x402250
2023-04-18 21:46:46,780 - arbiter.master_chief.sa_recon - INFO - Starting recon of 0x40225f
2023-04-18 21:46:46,780 - arbiter.master_chief.sa_recon - INFO - Starting recon of 0x402260
2023-04-18 21:46:46,780 - arbiter.master_chief.sa_recon - INFO - Starting recon of 0x40226f
2023-04-18 21:46:46,780 - arbiter.master_chief.sa_recon - INFO - Starting recon of 0x402270
2023-04-18 21:46:46,780 - arbiter.master_chief.sa_recon - INFO - Starting recon of 0x40227f
2023-04-18 21:46:46,780 - arbiter.master_chief.sa_recon - INFO - Starting recon of 0x402280
2023-04-18 21:46:46,780 - arbiter.master_chief.sa_recon - INFO - Starting recon of 0x40228f
2023-04-18 21:46:46,780 - arbiter.master_chief.sa_recon - INFO - Starting recon of 0x402290
2023-04-18 21:46:46,780 - arbiter.master_chief.sa_recon - INFO - Starting recon of 0x40229f
2023-04-18 21:46:46,780 - arbiter.master_chief.sa_recon - INFO - Starting recon of 0x4022a0
2023-04-18 21:46:46,780 - arbiter.master_chief.sa_recon - INFO - Starting recon of 0x4022af
2023-04-18 21:46:46,780 - arbiter.master_chief.sa_recon - INFO - Starting recon of 0x4022b0
2023-04-18 21:46:46,780 - arbiter.master_chief.sa_recon - INFO - Starting recon of 0x4022bf
2023-04-18 21:46:46,781 - arbiter.master_chief.sa_recon - INFO - Starting recon of 0x4022c0
2023-04-18 21:46:46,781 - arbiter.master_chief.sa_recon - INFO - Starting recon of 0x4022d0
2023-04-18 21:46:46,781 - arbiter.master_chief.sa_recon - INFO - Starting recon of 0x4022e0
2023-04-18 21:46:46,781 - arbiter.master_chief.sa_recon - INFO - Starting recon of 0x4022f0
2023-04-18 21:46:46,781 - arbiter.master_chief.sa_recon - INFO - Starting recon of 0x402300
2023-04-18 21:46:46,781 - arbiter.master_chief.sa_recon - INFO - Starting recon of 0x402310
2023-04-18 21:46:46,781 - arbiter.master_chief.sa_recon - INFO - Starting recon of 0x402320
2023-04-18 21:46:46,781 - arbiter.master_chief.sa_recon - INFO - Starting recon of 0x402330
2023-04-18 21:46:46,781 - arbiter.master_chief.sa_recon - INFO - Starting recon of 0x402340
2023-04-18 21:46:46,781 - arbiter.master_chief.sa_recon - INFO - Starting recon of 0x402350
2023-04-18 21:46:46,781 - arbiter.master_chief.sa_recon - INFO - Starting recon of 0x402360
2023-04-18 21:46:46,781 - arbiter.master_chief.sa_recon - INFO - Starting recon of 0x402370
2023-04-18 21:46:46,781 - arbiter.master_chief.sa_recon - INFO - Starting recon of 0x402380
2023-04-18 21:46:46,782 - arbiter.master_chief.sa_recon - INFO - Starting recon of 0x402390
2023-04-18 21:46:46,782 - arbiter.master_chief.sa_recon - INFO - Starting recon of 0x4023a0
2023-04-18 21:46:46,782 - arbiter.master_chief.sa_recon - INFO - Starting recon of 0x4023b0
2023-04-18 21:46:46,782 - arbiter.master_chief.sa_recon - INFO - Starting recon of 0x4023c0
2023-04-18 21:46:46,782 - arbiter.master_chief.sa_recon - INFO - Starting recon of 0x4023d0
2023-04-18 21:46:46,782 - arbiter.master_chief.sa_recon - INFO - Starting recon of 0x4023e0
2023-04-18 21:46:46,782 - arbiter.master_chief.sa_recon - INFO - Starting recon of 0x4023f0
2023-04-18 21:46:46,782 - arbiter.master_chief.sa_recon - INFO - Starting recon of 0x402400
2023-04-18 21:46:46,782 - arbiter.master_chief.sa_recon - INFO - Starting recon of 0x402410
2023-04-18 21:46:46,782 - arbiter.master_chief.sa_recon - INFO - Starting recon of 0x402420
2023-04-18 21:46:46,782 - arbiter.master_chief.sa_recon - INFO - Starting recon of 0x402430
2023-04-18 21:46:46,782 - arbiter.master_chief.sa_recon - INFO - Starting recon of 0x402440
2023-04-18 21:46:46,783 - arbiter.master_chief.sa_recon - INFO - Starting recon of 0x402450
2023-04-18 21:46:46,783 - arbiter.master_chief.sa_recon - INFO - Starting recon of 0x402460
2023-04-18 21:46:46,783 - arbiter.master_chief.sa_recon - INFO - Starting recon of 0x402470
2023-04-18 21:46:46,783 - arbiter.master_chief.sa_recon - INFO - Starting recon of 0x402480
2023-04-18 21:46:46,783 - arbiter.master_chief.sa_recon - INFO - Starting recon of 0x402490
2023-04-18 21:46:46,783 - arbiter.master_chief.sa_recon - INFO - Starting recon of 0x4024a0
2023-04-18 21:46:46,783 - arbiter.master_chief.sa_recon - INFO - Starting recon of 0x4024b0
2023-04-18 21:46:46,783 - arbiter.master_chief.sa_recon - INFO - Starting recon of 0x4024c0
2023-04-18 21:46:46,783 - arbiter.master_chief.sa_recon - INFO - Starting recon of 0x4024d0
2023-04-18 21:46:46,783 - arbiter.master_chief.sa_recon - INFO - Starting recon of 0x4024e0
2023-04-18 21:46:46,783 - arbiter.master_chief.sa_recon - INFO - Starting recon of 0x4024f0
2023-04-18 21:46:46,783 - arbiter.master_chief.sa_recon - INFO - Starting recon of 0x402500
2023-04-18 21:46:46,784 - arbiter.master_chief.sa_recon - INFO - Starting recon of 0x402510
2023-04-18 21:46:46,784 - arbiter.master_chief.sa_recon - INFO - Starting recon of 0x402520
2023-04-18 21:46:46,784 - arbiter.master_chief.sa_recon - INFO - Starting recon of 0x402530
2023-04-18 21:46:46,784 - arbiter.master_chief.sa_recon - INFO - Starting recon of 0x402540
2023-04-18 21:46:46,784 - arbiter.master_chief.sa_recon - INFO - Starting recon of 0x402550
2023-04-18 21:46:46,784 - arbiter.master_chief.sa_recon - INFO - Starting recon of 0x402560
2023-04-18 21:46:46,784 - arbiter.master_chief.sa_recon - INFO - Starting recon of 0x402588
2023-04-18 21:46:46,784 - arbiter.master_chief.sa_recon - INFO - Starting recon of 0x402590
2023-04-18 21:46:46,784 - arbiter.master_chief.sa_recon - INFO - Starting recon of 0x4026d4
2023-04-18 21:46:46,784 - arbiter.master_chief.sa_recon - INFO - Starting recon of 0x402bdb
2023-04-18 21:46:46,784 - arbiter.master_chief.sa_recon - INFO - Starting recon of 0x402be0
2023-04-18 21:46:46,785 - arbiter.master_chief.sa_recon - INFO - Starting recon of 0x402c0e
2023-04-18 21:46:46,785 - arbiter.master_chief.sa_recon - INFO - Starting recon of 0x402c0f
2023-04-18 21:46:46,785 - arbiter.master_chief.sa_recon - INFO - Starting recon of 0x402c10
2023-04-18 21:46:46,785 - arbiter.master_chief.sa_recon - INFO - Starting recon of 0x402c31
2023-04-18 21:46:46,785 - arbiter.master_chief.sa_recon - INFO - Starting recon of 0x402c39
2023-04-18 21:46:46,785 - arbiter.master_chief.sa_recon - INFO - Starting recon of 0x402c72
2023-04-18 21:46:46,785 - arbiter.master_chief.sa_recon - INFO - Starting recon of 0x402c79
2023-04-18 21:46:46,785 - arbiter.master_chief.sa_recon - INFO - Starting recon of 0x402c80
2023-04-18 21:46:46,785 - arbiter.master_chief.sa_recon - INFO - Starting recon of 0x402cb5
2023-04-18 21:46:46,785 - arbiter.master_chief.sa_recon - INFO - Starting recon of 0x402cb9
2023-04-18 21:46:46,785 - arbiter.master_chief.sa_recon - INFO - Starting recon of 0x402cc0
2023-04-18 21:46:46,785 - arbiter.master_chief.sa_recon - INFO - Starting recon of 0x402cc9
2023-04-18 21:46:46,785 - arbiter.master_chief.sa_recon - INFO - Starting recon of 0x402cd0
2023-04-18 21:46:46,785 - arbiter.master_chief.sa_recon - INFO - Starting recon of 0x402ceb
2023-04-18 21:46:46,785 - arbiter.master_chief.sa_recon - INFO - Starting recon of 0x402cf8
2023-04-18 21:46:46,785 - arbiter.master_chief.sa_recon - INFO - Starting recon of 0x402d06
2023-04-18 21:46:46,785 - arbiter.master_chief.sa_recon - INFO - Starting recon of 0x402d16
2023-04-18 21:46:46,785 - arbiter.master_chief.sa_recon - INFO - Starting recon of 0x402d26
2023-04-18 21:46:46,785 - arbiter.master_chief.sa_recon - INFO - Starting recon of 0x402d36
2023-04-18 21:46:46,785 - arbiter.master_chief.sa_recon - INFO - Starting recon of 0x402d46
2023-04-18 21:46:46,785 - arbiter.master_chief.sa_recon - INFO - Starting recon of 0x402d56
2023-04-18 21:46:46,786 - arbiter.master_chief.sa_recon - INFO - Starting recon of 0x402d60
2023-04-18 21:46:46,786 - arbiter.master_chief.sa_recon - INFO - Starting recon of 0x403170
2023-04-18 21:46:46,786 - arbiter.master_chief.sa_recon - INFO - Starting recon of 0x40317c
2023-04-18 21:46:46,786 - arbiter.master_chief.sa_recon - INFO - Starting recon of 0x403180
2023-04-18 21:46:46,786 - arbiter.master_chief.sa_recon - INFO - Starting recon of 0x40318c
2023-04-18 21:46:46,786 - arbiter.master_chief.sa_recon - INFO - Starting recon of 0x403190
2023-04-18 21:46:46,786 - arbiter.master_chief.sa_recon - INFO - Starting recon of 0x40323a
2023-04-18 21:46:46,786 - arbiter.master_chief.sa_recon - INFO - Starting recon of 0x403240
2023-04-18 21:46:46,786 - arbiter.master_chief.sa_recon - INFO - Starting recon of 0x4032bb
2023-04-18 21:46:46,786 - arbiter.master_chief.sa_recon - INFO - Starting recon of 0x4032f5
2023-04-18 21:46:46,786 - arbiter.master_chief.sa_recon - INFO - Starting recon of 0x403300
2023-04-18 21:46:46,786 - arbiter.master_chief.sa_recon - INFO - Starting recon of 0x403362
2023-04-18 21:46:46,786 - arbiter.master_chief.sa_recon - INFO - Starting recon of 0x4033a1
2023-04-18 21:46:46,786 - arbiter.master_chief.sa_recon - INFO - Starting recon of 0x4033dd
2023-04-18 21:46:46,787 - arbiter.master_chief.sa_recon - INFO - Starting recon of 0x4033e0
2023-04-18 21:46:46,787 - arbiter.master_chief.sa_recon - INFO - Starting recon of 0x403482
2023-04-18 21:46:46,787 - arbiter.master_chief.sa_recon - INFO - Starting recon of 0x403673
2023-04-18 21:46:46,787 - arbiter.master_chief.sa_recon - INFO - Starting recon of 0x40373f
2023-04-18 21:46:46,787 - arbiter.master_chief.sa_recon - INFO - Starting recon of 0x4039ee
2023-04-18 21:46:46,787 - arbiter.master_chief.sa_recon - INFO - Starting recon of 0x403c59
2023-04-18 21:46:46,787 - arbiter.master_chief.sa_recon - INFO - Starting recon of 0x403c83
2023-04-18 21:46:46,787 - arbiter.master_chief.sa_recon - INFO - Starting recon of 0x403daa
2023-04-18 21:46:46,787 - arbiter.master_chief.sa_recon - INFO - Starting recon of 0x403dd3
2023-04-18 21:46:46,787 - arbiter.master_chief.sa_recon - INFO - Starting recon of 0x403e03
2023-04-18 21:46:46,787 - arbiter.master_chief.sa_recon - INFO - Starting recon of 0x403ec5
2023-04-18 21:46:46,787 - arbiter.master_chief.sa_recon - INFO - Starting recon of 0x403ee2
2023-04-18 21:46:46,787 - arbiter.master_chief.sa_recon - INFO - Starting recon of 0x40407f
2023-04-18 21:46:46,787 - arbiter.master_chief.sa_recon - INFO - Starting recon of 0x40418f
2023-04-18 21:46:46,787 - arbiter.master_chief.sa_recon - INFO - Starting recon of 0x4041ea
2023-04-18 21:46:46,787 - arbiter.master_chief.sa_recon - INFO - Starting recon of 0x4041fd
2023-04-18 21:46:46,787 - arbiter.master_chief.sa_recon - INFO - Starting recon of 0x40446e
2023-04-18 21:46:46,787 - arbiter.master_chief.sa_recon - INFO - Starting recon of 0x40462e
2023-04-18 21:46:46,787 - arbiter.master_chief.sa_recon - INFO - Starting recon of 0x404630
2023-04-18 21:46:46,788 - arbiter.master_chief.sa_recon - INFO - Starting recon of 0x4047a4
2023-04-18 21:46:46,788 - arbiter.master_chief.sa_recon - INFO - Starting recon of 0x4047ce
2023-04-18 21:46:46,788 - arbiter.master_chief.sa_recon - INFO - Starting recon of 0x4047d0
2023-04-18 21:46:46,788 - arbiter.master_chief.sa_recon - INFO - Starting recon of 0x404809
2023-04-18 21:46:46,788 - arbiter.master_chief.sa_recon - INFO - Starting recon of 0x404810
2023-04-18 21:46:46,788 - arbiter.master_chief.sa_recon - INFO - Starting recon of 0x404825
2023-04-18 21:46:46,788 - arbiter.master_chief.sa_recon - INFO - Starting recon of 0x404830
2023-04-18 21:46:46,788 - arbiter.master_chief.sa_recon - INFO - Starting recon of 0x404845
2023-04-18 21:46:46,788 - arbiter.master_chief.sa_recon - INFO - Starting recon of 0x404850
2023-04-18 21:46:46,788 - arbiter.master_chief.sa_recon - INFO - Starting recon of 0x404889
2023-04-18 21:46:46,788 - arbiter.master_chief.sa_recon - INFO - Starting recon of 0x404890
2023-04-18 21:46:46,789 - arbiter.master_chief.sa_recon - INFO - Starting recon of 0x4048a9
2023-04-18 21:46:46,789 - arbiter.master_chief.sa_recon - INFO - Starting recon of 0x4048b0
2023-04-18 21:46:46,789 - arbiter.master_chief.sa_recon - INFO - Starting recon of 0x4048eb
2023-04-18 21:46:46,789 - arbiter.master_chief.sa_recon - INFO - Starting recon of 0x4048f0
2023-04-18 21:46:46,789 - arbiter.master_chief.sa_recon - INFO - Starting recon of 0x404968
2023-04-18 21:46:46,789 - arbiter.master_chief.sa_recon - INFO - Starting recon of 0x404991
2023-04-18 21:46:46,789 - arbiter.master_chief.sa_recon - INFO - Starting recon of 0x404a59
2023-04-18 21:46:46,789 - arbiter.master_chief.sa_recon - INFO - Starting recon of 0x404a60
2023-04-18 21:46:46,789 - arbiter.master_chief.sa_recon - INFO - Starting recon of 0x404a6e
2023-04-18 21:46:46,789 - arbiter.master_chief.sa_recon - INFO - Starting recon of 0x404a70
2023-04-18 21:46:46,789 - arbiter.master_chief.sa_recon - INFO - Starting recon of 0x404b03
2023-04-18 21:46:46,789 - arbiter.master_chief.sa_recon - INFO - Starting recon of 0x404b10
2023-04-18 21:46:46,790 - arbiter.master_chief.sa_recon - INFO - Starting recon of 0x404b27
2023-04-18 21:46:46,790 - arbiter.master_chief.sa_recon - INFO - Starting recon of 0x404b30
2023-04-18 21:46:46,790 - arbiter.master_chief.sa_recon - INFO - Starting recon of 0x404b40
2023-04-18 21:46:46,790 - arbiter.master_chief.sa_recon - INFO - Starting recon of 0x404b5c
2023-04-18 21:46:46,790 - arbiter.master_chief.sa_recon - INFO - Starting recon of 0x404b60
2023-04-18 21:46:46,790 - arbiter.master_chief.sa_recon - INFO - Starting recon of 0x404b78
2023-04-18 21:46:46,790 - arbiter.master_chief.sa_recon - INFO - Starting recon of 0x404b80
2023-04-18 21:46:46,790 - arbiter.master_chief.sa_recon - INFO - Starting recon of 0x404c11
2023-04-18 21:46:46,790 - arbiter.master_chief.sa_recon - INFO - Starting recon of 0x404c20
2023-04-18 21:46:46,790 - arbiter.master_chief.sa_recon - INFO - Starting recon of 0x404cad
2023-04-18 21:46:46,790 - arbiter.master_chief.sa_recon - INFO - Starting recon of 0x404cb0
2023-04-18 21:46:46,790 - arbiter.master_chief.sa_recon - INFO - Starting recon of 0x404cc0
2023-04-18 21:46:46,790 - arbiter.master_chief.sa_recon - INFO - Starting recon of 0x404cd3
2023-04-18 21:46:46,791 - arbiter.master_chief.sa_recon - INFO - Starting recon of 0x404d7d
2023-04-18 21:46:46,791 - arbiter.master_chief.sa_recon - INFO - Starting recon of 0x404d80
2023-04-18 21:46:46,791 - arbiter.master_chief.sa_recon - INFO - Starting recon of 0x404d94
2023-04-18 21:46:46,791 - arbiter.master_chief.sa_recon - INFO - Starting recon of 0x404da0
2023-04-18 21:46:46,791 - arbiter.master_chief.sa_recon - INFO - Starting recon of 0x404db5
2023-04-18 21:46:46,791 - arbiter.master_chief.sa_recon - INFO - Starting recon of 0x404dc0
2023-04-18 21:46:46,791 - arbiter.master_chief.sa_recon - INFO - Starting recon of 0x404dce
2023-04-18 21:46:46,791 - arbiter.master_chief.sa_recon - INFO - Starting recon of 0x404dd0
2023-04-18 21:46:46,791 - arbiter.master_chief.sa_recon - INFO - Starting recon of 0x404e67
2023-04-18 21:46:46,791 - arbiter.master_chief.sa_recon - INFO - Starting recon of 0x404e70
2023-04-18 21:46:46,791 - arbiter.master_chief.sa_recon - INFO - Starting recon of 0x404f08
2023-04-18 21:46:46,791 - arbiter.master_chief.sa_recon - INFO - Starting recon of 0x404f10
2023-04-18 21:46:46,792 - arbiter.master_chief.sa_recon - INFO - Starting recon of 0x404f20
2023-04-18 21:46:46,792 - arbiter.master_chief.sa_recon - INFO - Starting recon of 0x404f3b
2023-04-18 21:46:46,792 - arbiter.master_chief.sa_recon - INFO - Starting recon of 0x404f40
2023-04-18 21:46:46,792 - arbiter.master_chief.sa_recon - INFO - Starting recon of 0x404f57
2023-04-18 21:46:46,792 - arbiter.master_chief.sa_recon - INFO - Starting recon of 0x404f60
2023-04-18 21:46:46,792 - arbiter.master_chief.sa_recon - INFO - Starting recon of 0x404f70
2023-04-18 21:46:46,792 - arbiter.master_chief.sa_recon - INFO - Starting recon of 0x404f88
2023-04-18 21:46:46,792 - arbiter.master_chief.sa_recon - INFO - Starting recon of 0x404f90
2023-04-18 21:46:46,792 - arbiter.master_chief.sa_recon - INFO - Starting recon of 0x404fa7
2023-04-18 21:46:46,792 - arbiter.master_chief.sa_recon - INFO - Starting recon of 0x404fb0
2023-04-18 21:46:46,792 - arbiter.master_chief.sa_recon - INFO - Starting recon of 0x404fcc
2023-04-18 21:46:46,792 - arbiter.master_chief.sa_recon - INFO - Starting recon of 0x404fd0
2023-04-18 21:46:46,793 - arbiter.master_chief.sa_recon - INFO - Starting recon of 0x40507b
2023-04-18 21:46:46,793 - arbiter.master_chief.sa_recon - INFO - Starting recon of 0x40509e
2023-04-18 21:46:46,793 - arbiter.master_chief.sa_recon - INFO - Starting recon of 0x405135
2023-04-18 21:46:46,793 - arbiter.master_chief.sa_recon - INFO - Starting recon of 0x405196
2023-04-18 21:46:46,793 - arbiter.master_chief.sa_recon - INFO - Starting recon of 0x4051d9
2023-04-18 21:46:46,793 - arbiter.master_chief.sa_recon - INFO - Starting recon of 0x405267
2023-04-18 21:46:46,793 - arbiter.master_chief.sa_recon - INFO - Starting recon of 0x4052c4
2023-04-18 21:46:46,793 - arbiter.master_chief.sa_recon - INFO - Starting recon of 0x4052fe
2023-04-18 21:46:46,793 - arbiter.master_chief.sa_recon - INFO - Starting recon of 0x405375
2023-04-18 21:46:46,793 - arbiter.master_chief.sa_recon - INFO - Starting recon of 0x405411
2023-04-18 21:46:46,793 - arbiter.master_chief.sa_recon - INFO - Starting recon of 0x405420
2023-04-18 21:46:46,793 - arbiter.master_chief.sa_recon - INFO - Starting recon of 0x405440
2023-04-18 21:46:46,793 - arbiter.master_chief.sa_recon - INFO - Starting recon of 0x405463
2023-04-18 21:46:46,793 - arbiter.master_chief.sa_recon - INFO - Starting recon of 0x4054cf
2023-04-18 21:46:46,794 - arbiter.master_chief.sa_recon - INFO - Starting recon of 0x4054d0
2023-04-18 21:46:46,794 - arbiter.master_chief.sa_recon - INFO - Starting recon of 0x405539
2023-04-18 21:46:46,794 - arbiter.master_chief.sa_recon - INFO - Starting recon of 0x4055a3
2023-04-18 21:46:46,794 - arbiter.master_chief.sa_recon - INFO - Starting recon of 0x4055b0
2023-04-18 21:46:46,794 - arbiter.master_chief.sa_recon - INFO - Starting recon of 0x405634
2023-04-18 21:46:46,794 - arbiter.master_chief.sa_recon - INFO - Starting recon of 0x405640
2023-04-18 21:46:46,794 - arbiter.master_chief.sa_recon - DEBUG - Adding target function sub_405640:0x405640
2023-04-18 21:46:46,794 - arbiter.master_chief.sa_recon - INFO - Starting recon of 0x40565e
2023-04-18 21:46:46,794 - arbiter.master_chief.sa_recon - INFO - Starting recon of 0x405660
2023-04-18 21:46:46,794 - arbiter.master_chief.sa_recon - INFO - Starting recon of 0x405685
2023-04-18 21:46:46,794 - arbiter.master_chief.sa_recon - INFO - Starting recon of 0x405690
2023-04-18 21:46:46,794 - arbiter.master_chief.sa_recon - INFO - Starting recon of 0x405696
2023-04-18 21:46:46,795 - arbiter.master_chief.sa_recon - INFO - Starting recon of 0x4056a0
2023-04-18 21:46:46,795 - arbiter.master_chief.sa_recon - DEBUG - Adding target function sub_4056a0:0x4056a0
2023-04-18 21:46:46,795 - arbiter.master_chief.sa_recon - INFO - Starting recon of 0x4056c6
2023-04-18 21:46:46,795 - arbiter.master_chief.sa_recon - INFO - Starting recon of 0x4056de
2023-04-18 21:46:46,795 - arbiter.master_chief.sa_recon - INFO - Starting recon of 0x4056e0
2023-04-18 21:46:46,795 - arbiter.master_chief.sa_recon - INFO - Starting recon of 0x405705
2023-04-18 21:46:46,795 - arbiter.master_chief.sa_recon - INFO - Starting recon of 0x405710
2023-04-18 21:46:46,795 - arbiter.master_chief.sa_recon - INFO - Starting recon of 0x40574d
2023-04-18 21:46:46,795 - arbiter.master_chief.sa_recon - INFO - Starting recon of 0x405771
2023-04-18 21:46:46,795 - arbiter.master_chief.sa_recon - INFO - Starting recon of 0x405794
2023-04-18 21:46:46,795 - arbiter.master_chief.sa_recon - INFO - Starting recon of 0x4057a0
2023-04-18 21:46:46,796 - arbiter.master_chief.sa_recon - INFO - Starting recon of 0x4057d1
2023-04-18 21:46:46,796 - arbiter.master_chief.sa_recon - INFO - Starting recon of 0x4057ea
2023-04-18 21:46:46,796 - arbiter.master_chief.sa_recon - INFO - Starting recon of 0x4057f8
2023-04-18 21:46:46,796 - arbiter.master_chief.sa_recon - INFO - Starting recon of 0x405800
2023-04-18 21:46:46,796 - arbiter.master_chief.sa_recon - INFO - Starting recon of 0x40581d
2023-04-18 21:46:46,796 - arbiter.master_chief.sa_recon - INFO - Starting recon of 0x405820
2023-04-18 21:46:46,796 - arbiter.master_chief.sa_recon - DEBUG - Adding target function sub_405820:0x405820
2023-04-18 21:46:46,796 - arbiter.master_chief.sa_recon - INFO - Starting recon of 0x405852
2023-04-18 21:46:46,796 - arbiter.master_chief.sa_recon - INFO - Starting recon of 0x405860
2023-04-18 21:46:46,796 - arbiter.master_chief.sa_recon - INFO - Starting recon of 0x40588e
2023-04-18 21:46:46,796 - arbiter.master_chief.sa_recon - INFO - Starting recon of 0x405890
2023-04-18 21:46:46,797 - arbiter.master_chief.sa_recon - INFO - Starting recon of 0x4058a7
2023-04-18 21:46:46,797 - arbiter.master_chief.sa_recon - INFO - Starting recon of 0x4058b0
2023-04-18 21:46:46,797 - arbiter.master_chief.sa_recon - INFO - Starting recon of 0x4058eb
2023-04-18 21:46:46,797 - arbiter.master_chief.sa_recon - INFO - Starting recon of 0x4058f0
2023-04-18 21:46:46,797 - arbiter.master_chief.sa_recon - INFO - Starting recon of 0x405957
2023-04-18 21:46:46,797 - arbiter.master_chief.sa_recon - INFO - Starting recon of 0x40597f
2023-04-18 21:46:46,797 - arbiter.master_chief.sa_recon - INFO - Starting recon of 0x405980
2023-04-18 21:46:46,797 - arbiter.master_chief.sa_recon - INFO - Starting recon of 0x4059c3
2023-04-18 21:46:46,797 - arbiter.master_chief.sa_recon - INFO - Starting recon of 0x4059e5
2023-04-18 21:46:46,797 - arbiter.master_chief.sa_recon - INFO - Starting recon of 0x4059f0
2023-04-18 21:46:46,797 - arbiter.master_chief.sa_recon - INFO - Starting recon of 0x405a2e
2023-04-18 21:46:46,798 - arbiter.master_chief.sa_recon - INFO - Starting recon of 0x405a3d
2023-04-18 21:46:46,798 - arbiter.master_chief.sa_recon - INFO - Starting recon of 0x405a40
2023-04-18 21:46:46,798 - arbiter.master_chief.sa_recon - INFO - Starting recon of 0x405a6a
2023-04-18 21:46:46,798 - arbiter.master_chief.sa_recon - INFO - Starting recon of 0x405a7c
2023-04-18 21:46:46,798 - arbiter.master_chief.sa_recon - INFO - Starting recon of 0x405a80
2023-04-18 21:46:46,798 - arbiter.master_chief.sa_recon - INFO - Starting recon of 0x405ac9
2023-04-18 21:46:46,798 - arbiter.master_chief.sa_recon - INFO - Starting recon of 0x405af8
2023-04-18 21:46:46,798 - arbiter.master_chief.sa_recon - INFO - Starting recon of 0x405b0a
2023-04-18 21:46:46,798 - arbiter.master_chief.sa_recon - INFO - Starting recon of 0x405b10
2023-04-18 21:46:46,798 - arbiter.master_chief.sa_recon - INFO - Starting recon of 0x405b38
2023-04-18 21:46:46,798 - arbiter.master_chief.sa_recon - INFO - Starting recon of 0x405b58
2023-04-18 21:46:46,799 - arbiter.master_chief.sa_recon - INFO - Starting recon of 0x405b60
2023-04-18 21:46:46,799 - arbiter.master_chief.sa_recon - INFO - Starting recon of 0x405b83
2023-04-18 21:46:46,799 - arbiter.master_chief.sa_recon - INFO - Starting recon of 0x405bd3
2023-04-18 21:46:46,799 - arbiter.master_chief.sa_recon - INFO - Starting recon of 0x405be0
2023-04-18 21:46:46,799 - arbiter.master_chief.sa_recon - INFO - Starting recon of 0x405c45
2023-04-18 21:46:46,799 - arbiter.master_chief.sa_recon - INFO - Starting recon of 0x405c50
2023-04-18 21:46:46,799 - arbiter.master_chief.sa_recon - INFO - Starting recon of 0x405c55
2023-04-18 21:46:46,799 - arbiter.master_chief.sa_recon - INFO - Starting recon of 0x405c60
2023-04-18 21:46:46,799 - arbiter.master_chief.sa_recon - INFO - Starting recon of 0x405c74
2023-04-18 21:46:46,799 - arbiter.master_chief.sa_recon - INFO - Starting recon of 0x500000
2023-04-18 21:46:46,799 - arbiter.master_chief.sa_recon - INFO - Starting recon of 0x500028
2023-04-18 21:46:46,799 - arbiter.master_chief.sa_recon - INFO - Starting recon of 0x500030
2023-04-18 21:46:46,799 - arbiter.master_chief.sa_recon - INFO - Starting recon of 0x500038
2023-04-18 21:46:46,800 - arbiter.master_chief.sa_recon - INFO - Starting recon of 0x500040
2023-04-18 21:46:46,800 - arbiter.master_chief.sa_recon - INFO - Starting recon of 0x500048
2023-04-18 21:46:46,800 - arbiter.master_chief.sa_recon - INFO - Starting recon of 0x500050
2023-04-18 21:46:46,800 - arbiter.master_chief.sa_recon - INFO - Starting recon of 0x500058
2023-04-18 21:46:46,800 - arbiter.master_chief.sa_recon - INFO - Starting recon of 0x500060
2023-04-18 21:46:46,800 - arbiter.master_chief.sa_recon - INFO - Starting recon of 0x500068
2023-04-18 21:46:46,800 - arbiter.master_chief.sa_recon - INFO - Starting recon of 0x500070
2023-04-18 21:46:46,800 - arbiter.master_chief.sa_recon - INFO - Starting recon of 0x500078
2023-04-18 21:46:46,800 - arbiter.master_chief.sa_recon - INFO - Starting recon of 0x500080
2023-04-18 21:46:46,800 - arbiter.master_chief.sa_recon - INFO - Starting recon of 0x500088
2023-04-18 21:46:46,800 - arbiter.master_chief.sa_recon - INFO - Starting recon of 0x500090
2023-04-18 21:46:46,800 - arbiter.master_chief.sa_recon - INFO - Starting recon of 0x500098
2023-04-18 21:46:46,801 - arbiter.master_chief.sa_recon - INFO - Starting recon of 0x5000a0
2023-04-18 21:46:46,801 - arbiter.master_chief.sa_recon - INFO - Starting recon of 0x5000a8
2023-04-18 21:46:46,801 - arbiter.master_chief.sa_recon - INFO - Starting recon of 0x5000b0
2023-04-18 21:46:46,801 - arbiter.master_chief.sa_recon - INFO - Starting recon of 0x5000b8
2023-04-18 21:46:46,801 - arbiter.master_chief.sa_recon - INFO - Starting recon of 0x5000c0
2023-04-18 21:46:46,801 - arbiter.master_chief.sa_recon - INFO - Starting recon of 0x5000c8
2023-04-18 21:46:46,801 - arbiter.master_chief.sa_recon - INFO - Starting recon of 0x5000d0
2023-04-18 21:46:46,801 - arbiter.master_chief.sa_recon - INFO - Starting recon of 0x5000d8
2023-04-18 21:46:46,801 - arbiter.master_chief.sa_recon - INFO - Starting recon of 0x5000e0
2023-04-18 21:46:46,801 - arbiter.master_chief.sa_recon - INFO - Starting recon of 0x5000e8
2023-04-18 21:46:46,801 - arbiter.master_chief.sa_recon - INFO - Starting recon of 0x5000f0
2023-04-18 21:46:46,801 - arbiter.master_chief.sa_recon - INFO - Starting recon of 0x5000f8
2023-04-18 21:46:46,801 - arbiter.master_chief.sa_recon - INFO - Starting recon of 0x500100
2023-04-18 21:46:46,801 - arbiter.master_chief.sa_recon - INFO - Starting recon of 0x500108
2023-04-18 21:46:46,802 - arbiter.master_chief.sa_recon - INFO - Starting recon of 0x500110
2023-04-18 21:46:46,802 - arbiter.master_chief.sa_recon - INFO - Starting recon of 0x500118
2023-04-18 21:46:46,802 - arbiter.master_chief.sa_recon - INFO - Starting recon of 0x500120
2023-04-18 21:46:46,802 - arbiter.master_chief.sa_recon - INFO - Starting recon of 0x500128
2023-04-18 21:46:46,802 - arbiter.master_chief.sa_recon - INFO - Starting recon of 0x500130
2023-04-18 21:46:46,802 - arbiter.master_chief.sa_recon - INFO - Starting recon of 0x500138
2023-04-18 21:46:46,802 - arbiter.master_chief.sa_recon - INFO - Starting recon of 0x500140
2023-04-18 21:46:46,802 - arbiter.master_chief.sa_recon - INFO - Starting recon of 0x500148
2023-04-18 21:46:46,802 - arbiter.master_chief.sa_recon - INFO - Starting recon of 0x500150
2023-04-18 21:46:46,802 - arbiter.master_chief.sa_recon - INFO - Starting recon of 0x500158
2023-04-18 21:46:46,802 - arbiter.master_chief.sa_recon - INFO - Starting recon of 0x500160
2023-04-18 21:46:46,802 - arbiter.master_chief.sa_recon - INFO - Starting recon of 0x500168
2023-04-18 21:46:46,802 - arbiter.master_chief.sa_recon - INFO - Starting recon of 0x601050
2023-04-18 21:46:46,802 - arbiter.master_chief.sa_recon - INFO - Starting recon of 0x601058
2023-04-18 21:46:46,803 - arbiter.master_chief.sa_advanced - DEBUG - Analysis of function @ 0x405640
2023-04-18 21:46:46,803 - arbiter.master_chief.sa_advanced - DEBUG - Creating CFGEmulated for function @ 0x405640
2023-04-18 21:46:46,859 - arbiter.master_chief.sa_advanced - DEBUG - Creating DDG for function @ 0x405640 (call_depth=1)
2023-04-18 21:46:46,876 - arbiter.master_chief.sa_advanced - DEBUG - Creating CDG for function @ 0x405640
2023-04-18 21:46:46,877 - arbiter.master_chief.sa_advanced - DEBUG - Starting back tracking for 0x405640
2023-04-18 21:46:46,877 - arbiter.master_chief.sa_advanced - ERROR - Could not find target instruction
2023-04-18 21:46:46,878 - arbiter.master_chief.sa_advanced - INFO - No valid sinks in function @ 0x405640
2023-04-18 21:46:46,878 - arbiter.master_chief.sa_advanced - DEBUG - Analysis of function @ 0x4056a0
2023-04-18 21:46:46,878 - arbiter.master_chief.sa_advanced - DEBUG - Creating CFGEmulated for function @ 0x4056a0
2023-04-18 21:46:47,008 - arbiter.master_chief.sa_advanced - DEBUG - Creating DDG for function @ 0x4056a0 (call_depth=1)
2023-04-18 21:46:47,126 - arbiter.master_chief.sa_advanced - DEBUG - Creating CDG for function @ 0x4056a0
2023-04-18 21:46:47,128 - arbiter.master_chief.sa_advanced - DEBUG - Starting back tracking for 0x4056b2
2023-04-18 21:46:47,153 - arbiter.master_chief.sa_advanced - INFO - Found source at arg num : 2
2023-04-18 21:46:47,153 - arbiter.master_chief.sa_advanced - INFO - 1 sinks in function @ 0x4056a0
2023-04-18 21:46:47,153 - arbiter.master_chief.sa_advanced - DEBUG - Analysis of function @ 0x405820
2023-04-18 21:46:47,153 - arbiter.master_chief.sa_advanced - DEBUG - Creating CFGEmulated for function @ 0x405820
2023-04-18 21:46:47,204 - arbiter.master_chief.sa_advanced - DEBUG - Creating DDG for function @ 0x405820 (call_depth=1)
2023-04-18 21:46:47,217 - arbiter.master_chief.sa_advanced - DEBUG - Creating CDG for function @ 0x405820
2023-04-18 21:46:47,218 - arbiter.master_chief.sa_advanced - DEBUG - Starting back tracking for 0x40583e
2023-04-18 21:46:47,219 - arbiter.master_chief.sa_advanced - ERROR - Could not find target instruction
2023-04-18 21:46:47,219 - arbiter.master_chief.sa_advanced - INFO - No valid sinks in function @ 0x405820
2023-04-18 21:46:47,222 - arbiter.master_chief.symbolic_execution - DEBUG - Creating initial state for sub_4056a0
2023-04-18 21:46:47,226 - arbiter.master_chief.symbolic_execution - INFO - Starting exploration 0x4056a0 => 0x4056b2
2023-04-18 21:46:47,226 - arbiter.master_chief.symbolic_execution - DEBUG - Watchdog started, waiting for 300s
2023-04-18 21:46:47,304 - arbiter.master_chief.symbolic_execution - DEBUG - Found 1 paths; active paths remaining
2023-04-18 21:46:47,307 - arbiter.master_chief.symbolic_execution - INFO - Applying constraints for sink : realloc
2023-04-18 21:46:47,334 - arbiter.master_chief.symbolic_execution - INFO - Got Unsat
2023-04-18 21:46:47,335 - arbiter.master_chief.symbolic_execution - DEBUG - Wrapping up 2 active paths
2023-04-18 21:46:47,338 - arbiter.master_chief.symbolic_execution - DEBUG - Found 1 paths; active paths remaining
2023-04-18 21:46:47,342 - arbiter.master_chief.symbolic_execution - INFO - Applying constraints for sink : realloc
2023-04-18 21:46:47,368 - arbiter.master_chief.symbolic_execution - INFO - Got Unsat
2023-04-18 21:46:47,369 - arbiter.master_chief.symbolic_execution - DEBUG - Wrapping up 1 active paths
2023-04-18 21:46:47,384 - arbiter.master_chief.symbolic_execution - DEBUG - Found 0 paths
2023-04-18 21:46:47,384 - arbiter.master_chief.symbolic_execution - DEBUG - Waiting for watchdog to join
