2023-04-19 08:42:34,458 - arbiter.master_chief.sa_recon - DEBUG - Creating CFG
2023-04-19 08:42:40,330 - arbiter.master_chief.sa_recon - INFO - Starting recon of 0x406000
2023-04-19 08:42:40,330 - arbiter.master_chief.sa_recon - INFO - Starting recon of 0x406020
2023-04-19 08:42:40,330 - arbiter.master_chief.sa_recon - INFO - Starting recon of 0x40602c
2023-04-19 08:42:40,330 - arbiter.master_chief.sa_recon - INFO - Starting recon of 0x406030
2023-04-19 08:42:40,330 - arbiter.master_chief.sa_recon - INFO - Starting recon of 0x406040
2023-04-19 08:42:40,330 - arbiter.master_chief.sa_recon - INFO - Starting recon of 0x406050
2023-04-19 08:42:40,330 - arbiter.master_chief.sa_recon - INFO - Starting recon of 0x406060
2023-04-19 08:42:40,330 - arbiter.master_chief.sa_recon - INFO - Starting recon of 0x406070
2023-04-19 08:42:40,330 - arbiter.master_chief.sa_recon - INFO - Starting recon of 0x406080
2023-04-19 08:42:40,330 - arbiter.master_chief.sa_recon - INFO - Starting recon of 0x406090
2023-04-19 08:42:40,330 - arbiter.master_chief.sa_recon - INFO - Starting recon of 0x4060a0
2023-04-19 08:42:40,330 - arbiter.master_chief.sa_recon - INFO - Starting recon of 0x4060b0
2023-04-19 08:42:40,330 - arbiter.master_chief.sa_recon - INFO - Starting recon of 0x4060c0
2023-04-19 08:42:40,330 - arbiter.master_chief.sa_recon - INFO - Starting recon of 0x4060d0
2023-04-19 08:42:40,330 - arbiter.master_chief.sa_recon - INFO - Starting recon of 0x4060e0
2023-04-19 08:42:40,331 - arbiter.master_chief.sa_recon - INFO - Starting recon of 0x4060f0
2023-04-19 08:42:40,331 - arbiter.master_chief.sa_recon - INFO - Starting recon of 0x406100
2023-04-19 08:42:40,331 - arbiter.master_chief.sa_recon - INFO - Starting recon of 0x406110
2023-04-19 08:42:40,331 - arbiter.master_chief.sa_recon - INFO - Starting recon of 0x406120
2023-04-19 08:42:40,331 - arbiter.master_chief.sa_recon - INFO - Starting recon of 0x406130
2023-04-19 08:42:40,331 - arbiter.master_chief.sa_recon - INFO - Starting recon of 0x406140
2023-04-19 08:42:40,331 - arbiter.master_chief.sa_recon - INFO - Starting recon of 0x406150
2023-04-19 08:42:40,331 - arbiter.master_chief.sa_recon - INFO - Starting recon of 0x406160
2023-04-19 08:42:40,331 - arbiter.master_chief.sa_recon - INFO - Starting recon of 0x406170
2023-04-19 08:42:40,331 - arbiter.master_chief.sa_recon - INFO - Starting recon of 0x406180
2023-04-19 08:42:40,331 - arbiter.master_chief.sa_recon - INFO - Starting recon of 0x406190
2023-04-19 08:42:40,331 - arbiter.master_chief.sa_recon - INFO - Starting recon of 0x4061a0
2023-04-19 08:42:40,331 - arbiter.master_chief.sa_recon - INFO - Starting recon of 0x4061b0
2023-04-19 08:42:40,331 - arbiter.master_chief.sa_recon - INFO - Starting recon of 0x4061c0
2023-04-19 08:42:40,331 - arbiter.master_chief.sa_recon - INFO - Starting recon of 0x4061d0
2023-04-19 08:42:40,331 - arbiter.master_chief.sa_recon - INFO - Starting recon of 0x4061e0
2023-04-19 08:42:40,331 - arbiter.master_chief.sa_recon - INFO - Starting recon of 0x4061f0
2023-04-19 08:42:40,331 - arbiter.master_chief.sa_recon - INFO - Starting recon of 0x406200
2023-04-19 08:42:40,331 - arbiter.master_chief.sa_recon - INFO - Starting recon of 0x406210
2023-04-19 08:42:40,331 - arbiter.master_chief.sa_recon - INFO - Starting recon of 0x406220
2023-04-19 08:42:40,331 - arbiter.master_chief.sa_recon - INFO - Starting recon of 0x406230
2023-04-19 08:42:40,332 - arbiter.master_chief.sa_recon - INFO - Starting recon of 0x406240
2023-04-19 08:42:40,332 - arbiter.master_chief.sa_recon - INFO - Starting recon of 0x406250
2023-04-19 08:42:40,332 - arbiter.master_chief.sa_recon - INFO - Starting recon of 0x406260
2023-04-19 08:42:40,332 - arbiter.master_chief.sa_recon - INFO - Starting recon of 0x406270
2023-04-19 08:42:40,332 - arbiter.master_chief.sa_recon - INFO - Starting recon of 0x406280
2023-04-19 08:42:40,332 - arbiter.master_chief.sa_recon - INFO - Starting recon of 0x406290
2023-04-19 08:42:40,332 - arbiter.master_chief.sa_recon - INFO - Starting recon of 0x4062a0
2023-04-19 08:42:40,332 - arbiter.master_chief.sa_recon - INFO - Starting recon of 0x4062b0
2023-04-19 08:42:40,332 - arbiter.master_chief.sa_recon - INFO - Starting recon of 0x4062c0
2023-04-19 08:42:40,332 - arbiter.master_chief.sa_recon - INFO - Starting recon of 0x4062d0
2023-04-19 08:42:40,332 - arbiter.master_chief.sa_recon - INFO - Starting recon of 0x4062e0
2023-04-19 08:42:40,332 - arbiter.master_chief.sa_recon - INFO - Starting recon of 0x4062f0
2023-04-19 08:42:40,332 - arbiter.master_chief.sa_recon - INFO - Starting recon of 0x406300
2023-04-19 08:42:40,332 - arbiter.master_chief.sa_recon - INFO - Starting recon of 0x406310
2023-04-19 08:42:40,332 - arbiter.master_chief.sa_recon - INFO - Starting recon of 0x406320
2023-04-19 08:42:40,332 - arbiter.master_chief.sa_recon - INFO - Starting recon of 0x406330
2023-04-19 08:42:40,332 - arbiter.master_chief.sa_recon - INFO - Starting recon of 0x406340
2023-04-19 08:42:40,332 - arbiter.master_chief.sa_recon - INFO - Starting recon of 0x406350
2023-04-19 08:42:40,332 - arbiter.master_chief.sa_recon - INFO - Starting recon of 0x406360
2023-04-19 08:42:40,332 - arbiter.master_chief.sa_recon - INFO - Starting recon of 0x406370
2023-04-19 08:42:40,332 - arbiter.master_chief.sa_recon - INFO - Starting recon of 0x406380
2023-04-19 08:42:40,332 - arbiter.master_chief.sa_recon - INFO - Starting recon of 0x406390
2023-04-19 08:42:40,333 - arbiter.master_chief.sa_recon - INFO - Starting recon of 0x4063a0
2023-04-19 08:42:40,333 - arbiter.master_chief.sa_recon - INFO - Starting recon of 0x4063b0
2023-04-19 08:42:40,333 - arbiter.master_chief.sa_recon - INFO - Starting recon of 0x4063c0
2023-04-19 08:42:40,333 - arbiter.master_chief.sa_recon - INFO - Starting recon of 0x4063d0
2023-04-19 08:42:40,333 - arbiter.master_chief.sa_recon - INFO - Starting recon of 0x4063e0
2023-04-19 08:42:40,333 - arbiter.master_chief.sa_recon - INFO - Starting recon of 0x4063f0
2023-04-19 08:42:40,333 - arbiter.master_chief.sa_recon - INFO - Starting recon of 0x406400
2023-04-19 08:42:40,333 - arbiter.master_chief.sa_recon - INFO - Starting recon of 0x406410
2023-04-19 08:42:40,333 - arbiter.master_chief.sa_recon - INFO - Starting recon of 0x406420
2023-04-19 08:42:40,333 - arbiter.master_chief.sa_recon - INFO - Starting recon of 0x406430
2023-04-19 08:42:40,333 - arbiter.master_chief.sa_recon - INFO - Starting recon of 0x406440
2023-04-19 08:42:40,333 - arbiter.master_chief.sa_recon - INFO - Starting recon of 0x406450
2023-04-19 08:42:40,333 - arbiter.master_chief.sa_recon - INFO - Starting recon of 0x406460
2023-04-19 08:42:40,333 - arbiter.master_chief.sa_recon - INFO - Starting recon of 0x406470
2023-04-19 08:42:40,333 - arbiter.master_chief.sa_recon - INFO - Starting recon of 0x406480
2023-04-19 08:42:40,333 - arbiter.master_chief.sa_recon - INFO - Starting recon of 0x406490
2023-04-19 08:42:40,333 - arbiter.master_chief.sa_recon - INFO - Starting recon of 0x4064a0
2023-04-19 08:42:40,333 - arbiter.master_chief.sa_recon - INFO - Starting recon of 0x4064b0
2023-04-19 08:42:40,333 - arbiter.master_chief.sa_recon - INFO - Starting recon of 0x4064c0
2023-04-19 08:42:40,333 - arbiter.master_chief.sa_recon - INFO - Starting recon of 0x4064d0
2023-04-19 08:42:40,333 - arbiter.master_chief.sa_recon - INFO - Starting recon of 0x4064e0
2023-04-19 08:42:40,333 - arbiter.master_chief.sa_recon - INFO - Starting recon of 0x4064f0
2023-04-19 08:42:40,334 - arbiter.master_chief.sa_recon - INFO - Starting recon of 0x406500
2023-04-19 08:42:40,334 - arbiter.master_chief.sa_recon - INFO - Starting recon of 0x406510
2023-04-19 08:42:40,334 - arbiter.master_chief.sa_recon - INFO - Starting recon of 0x406520
2023-04-19 08:42:40,334 - arbiter.master_chief.sa_recon - INFO - Starting recon of 0x406530
2023-04-19 08:42:40,334 - arbiter.master_chief.sa_recon - INFO - Starting recon of 0x406540
2023-04-19 08:42:40,334 - arbiter.master_chief.sa_recon - INFO - Starting recon of 0x406550
2023-04-19 08:42:40,334 - arbiter.master_chief.sa_recon - INFO - Starting recon of 0x406560
2023-04-19 08:42:40,334 - arbiter.master_chief.sa_recon - INFO - Starting recon of 0x406570
2023-04-19 08:42:40,334 - arbiter.master_chief.sa_recon - INFO - Starting recon of 0x406580
2023-04-19 08:42:40,334 - arbiter.master_chief.sa_recon - INFO - Starting recon of 0x406590
2023-04-19 08:42:40,334 - arbiter.master_chief.sa_recon - INFO - Starting recon of 0x4065a0
2023-04-19 08:42:40,334 - arbiter.master_chief.sa_recon - INFO - Starting recon of 0x4065b0
2023-04-19 08:42:40,334 - arbiter.master_chief.sa_recon - INFO - Starting recon of 0x4065c0
2023-04-19 08:42:40,334 - arbiter.master_chief.sa_recon - INFO - Starting recon of 0x4065d0
2023-04-19 08:42:40,334 - arbiter.master_chief.sa_recon - INFO - Starting recon of 0x4065e0
2023-04-19 08:42:40,334 - arbiter.master_chief.sa_recon - INFO - Starting recon of 0x4065f0
2023-04-19 08:42:40,334 - arbiter.master_chief.sa_recon - INFO - Starting recon of 0x406600
2023-04-19 08:42:40,335 - arbiter.master_chief.sa_recon - INFO - Starting recon of 0x406610
2023-04-19 08:42:40,335 - arbiter.master_chief.sa_recon - INFO - Starting recon of 0x406620
2023-04-19 08:42:40,335 - arbiter.master_chief.sa_recon - INFO - Starting recon of 0x406630
2023-04-19 08:42:40,335 - arbiter.master_chief.sa_recon - INFO - Starting recon of 0x406640
2023-04-19 08:42:40,335 - arbiter.master_chief.sa_recon - INFO - Starting recon of 0x406650
2023-04-19 08:42:40,335 - arbiter.master_chief.sa_recon - INFO - Starting recon of 0x406660
2023-04-19 08:42:40,335 - arbiter.master_chief.sa_recon - INFO - Starting recon of 0x406670
2023-04-19 08:42:40,335 - arbiter.master_chief.sa_recon - INFO - Starting recon of 0x406680
2023-04-19 08:42:40,335 - arbiter.master_chief.sa_recon - INFO - Starting recon of 0x406690
2023-04-19 08:42:40,335 - arbiter.master_chief.sa_recon - INFO - Starting recon of 0x4066a0
2023-04-19 08:42:40,335 - arbiter.master_chief.sa_recon - INFO - Starting recon of 0x4066b0
2023-04-19 08:42:40,335 - arbiter.master_chief.sa_recon - INFO - Starting recon of 0x4066c0
2023-04-19 08:42:40,336 - arbiter.master_chief.sa_recon - DEBUG - Adding target function main:0x4066c0
2023-04-19 08:42:40,336 - arbiter.master_chief.sa_recon - INFO - Starting recon of 0x4067f7
2023-04-19 08:42:40,336 - arbiter.master_chief.sa_recon - INFO - Starting recon of 0x406e0e
2023-04-19 08:42:40,336 - arbiter.master_chief.sa_recon - INFO - Starting recon of 0x406e1a
2023-04-19 08:42:40,336 - arbiter.master_chief.sa_recon - INFO - Starting recon of 0x406e56
2023-04-19 08:42:40,336 - arbiter.master_chief.sa_recon - INFO - Starting recon of 0x406e6d
2023-04-19 08:42:40,336 - arbiter.master_chief.sa_recon - INFO - Starting recon of 0x406e81
2023-04-19 08:42:40,336 - arbiter.master_chief.sa_recon - INFO - Starting recon of 0x406e99
2023-04-19 08:42:40,336 - arbiter.master_chief.sa_recon - INFO - Starting recon of 0x406edb
2023-04-19 08:42:40,336 - arbiter.master_chief.sa_recon - INFO - Starting recon of 0x406ef1
2023-04-19 08:42:40,336 - arbiter.master_chief.sa_recon - INFO - Starting recon of 0x406f04
2023-04-19 08:42:40,336 - arbiter.master_chief.sa_recon - INFO - Starting recon of 0x406fa6
2023-04-19 08:42:40,336 - arbiter.master_chief.sa_recon - INFO - Starting recon of 0x406fb0
2023-04-19 08:42:40,337 - arbiter.master_chief.sa_recon - INFO - Starting recon of 0x406fda
2023-04-19 08:42:40,337 - arbiter.master_chief.sa_recon - INFO - Starting recon of 0x406fdb
2023-04-19 08:42:40,337 - arbiter.master_chief.sa_recon - INFO - Starting recon of 0x406fe0
2023-04-19 08:42:40,337 - arbiter.master_chief.sa_recon - INFO - Starting recon of 0x407001
2023-04-19 08:42:40,337 - arbiter.master_chief.sa_recon - INFO - Starting recon of 0x407009
2023-04-19 08:42:40,337 - arbiter.master_chief.sa_recon - INFO - Starting recon of 0x407042
2023-04-19 08:42:40,337 - arbiter.master_chief.sa_recon - INFO - Starting recon of 0x407049
2023-04-19 08:42:40,337 - arbiter.master_chief.sa_recon - INFO - Starting recon of 0x407050
2023-04-19 08:42:40,337 - arbiter.master_chief.sa_recon - ERROR - Couldn't find function @ 4066b8
2023-04-19 08:42:40,337 - arbiter.master_chief.sa_recon - INFO - Starting recon of 0x407081
2023-04-19 08:42:40,337 - arbiter.master_chief.sa_recon - INFO - Starting recon of 0x407089
2023-04-19 08:42:40,337 - arbiter.master_chief.sa_recon - INFO - Starting recon of 0x407090
2023-04-19 08:42:40,337 - arbiter.master_chief.sa_recon - INFO - Starting recon of 0x407095
2023-04-19 08:42:40,337 - arbiter.master_chief.sa_recon - INFO - Starting recon of 0x4070a0
2023-04-19 08:42:40,337 - arbiter.master_chief.sa_recon - INFO - Starting recon of 0x407111
2023-04-19 08:42:40,338 - arbiter.master_chief.sa_recon - INFO - Starting recon of 0x407195
2023-04-19 08:42:40,338 - arbiter.master_chief.sa_recon - INFO - Starting recon of 0x4071b2
2023-04-19 08:42:40,338 - arbiter.master_chief.sa_recon - INFO - Starting recon of 0x4071fc
2023-04-19 08:42:40,338 - arbiter.master_chief.sa_recon - INFO - Starting recon of 0x40723d
2023-04-19 08:42:40,338 - arbiter.master_chief.sa_recon - INFO - Starting recon of 0x407262
2023-04-19 08:42:40,338 - arbiter.master_chief.sa_recon - INFO - Starting recon of 0x407270
2023-04-19 08:42:40,338 - arbiter.master_chief.sa_recon - INFO - Starting recon of 0x407399
2023-04-19 08:42:40,338 - arbiter.master_chief.sa_recon - INFO - Starting recon of 0x407409
2023-04-19 08:42:40,338 - arbiter.master_chief.sa_recon - INFO - Starting recon of 0x40742d
2023-04-19 08:42:40,338 - arbiter.master_chief.sa_recon - INFO - Starting recon of 0x407494
2023-04-19 08:42:40,338 - arbiter.master_chief.sa_recon - INFO - Starting recon of 0x4074e7
2023-04-19 08:42:40,338 - arbiter.master_chief.sa_recon - INFO - Starting recon of 0x407551
2023-04-19 08:42:40,338 - arbiter.master_chief.sa_recon - INFO - Starting recon of 0x407561
2023-04-19 08:42:40,338 - arbiter.master_chief.sa_recon - INFO - Starting recon of 0x40757d
2023-04-19 08:42:40,338 - arbiter.master_chief.sa_recon - INFO - Starting recon of 0x407593
2023-04-19 08:42:40,339 - arbiter.master_chief.sa_recon - INFO - Starting recon of 0x4075c2
2023-04-19 08:42:40,339 - arbiter.master_chief.sa_recon - INFO - Starting recon of 0x4075d4
2023-04-19 08:42:40,339 - arbiter.master_chief.sa_recon - INFO - Starting recon of 0x407603
2023-04-19 08:42:40,339 - arbiter.master_chief.sa_recon - INFO - Starting recon of 0x407642
2023-04-19 08:42:40,339 - arbiter.master_chief.sa_recon - INFO - Starting recon of 0x407691
2023-04-19 08:42:40,339 - arbiter.master_chief.sa_recon - INFO - Starting recon of 0x4076af
2023-04-19 08:42:40,339 - arbiter.master_chief.sa_recon - INFO - Starting recon of 0x4076d8
2023-04-19 08:42:40,339 - arbiter.master_chief.sa_recon - INFO - Starting recon of 0x407757
2023-04-19 08:42:40,339 - arbiter.master_chief.sa_recon - INFO - Starting recon of 0x407760
2023-04-19 08:42:40,339 - arbiter.master_chief.sa_recon - INFO - Starting recon of 0x4077a7
2023-04-19 08:42:40,339 - arbiter.master_chief.sa_recon - INFO - Starting recon of 0x4078b9
2023-04-19 08:42:40,339 - arbiter.master_chief.sa_recon - INFO - Starting recon of 0x4078ec
2023-04-19 08:42:40,339 - arbiter.master_chief.sa_recon - INFO - Starting recon of 0x40792d
2023-04-19 08:42:40,339 - arbiter.master_chief.sa_recon - INFO - Starting recon of 0x4079c1
2023-04-19 08:42:40,339 - arbiter.master_chief.sa_recon - INFO - Starting recon of 0x4079d0
2023-04-19 08:42:40,340 - arbiter.master_chief.sa_recon - INFO - Starting recon of 0x407abe
2023-04-19 08:42:40,340 - arbiter.master_chief.sa_recon - INFO - Starting recon of 0x407ac9
2023-04-19 08:42:40,340 - arbiter.master_chief.sa_recon - INFO - Starting recon of 0x407b12
2023-04-19 08:42:40,340 - arbiter.master_chief.sa_recon - INFO - Starting recon of 0x407b30
2023-04-19 08:42:40,340 - arbiter.master_chief.sa_recon - DEBUG - Adding target function sub_407b30:0x407b30
2023-04-19 08:42:40,340 - arbiter.master_chief.sa_recon - INFO - Starting recon of 0x407bf2
2023-04-19 08:42:40,340 - arbiter.master_chief.sa_recon - INFO - Starting recon of 0x407c74
2023-04-19 08:42:40,340 - arbiter.master_chief.sa_recon - INFO - Starting recon of 0x407c8f
2023-04-19 08:42:40,340 - arbiter.master_chief.sa_recon - INFO - Starting recon of 0x407d6a
2023-04-19 08:42:40,340 - arbiter.master_chief.sa_recon - INFO - Starting recon of 0x407d8a
2023-04-19 08:42:40,340 - arbiter.master_chief.sa_recon - INFO - Starting recon of 0x407db7
2023-04-19 08:42:40,340 - arbiter.master_chief.sa_recon - INFO - Starting recon of 0x407dfc
2023-04-19 08:42:40,340 - arbiter.master_chief.sa_recon - INFO - Starting recon of 0x407e13
2023-04-19 08:42:40,341 - arbiter.master_chief.sa_recon - INFO - Starting recon of 0x407e32
2023-04-19 08:42:40,341 - arbiter.master_chief.sa_recon - INFO - Starting recon of 0x407e44
2023-04-19 08:42:40,341 - arbiter.master_chief.sa_recon - INFO - Starting recon of 0x407e66
2023-04-19 08:42:40,341 - arbiter.master_chief.sa_recon - INFO - Starting recon of 0x407e70
2023-04-19 08:42:40,341 - arbiter.master_chief.sa_recon - INFO - Starting recon of 0x407f18
2023-04-19 08:42:40,341 - arbiter.master_chief.sa_recon - INFO - Starting recon of 0x407f2c
2023-04-19 08:42:40,341 - arbiter.master_chief.sa_recon - INFO - Starting recon of 0x407f6a
2023-04-19 08:42:40,341 - arbiter.master_chief.sa_recon - INFO - Starting recon of 0x407f7c
2023-04-19 08:42:40,341 - arbiter.master_chief.sa_recon - INFO - Starting recon of 0x407fd4
2023-04-19 08:42:40,341 - arbiter.master_chief.sa_recon - INFO - Starting recon of 0x407ffd
2023-04-19 08:42:40,341 - arbiter.master_chief.sa_recon - INFO - Starting recon of 0x408038
2023-04-19 08:42:40,341 - arbiter.master_chief.sa_recon - INFO - Starting recon of 0x408049
2023-04-19 08:42:40,341 - arbiter.master_chief.sa_recon - INFO - Starting recon of 0x408050
2023-04-19 08:42:40,342 - arbiter.master_chief.sa_recon - ERROR - Couldn't find function @ 4066a8
2023-04-19 08:42:40,342 - arbiter.master_chief.sa_recon - INFO - Starting recon of 0x4080fb
2023-04-19 08:42:40,342 - arbiter.master_chief.sa_recon - INFO - Starting recon of 0x408153
2023-04-19 08:42:40,342 - arbiter.master_chief.sa_recon - INFO - Starting recon of 0x40816a
2023-04-19 08:42:40,342 - arbiter.master_chief.sa_recon - INFO - Starting recon of 0x408298
2023-04-19 08:42:40,342 - arbiter.master_chief.sa_recon - INFO - Starting recon of 0x408412
2023-04-19 08:42:40,342 - arbiter.master_chief.sa_recon - INFO - Starting recon of 0x408428
2023-04-19 08:42:40,342 - arbiter.master_chief.sa_recon - INFO - Starting recon of 0x40844d
2023-04-19 08:42:40,342 - arbiter.master_chief.sa_recon - INFO - Starting recon of 0x408463
2023-04-19 08:42:40,342 - arbiter.master_chief.sa_recon - INFO - Starting recon of 0x408482
2023-04-19 08:42:40,342 - arbiter.master_chief.sa_recon - INFO - Starting recon of 0x4084f8
2023-04-19 08:42:40,342 - arbiter.master_chief.sa_recon - INFO - Starting recon of 0x408523
2023-04-19 08:42:40,342 - arbiter.master_chief.sa_recon - INFO - Starting recon of 0x4085d0
2023-04-19 08:42:40,342 - arbiter.master_chief.sa_recon - INFO - Starting recon of 0x408716
2023-04-19 08:42:40,342 - arbiter.master_chief.sa_recon - INFO - Starting recon of 0x40872a
2023-04-19 08:42:40,343 - arbiter.master_chief.sa_recon - INFO - Starting recon of 0x408763
2023-04-19 08:42:40,343 - arbiter.master_chief.sa_recon - INFO - Starting recon of 0x408779
2023-04-19 08:42:40,343 - arbiter.master_chief.sa_recon - INFO - Starting recon of 0x408780
2023-04-19 08:42:40,343 - arbiter.master_chief.sa_recon - DEBUG - Adding target function sub_408780:0x408780
2023-04-19 08:42:40,343 - arbiter.master_chief.sa_recon - INFO - Starting recon of 0x408824
2023-04-19 08:42:40,343 - arbiter.master_chief.sa_recon - INFO - Starting recon of 0x4088ac
2023-04-19 08:42:40,343 - arbiter.master_chief.sa_recon - INFO - Starting recon of 0x4088b0
2023-04-19 08:42:40,343 - arbiter.master_chief.sa_recon - DEBUG - Adding target function sub_4088b0:0x4088b0
2023-04-19 08:42:40,343 - arbiter.master_chief.sa_recon - INFO - Starting recon of 0x408b75
2023-04-19 08:42:40,343 - arbiter.master_chief.sa_recon - INFO - Starting recon of 0x408baf
2023-04-19 08:42:40,343 - arbiter.master_chief.sa_recon - INFO - Starting recon of 0x408be6
2023-04-19 08:42:40,343 - arbiter.master_chief.sa_recon - INFO - Starting recon of 0x408c03
2023-04-19 08:42:40,343 - arbiter.master_chief.sa_recon - INFO - Starting recon of 0x408c21
2023-04-19 08:42:40,344 - arbiter.master_chief.sa_recon - INFO - Starting recon of 0x408c44
2023-04-19 08:42:40,344 - arbiter.master_chief.sa_recon - INFO - Starting recon of 0x408c69
2023-04-19 08:42:40,344 - arbiter.master_chief.sa_recon - INFO - Starting recon of 0x408c92
2023-04-19 08:42:40,344 - arbiter.master_chief.sa_recon - INFO - Starting recon of 0x408ca4
2023-04-19 08:42:40,344 - arbiter.master_chief.sa_recon - INFO - Starting recon of 0x408cb4
2023-04-19 08:42:40,344 - arbiter.master_chief.sa_recon - INFO - Starting recon of 0x408cd8
2023-04-19 08:42:40,344 - arbiter.master_chief.sa_recon - INFO - Starting recon of 0x408d26
2023-04-19 08:42:40,344 - arbiter.master_chief.sa_recon - INFO - Starting recon of 0x408d30
2023-04-19 08:42:40,344 - arbiter.master_chief.sa_recon - INFO - Starting recon of 0x408d43
2023-04-19 08:42:40,344 - arbiter.master_chief.sa_recon - INFO - Starting recon of 0x408e4a
2023-04-19 08:42:40,344 - arbiter.master_chief.sa_recon - INFO - Starting recon of 0x408ecb
2023-04-19 08:42:40,345 - arbiter.master_chief.sa_recon - INFO - Starting recon of 0x408ef4
2023-04-19 08:42:40,345 - arbiter.master_chief.sa_recon - INFO - Starting recon of 0x40901b
2023-04-19 08:42:40,345 - arbiter.master_chief.sa_recon - INFO - Starting recon of 0x409046
2023-04-19 08:42:40,345 - arbiter.master_chief.sa_recon - INFO - Starting recon of 0x409088
2023-04-19 08:42:40,345 - arbiter.master_chief.sa_recon - INFO - Starting recon of 0x409106
2023-04-19 08:42:40,345 - arbiter.master_chief.sa_recon - INFO - Starting recon of 0x409152
2023-04-19 08:42:40,345 - arbiter.master_chief.sa_recon - INFO - Starting recon of 0x4091c3
2023-04-19 08:42:40,345 - arbiter.master_chief.sa_recon - INFO - Starting recon of 0x409228
2023-04-19 08:42:40,345 - arbiter.master_chief.sa_recon - INFO - Starting recon of 0x409230
2023-04-19 08:42:40,345 - arbiter.master_chief.sa_recon - INFO - Starting recon of 0x409354
2023-04-19 08:42:40,345 - arbiter.master_chief.sa_recon - INFO - Starting recon of 0x40937e
2023-04-19 08:42:40,345 - arbiter.master_chief.sa_recon - INFO - Starting recon of 0x4093a5
2023-04-19 08:42:40,345 - arbiter.master_chief.sa_recon - INFO - Starting recon of 0x4093c5
2023-04-19 08:42:40,345 - arbiter.master_chief.sa_recon - INFO - Starting recon of 0x4093f1
2023-04-19 08:42:40,345 - arbiter.master_chief.sa_recon - INFO - Starting recon of 0x40940f
2023-04-19 08:42:40,346 - arbiter.master_chief.sa_recon - INFO - Starting recon of 0x40943b
2023-04-19 08:42:40,346 - arbiter.master_chief.sa_recon - INFO - Starting recon of 0x409440
2023-04-19 08:42:40,346 - arbiter.master_chief.sa_recon - INFO - Starting recon of 0x40945c
2023-04-19 08:42:40,346 - arbiter.master_chief.sa_recon - INFO - Starting recon of 0x40948b
2023-04-19 08:42:40,346 - arbiter.master_chief.sa_recon - INFO - Starting recon of 0x40950f
2023-04-19 08:42:40,346 - arbiter.master_chief.sa_recon - INFO - Starting recon of 0x409510
2023-04-19 08:42:40,346 - arbiter.master_chief.sa_recon - INFO - Starting recon of 0x40956a
2023-04-19 08:42:40,346 - arbiter.master_chief.sa_recon - INFO - Starting recon of 0x409598
2023-04-19 08:42:40,346 - arbiter.master_chief.sa_recon - INFO - Starting recon of 0x4095dd
2023-04-19 08:42:40,346 - arbiter.master_chief.sa_recon - INFO - Starting recon of 0x4095ef
2023-04-19 08:42:40,346 - arbiter.master_chief.sa_recon - INFO - Starting recon of 0x409607
2023-04-19 08:42:40,346 - arbiter.master_chief.sa_recon - INFO - Starting recon of 0x409610
2023-04-19 08:42:40,346 - arbiter.master_chief.sa_recon - INFO - Starting recon of 0x40961c
2023-04-19 08:42:40,346 - arbiter.master_chief.sa_recon - INFO - Starting recon of 0x409620
2023-04-19 08:42:40,347 - arbiter.master_chief.sa_recon - INFO - Starting recon of 0x40962c
2023-04-19 08:42:40,347 - arbiter.master_chief.sa_recon - INFO - Starting recon of 0x409630
2023-04-19 08:42:40,347 - arbiter.master_chief.sa_recon - INFO - Starting recon of 0x40963c
2023-04-19 08:42:40,347 - arbiter.master_chief.sa_recon - INFO - Starting recon of 0x409640
2023-04-19 08:42:40,347 - arbiter.master_chief.sa_recon - INFO - Starting recon of 0x40966d
2023-04-19 08:42:40,347 - arbiter.master_chief.sa_recon - INFO - Starting recon of 0x409670
2023-04-19 08:42:40,347 - arbiter.master_chief.sa_recon - INFO - Starting recon of 0x40969d
2023-04-19 08:42:40,347 - arbiter.master_chief.sa_recon - INFO - Starting recon of 0x4096a0
2023-04-19 08:42:40,347 - arbiter.master_chief.sa_recon - INFO - Starting recon of 0x4096cd
2023-04-19 08:42:40,347 - arbiter.master_chief.sa_recon - INFO - Starting recon of 0x4096d0
2023-04-19 08:42:40,347 - arbiter.master_chief.sa_recon - INFO - Starting recon of 0x4097d7
2023-04-19 08:42:40,347 - arbiter.master_chief.sa_recon - INFO - Starting recon of 0x409831
2023-04-19 08:42:40,347 - arbiter.master_chief.sa_recon - INFO - Starting recon of 0x409866
2023-04-19 08:42:40,347 - arbiter.master_chief.sa_recon - INFO - Starting recon of 0x40988e
2023-04-19 08:42:40,348 - arbiter.master_chief.sa_recon - INFO - Starting recon of 0x40989d
2023-04-19 08:42:40,348 - arbiter.master_chief.sa_recon - INFO - Starting recon of 0x4098ac
2023-04-19 08:42:40,348 - arbiter.master_chief.sa_recon - INFO - Starting recon of 0x4098cd
2023-04-19 08:42:40,348 - arbiter.master_chief.sa_recon - INFO - Starting recon of 0x4098e9
2023-04-19 08:42:40,348 - arbiter.master_chief.sa_recon - INFO - Starting recon of 0x4098f0
2023-04-19 08:42:40,348 - arbiter.master_chief.sa_recon - INFO - Starting recon of 0x409901
2023-04-19 08:42:40,348 - arbiter.master_chief.sa_recon - INFO - Starting recon of 0x409910
2023-04-19 08:42:40,348 - arbiter.master_chief.sa_recon - INFO - Starting recon of 0x409931
2023-04-19 08:42:40,368 - arbiter.master_chief.sa_recon - INFO - Starting recon of 0x409940
2023-04-19 08:42:40,369 - arbiter.master_chief.sa_recon - INFO - Starting recon of 0x409977
2023-04-19 08:42:40,369 - arbiter.master_chief.sa_recon - INFO - Starting recon of 0x4099b9
2023-04-19 08:42:40,369 - arbiter.master_chief.sa_recon - INFO - Starting recon of 0x4099c0
2023-04-19 08:42:40,369 - arbiter.master_chief.sa_recon - DEBUG - Adding target function sub_4099c0:0x4099c0
2023-04-19 08:42:40,369 - arbiter.master_chief.sa_recon - INFO - Starting recon of 0x409bca
2023-04-19 08:42:40,369 - arbiter.master_chief.sa_recon - INFO - Starting recon of 0x409d41
2023-04-19 08:42:40,369 - arbiter.master_chief.sa_recon - INFO - Starting recon of 0x409e12
2023-04-19 08:42:40,370 - arbiter.master_chief.sa_recon - INFO - Starting recon of 0x409e27
2023-04-19 08:42:40,370 - arbiter.master_chief.sa_recon - INFO - Starting recon of 0x409e52
2023-04-19 08:42:40,370 - arbiter.master_chief.sa_recon - INFO - Starting recon of 0x409f77
2023-04-19 08:42:40,370 - arbiter.master_chief.sa_recon - INFO - Starting recon of 0x40a041
2023-04-19 08:42:40,370 - arbiter.master_chief.sa_recon - INFO - Starting recon of 0x40a07c
2023-04-19 08:42:40,370 - arbiter.master_chief.sa_recon - INFO - Starting recon of 0x40a104
2023-04-19 08:42:40,370 - arbiter.master_chief.sa_recon - INFO - Starting recon of 0x40a110
2023-04-19 08:42:40,370 - arbiter.master_chief.sa_recon - INFO - Starting recon of 0x40a2fe
2023-04-19 08:42:40,370 - arbiter.master_chief.sa_recon - INFO - Starting recon of 0x40a38f
2023-04-19 08:42:40,370 - arbiter.master_chief.sa_recon - INFO - Starting recon of 0x40a3b2
2023-04-19 08:42:40,370 - arbiter.master_chief.sa_recon - INFO - Starting recon of 0x40a3f4
2023-04-19 08:42:40,370 - arbiter.master_chief.sa_recon - INFO - Starting recon of 0x40a40c
2023-04-19 08:42:40,371 - arbiter.master_chief.sa_recon - INFO - Starting recon of 0x40a449
2023-04-19 08:42:40,371 - arbiter.master_chief.sa_recon - INFO - Starting recon of 0x40a46e
2023-04-19 08:42:40,371 - arbiter.master_chief.sa_recon - INFO - Starting recon of 0x40a4b3
2023-04-19 08:42:40,371 - arbiter.master_chief.sa_recon - INFO - Starting recon of 0x40a54a
2023-04-19 08:42:40,371 - arbiter.master_chief.sa_recon - INFO - Starting recon of 0x40a550
2023-04-19 08:42:40,371 - arbiter.master_chief.sa_recon - INFO - Starting recon of 0x40a7b9
2023-04-19 08:42:40,371 - arbiter.master_chief.sa_recon - INFO - Starting recon of 0x40a80a
2023-04-19 08:42:40,371 - arbiter.master_chief.sa_recon - INFO - Starting recon of 0x40a821
2023-04-19 08:42:40,371 - arbiter.master_chief.sa_recon - INFO - Starting recon of 0x40a839
2023-04-19 08:42:40,371 - arbiter.master_chief.sa_recon - INFO - Starting recon of 0x40a8bf
2023-04-19 08:42:40,371 - arbiter.master_chief.sa_recon - INFO - Starting recon of 0x40a8c0
2023-04-19 08:42:40,371 - arbiter.master_chief.sa_recon - INFO - Starting recon of 0x40a90d
2023-04-19 08:42:40,371 - arbiter.master_chief.sa_recon - INFO - Starting recon of 0x40a910
2023-04-19 08:42:40,371 - arbiter.master_chief.sa_recon - INFO - Starting recon of 0x40a95d
2023-04-19 08:42:40,371 - arbiter.master_chief.sa_recon - INFO - Starting recon of 0x40a960
2023-04-19 08:42:40,372 - arbiter.master_chief.sa_recon - INFO - Starting recon of 0x40a9d1
2023-04-19 08:42:40,372 - arbiter.master_chief.sa_recon - INFO - Starting recon of 0x40aa09
2023-04-19 08:42:40,372 - arbiter.master_chief.sa_recon - INFO - Starting recon of 0x40aa27
2023-04-19 08:42:40,372 - arbiter.master_chief.sa_recon - INFO - Starting recon of 0x40aa30
2023-04-19 08:42:40,372 - arbiter.master_chief.sa_recon - INFO - Starting recon of 0x40ab3f
2023-04-19 08:42:40,372 - arbiter.master_chief.sa_recon - INFO - Starting recon of 0x40ab53
2023-04-19 08:42:40,372 - arbiter.master_chief.sa_recon - INFO - Starting recon of 0x40ab97
2023-04-19 08:42:40,372 - arbiter.master_chief.sa_recon - INFO - Starting recon of 0x40abc4
2023-04-19 08:42:40,372 - arbiter.master_chief.sa_recon - INFO - Starting recon of 0x40abd0
2023-04-19 08:42:40,372 - arbiter.master_chief.sa_recon - INFO - Starting recon of 0x40ac1d
2023-04-19 08:42:40,372 - arbiter.master_chief.sa_recon - INFO - Starting recon of 0x40ac20
2023-04-19 08:42:40,372 - arbiter.master_chief.sa_recon - INFO - Starting recon of 0x40ac6d
2023-04-19 08:42:40,372 - arbiter.master_chief.sa_recon - INFO - Starting recon of 0x40ac70
2023-04-19 08:42:40,372 - arbiter.master_chief.sa_recon - INFO - Starting recon of 0x40acbd
2023-04-19 08:42:40,372 - arbiter.master_chief.sa_recon - INFO - Starting recon of 0x40acc0
2023-04-19 08:42:40,372 - arbiter.master_chief.sa_recon - INFO - Starting recon of 0x40ad0d
2023-04-19 08:42:40,372 - arbiter.master_chief.sa_recon - INFO - Starting recon of 0x40ad10
2023-04-19 08:42:40,372 - arbiter.master_chief.sa_recon - INFO - Starting recon of 0x40ad6b
2023-04-19 08:42:40,372 - arbiter.master_chief.sa_recon - INFO - Starting recon of 0x40ad7c
2023-04-19 08:42:40,372 - arbiter.master_chief.sa_recon - INFO - Starting recon of 0x40adbc
2023-04-19 08:42:40,373 - arbiter.master_chief.sa_recon - INFO - Starting recon of 0x40adc0
2023-04-19 08:42:40,373 - arbiter.master_chief.sa_recon - INFO - Starting recon of 0x40adf1
2023-04-19 08:42:40,373 - arbiter.master_chief.sa_recon - INFO - Starting recon of 0x40ae36
2023-04-19 08:42:40,373 - arbiter.master_chief.sa_recon - INFO - Starting recon of 0x40ae71
2023-04-19 08:42:40,373 - arbiter.master_chief.sa_recon - INFO - Starting recon of 0x40ae86
2023-04-19 08:42:40,373 - arbiter.master_chief.sa_recon - INFO - Starting recon of 0x40ae90
2023-04-19 08:42:40,373 - arbiter.master_chief.sa_recon - INFO - Starting recon of 0x40aefd
2023-04-19 08:42:40,373 - arbiter.master_chief.sa_recon - INFO - Starting recon of 0x40af6d
2023-04-19 08:42:40,373 - arbiter.master_chief.sa_recon - INFO - Starting recon of 0x40afa1
2023-04-19 08:42:40,373 - arbiter.master_chief.sa_recon - INFO - Starting recon of 0x40afba
2023-04-19 08:42:40,373 - arbiter.master_chief.sa_recon - INFO - Starting recon of 0x40afe4
2023-04-19 08:42:40,373 - arbiter.master_chief.sa_recon - INFO - Starting recon of 0x40aff0
2023-04-19 08:42:40,373 - arbiter.master_chief.sa_recon - INFO - Starting recon of 0x40b01c
2023-04-19 08:42:40,373 - arbiter.master_chief.sa_recon - INFO - Starting recon of 0x40b05e
2023-04-19 08:42:40,373 - arbiter.master_chief.sa_recon - INFO - Starting recon of 0x40b060
2023-04-19 08:42:40,373 - arbiter.master_chief.sa_recon - INFO - Starting recon of 0x40b18a
2023-04-19 08:42:40,374 - arbiter.master_chief.sa_recon - INFO - Starting recon of 0x40b19f
2023-04-19 08:42:40,374 - arbiter.master_chief.sa_recon - INFO - Starting recon of 0x40b230
2023-04-19 08:42:40,374 - arbiter.master_chief.sa_recon - INFO - Starting recon of 0x40b266
2023-04-19 08:42:40,374 - arbiter.master_chief.sa_recon - INFO - Starting recon of 0x40b2b1
2023-04-19 08:42:40,374 - arbiter.master_chief.sa_recon - INFO - Starting recon of 0x40b2da
2023-04-19 08:42:40,374 - arbiter.master_chief.sa_recon - INFO - Starting recon of 0x40b2fb
2023-04-19 08:42:40,374 - arbiter.master_chief.sa_recon - INFO - Starting recon of 0x40b300
2023-04-19 08:42:40,374 - arbiter.master_chief.sa_recon - INFO - Starting recon of 0x40b39b
2023-04-19 08:42:40,374 - arbiter.master_chief.sa_recon - INFO - Starting recon of 0x40b3c4
2023-04-19 08:42:40,374 - arbiter.master_chief.sa_recon - INFO - Starting recon of 0x40b3eb
2023-04-19 08:42:40,374 - arbiter.master_chief.sa_recon - INFO - Starting recon of 0x40b408
2023-04-19 08:42:40,374 - arbiter.master_chief.sa_recon - INFO - Starting recon of 0x40b435
2023-04-19 08:42:40,374 - arbiter.master_chief.sa_recon - INFO - Starting recon of 0x40b440
2023-04-19 08:42:40,374 - arbiter.master_chief.sa_recon - INFO - Starting recon of 0x40b617
2023-04-19 08:42:40,374 - arbiter.master_chief.sa_recon - INFO - Starting recon of 0x40b63b
2023-04-19 08:42:40,374 - arbiter.master_chief.sa_recon - INFO - Starting recon of 0x40b686
2023-04-19 08:42:40,375 - arbiter.master_chief.sa_recon - INFO - Starting recon of 0x40b69f
2023-04-19 08:42:40,375 - arbiter.master_chief.sa_recon - INFO - Starting recon of 0x40b6e1
2023-04-19 08:42:40,375 - arbiter.master_chief.sa_recon - INFO - Starting recon of 0x40b726
2023-04-19 08:42:40,375 - arbiter.master_chief.sa_recon - INFO - Starting recon of 0x40b730
2023-04-19 08:42:40,375 - arbiter.master_chief.sa_recon - INFO - Starting recon of 0x40b7d6
2023-04-19 08:42:40,375 - arbiter.master_chief.sa_recon - INFO - Starting recon of 0x40b929
2023-04-19 08:42:40,375 - arbiter.master_chief.sa_recon - INFO - Starting recon of 0x40b930
2023-04-19 08:42:40,375 - arbiter.master_chief.sa_recon - INFO - Starting recon of 0x40b9ae
2023-04-19 08:42:40,375 - arbiter.master_chief.sa_recon - INFO - Starting recon of 0x40ba1e
2023-04-19 08:42:40,375 - arbiter.master_chief.sa_recon - INFO - Starting recon of 0x40ba45
2023-04-19 08:42:40,375 - arbiter.master_chief.sa_recon - INFO - Starting recon of 0x40ba65
2023-04-19 08:42:40,375 - arbiter.master_chief.sa_recon - INFO - Starting recon of 0x40bab5
2023-04-19 08:42:40,375 - arbiter.master_chief.sa_recon - INFO - Starting recon of 0x40bad6
2023-04-19 08:42:40,376 - arbiter.master_chief.sa_recon - INFO - Starting recon of 0x40bb00
2023-04-19 08:42:40,376 - arbiter.master_chief.sa_recon - INFO - Starting recon of 0x40bb2c
2023-04-19 08:42:40,376 - arbiter.master_chief.sa_recon - INFO - Starting recon of 0x40bb58
2023-04-19 08:42:40,376 - arbiter.master_chief.sa_recon - INFO - Starting recon of 0x40bb60
2023-04-19 08:42:40,376 - arbiter.master_chief.sa_recon - INFO - Starting recon of 0x40bb91
2023-04-19 08:42:40,376 - arbiter.master_chief.sa_recon - INFO - Starting recon of 0x40bbd6
2023-04-19 08:42:40,376 - arbiter.master_chief.sa_recon - INFO - Starting recon of 0x40bc11
2023-04-19 08:42:40,376 - arbiter.master_chief.sa_recon - INFO - Starting recon of 0x40bc26
2023-04-19 08:42:40,376 - arbiter.master_chief.sa_recon - INFO - Starting recon of 0x40bc30
2023-04-19 08:42:40,376 - arbiter.master_chief.sa_recon - INFO - Starting recon of 0x40bc61
2023-04-19 08:42:40,376 - arbiter.master_chief.sa_recon - INFO - Starting recon of 0x40bca6
2023-04-19 08:42:40,376 - arbiter.master_chief.sa_recon - INFO - Starting recon of 0x40bce1
2023-04-19 08:42:40,376 - arbiter.master_chief.sa_recon - INFO - Starting recon of 0x40bcf6
2023-04-19 08:42:40,376 - arbiter.master_chief.sa_recon - INFO - Starting recon of 0x40bd00
2023-04-19 08:42:40,376 - arbiter.master_chief.sa_recon - INFO - Starting recon of 0x40bd28
2023-04-19 08:42:40,376 - arbiter.master_chief.sa_recon - INFO - Starting recon of 0x40bd4e
2023-04-19 08:42:40,376 - arbiter.master_chief.sa_recon - INFO - Starting recon of 0x40bd76
2023-04-19 08:42:40,376 - arbiter.master_chief.sa_recon - INFO - Starting recon of 0x40bd80
2023-04-19 08:42:40,377 - arbiter.master_chief.sa_recon - INFO - Starting recon of 0x40bda8
2023-04-19 08:42:40,377 - arbiter.master_chief.sa_recon - INFO - Starting recon of 0x40bdce
2023-04-19 08:42:40,377 - arbiter.master_chief.sa_recon - INFO - Starting recon of 0x40bdf6
2023-04-19 08:42:40,377 - arbiter.master_chief.sa_recon - INFO - Starting recon of 0x40be00
2023-04-19 08:42:40,377 - arbiter.master_chief.sa_recon - INFO - Starting recon of 0x40be35
2023-04-19 08:42:40,377 - arbiter.master_chief.sa_recon - INFO - Starting recon of 0x40be79
2023-04-19 08:42:40,377 - arbiter.master_chief.sa_recon - INFO - Starting recon of 0x40bea2
2023-04-19 08:42:40,377 - arbiter.master_chief.sa_recon - INFO - Starting recon of 0x40beb0
2023-04-19 08:42:40,377 - arbiter.master_chief.sa_recon - INFO - Starting recon of 0x40bee9
2023-04-19 08:42:40,377 - arbiter.master_chief.sa_recon - INFO - Starting recon of 0x40bef0
2023-04-19 08:42:40,377 - arbiter.master_chief.sa_recon - INFO - Starting recon of 0x40bf29
2023-04-19 08:42:40,377 - arbiter.master_chief.sa_recon - INFO - Starting recon of 0x40bf30
2023-04-19 08:42:40,377 - arbiter.master_chief.sa_recon - INFO - Starting recon of 0x40bf69
2023-04-19 08:42:40,377 - arbiter.master_chief.sa_recon - INFO - Starting recon of 0x40bf70
2023-04-19 08:42:40,377 - arbiter.master_chief.sa_recon - ERROR - Couldn't find function @ 4066a8
2023-04-19 08:42:40,377 - arbiter.master_chief.sa_recon - INFO - Starting recon of 0x40bf7b
2023-04-19 08:42:40,377 - arbiter.master_chief.sa_recon - INFO - Starting recon of 0x40bfeb
2023-04-19 08:42:40,377 - arbiter.master_chief.sa_recon - INFO - Starting recon of 0x40c034
2023-04-19 08:42:40,377 - arbiter.master_chief.sa_recon - INFO - Starting recon of 0x40c040
2023-04-19 08:42:40,378 - arbiter.master_chief.sa_recon - INFO - Starting recon of 0x40c077
2023-04-19 08:42:40,378 - arbiter.master_chief.sa_recon - INFO - Starting recon of 0x40c080
2023-04-19 08:42:40,378 - arbiter.master_chief.sa_recon - INFO - Starting recon of 0x40c0ab
2023-04-19 08:42:40,378 - arbiter.master_chief.sa_recon - INFO - Starting recon of 0x40c0b0
2023-04-19 08:42:40,378 - arbiter.master_chief.sa_recon - INFO - Starting recon of 0x40c183
2023-04-19 08:42:40,378 - arbiter.master_chief.sa_recon - INFO - Starting recon of 0x40c19e
2023-04-19 08:42:40,378 - arbiter.master_chief.sa_recon - INFO - Starting recon of 0x40c1a0
2023-04-19 08:42:40,378 - arbiter.master_chief.sa_recon - INFO - Starting recon of 0x40c2fe
2023-04-19 08:42:40,378 - arbiter.master_chief.sa_recon - INFO - Starting recon of 0x40c33c
2023-04-19 08:42:40,378 - arbiter.master_chief.sa_recon - INFO - Starting recon of 0x40c35d
2023-04-19 08:42:40,378 - arbiter.master_chief.sa_recon - INFO - Starting recon of 0x40c37d
2023-04-19 08:42:40,378 - arbiter.master_chief.sa_recon - INFO - Starting recon of 0x40c38f
2023-04-19 08:42:40,378 - arbiter.master_chief.sa_recon - INFO - Starting recon of 0x40c3ad
2023-04-19 08:42:40,378 - arbiter.master_chief.sa_recon - INFO - Starting recon of 0x40c3c5
2023-04-19 08:42:40,378 - arbiter.master_chief.sa_recon - INFO - Starting recon of 0x40c3e5
2023-04-19 08:42:40,378 - arbiter.master_chief.sa_recon - INFO - Starting recon of 0x40c3fc
2023-04-19 08:42:40,379 - arbiter.master_chief.sa_recon - INFO - Starting recon of 0x40c400
2023-04-19 08:42:40,379 - arbiter.master_chief.sa_recon - INFO - Starting recon of 0x40c44d
2023-04-19 08:42:40,379 - arbiter.master_chief.sa_recon - INFO - Starting recon of 0x40c450
2023-04-19 08:42:40,379 - arbiter.master_chief.sa_recon - INFO - Starting recon of 0x40c49d
2023-04-19 08:42:40,379 - arbiter.master_chief.sa_recon - INFO - Starting recon of 0x40c4a0
2023-04-19 08:42:40,379 - arbiter.master_chief.sa_recon - INFO - Starting recon of 0x40c4ed
2023-04-19 08:42:40,379 - arbiter.master_chief.sa_recon - INFO - Starting recon of 0x40c4f0
2023-04-19 08:42:40,379 - arbiter.master_chief.sa_recon - INFO - Starting recon of 0x40c559
2023-04-19 08:42:40,379 - arbiter.master_chief.sa_recon - INFO - Starting recon of 0x40c56e
2023-04-19 08:42:40,379 - arbiter.master_chief.sa_recon - INFO - Starting recon of 0x40c599
2023-04-19 08:42:40,379 - arbiter.master_chief.sa_recon - INFO - Starting recon of 0x40c5a0
2023-04-19 08:42:40,379 - arbiter.master_chief.sa_recon - INFO - Starting recon of 0x40c642
2023-04-19 08:42:40,379 - arbiter.master_chief.sa_recon - INFO - Starting recon of 0x40c66a
2023-04-19 08:42:40,379 - arbiter.master_chief.sa_recon - INFO - Starting recon of 0x40c6b2
2023-04-19 08:42:40,379 - arbiter.master_chief.sa_recon - INFO - Starting recon of 0x40c6e0
2023-04-19 08:42:40,379 - arbiter.master_chief.sa_recon - INFO - Starting recon of 0x40c72d
2023-04-19 08:42:40,379 - arbiter.master_chief.sa_recon - INFO - Starting recon of 0x40c730
2023-04-19 08:42:40,380 - arbiter.master_chief.sa_recon - INFO - Starting recon of 0x40c77d
2023-04-19 08:42:40,380 - arbiter.master_chief.sa_recon - INFO - Starting recon of 0x40c780
2023-04-19 08:42:40,380 - arbiter.master_chief.sa_recon - INFO - Starting recon of 0x40c79c
2023-04-19 08:42:40,380 - arbiter.master_chief.sa_recon - INFO - Starting recon of 0x40c7c8
2023-04-19 08:42:40,380 - arbiter.master_chief.sa_recon - INFO - Starting recon of 0x40c7de
2023-04-19 08:42:40,380 - arbiter.master_chief.sa_recon - INFO - Starting recon of 0x40c7e0
2023-04-19 08:42:40,380 - arbiter.master_chief.sa_recon - INFO - Starting recon of 0x40c7f1
2023-04-19 08:42:40,380 - arbiter.master_chief.sa_recon - INFO - Starting recon of 0x40c7f8
2023-04-19 08:42:40,380 - arbiter.master_chief.sa_recon - INFO - Starting recon of 0x40c834
2023-04-19 08:42:40,380 - arbiter.master_chief.sa_recon - INFO - Starting recon of 0x40c840
2023-04-19 08:42:40,380 - arbiter.master_chief.sa_recon - INFO - Starting recon of 0x40c84e
2023-04-19 08:42:40,380 - arbiter.master_chief.sa_recon - INFO - Starting recon of 0x40c850
2023-04-19 08:42:40,380 - arbiter.master_chief.sa_recon - INFO - Starting recon of 0x40c8ed
2023-04-19 08:42:40,381 - arbiter.master_chief.sa_recon - INFO - Starting recon of 0x40c987
2023-04-19 08:42:40,381 - arbiter.master_chief.sa_recon - INFO - Starting recon of 0x40c9a3
2023-04-19 08:42:40,381 - arbiter.master_chief.sa_recon - INFO - Starting recon of 0x40c9bb
2023-04-19 08:42:40,381 - arbiter.master_chief.sa_recon - INFO - Starting recon of 0x40c9dd
2023-04-19 08:42:40,381 - arbiter.master_chief.sa_recon - INFO - Starting recon of 0x40c9f1
2023-04-19 08:42:40,381 - arbiter.master_chief.sa_recon - INFO - Starting recon of 0x40caa6
2023-04-19 08:42:40,381 - arbiter.master_chief.sa_recon - INFO - Starting recon of 0x40cab0
2023-04-19 08:42:40,381 - arbiter.master_chief.sa_recon - INFO - Starting recon of 0x40cafd
2023-04-19 08:42:40,381 - arbiter.master_chief.sa_recon - INFO - Starting recon of 0x40cb00
2023-04-19 08:42:40,381 - arbiter.master_chief.sa_recon - INFO - Starting recon of 0x40cb39
2023-04-19 08:42:40,381 - arbiter.master_chief.sa_recon - INFO - Starting recon of 0x40cb40
2023-04-19 08:42:40,381 - arbiter.master_chief.sa_recon - INFO - Starting recon of 0x40cb79
2023-04-19 08:42:40,381 - arbiter.master_chief.sa_recon - INFO - Starting recon of 0x40cb80
2023-04-19 08:42:40,381 - arbiter.master_chief.sa_recon - INFO - Starting recon of 0x40cbb9
2023-04-19 08:42:40,382 - arbiter.master_chief.sa_recon - INFO - Starting recon of 0x40cbc0
2023-04-19 08:42:40,382 - arbiter.master_chief.sa_recon - INFO - Starting recon of 0x40cbec
2023-04-19 08:42:40,382 - arbiter.master_chief.sa_recon - INFO - Starting recon of 0x40cc2e
2023-04-19 08:42:40,382 - arbiter.master_chief.sa_recon - INFO - Starting recon of 0x40cc30
2023-04-19 08:42:40,382 - arbiter.master_chief.sa_recon - INFO - Starting recon of 0x40ccad
2023-04-19 08:42:40,382 - arbiter.master_chief.sa_recon - INFO - Starting recon of 0x40ccbc
2023-04-19 08:42:40,382 - arbiter.master_chief.sa_recon - INFO - Starting recon of 0x40cd39
2023-04-19 08:42:40,382 - arbiter.master_chief.sa_recon - INFO - Starting recon of 0x40cd8a
2023-04-19 08:42:40,382 - arbiter.master_chief.sa_recon - INFO - Starting recon of 0x40cd90
2023-04-19 08:42:40,382 - arbiter.master_chief.sa_recon - INFO - Starting recon of 0x40cdb0
2023-04-19 08:42:40,382 - arbiter.master_chief.sa_recon - INFO - Starting recon of 0x40cdcb
2023-04-19 08:42:40,382 - arbiter.master_chief.sa_recon - INFO - Starting recon of 0x40cdec
2023-04-19 08:42:40,382 - arbiter.master_chief.sa_recon - INFO - Starting recon of 0x40cdf0
2023-04-19 08:42:40,382 - arbiter.master_chief.sa_recon - INFO - Starting recon of 0x40ce6e
2023-04-19 08:42:40,383 - arbiter.master_chief.sa_recon - INFO - Starting recon of 0x40cea0
2023-04-19 08:42:40,383 - arbiter.master_chief.sa_recon - DEBUG - Adding target function sub_40cea0:0x40cea0
2023-04-19 08:42:40,383 - arbiter.master_chief.sa_recon - INFO - Starting recon of 0x40cf8d
2023-04-19 08:42:40,383 - arbiter.master_chief.sa_recon - INFO - Starting recon of 0x40d252
2023-04-19 08:42:40,383 - arbiter.master_chief.sa_recon - INFO - Starting recon of 0x40d2aa
2023-04-19 08:42:40,383 - arbiter.master_chief.sa_recon - INFO - Starting recon of 0x40d2c3
2023-04-19 08:42:40,383 - arbiter.master_chief.sa_recon - INFO - Starting recon of 0x40d2e8
2023-04-19 08:42:40,383 - arbiter.master_chief.sa_recon - INFO - Starting recon of 0x40d2f8
2023-04-19 08:42:40,383 - arbiter.master_chief.sa_recon - INFO - Starting recon of 0x40d347
2023-04-19 08:42:40,383 - arbiter.master_chief.sa_recon - INFO - Starting recon of 0x40d36a
2023-04-19 08:42:40,383 - arbiter.master_chief.sa_recon - INFO - Starting recon of 0x40d38a
2023-04-19 08:42:40,383 - arbiter.master_chief.sa_recon - INFO - Starting recon of 0x40d3b1
2023-04-19 08:42:40,383 - arbiter.master_chief.sa_recon - INFO - Starting recon of 0x40d3c4
2023-04-19 08:42:40,384 - arbiter.master_chief.sa_recon - INFO - Starting recon of 0x40d3f1
2023-04-19 08:42:40,384 - arbiter.master_chief.sa_recon - INFO - Starting recon of 0x40d42b
2023-04-19 08:42:40,384 - arbiter.master_chief.sa_recon - INFO - Starting recon of 0x40d44b
2023-04-19 08:42:40,384 - arbiter.master_chief.sa_recon - INFO - Starting recon of 0x40d50b
2023-04-19 08:42:40,384 - arbiter.master_chief.sa_recon - INFO - Starting recon of 0x40d510
2023-04-19 08:42:40,384 - arbiter.master_chief.sa_recon - INFO - Starting recon of 0x40d511
2023-04-19 08:42:40,384 - arbiter.master_chief.sa_recon - INFO - Starting recon of 0x40d520
2023-04-19 08:42:40,384 - arbiter.master_chief.sa_recon - INFO - Starting recon of 0x40d54a
2023-04-19 08:42:40,384 - arbiter.master_chief.sa_recon - INFO - Starting recon of 0x40d550
2023-04-19 08:42:40,384 - arbiter.master_chief.sa_recon - INFO - Starting recon of 0x40d5ec
2023-04-19 08:42:40,384 - arbiter.master_chief.sa_recon - INFO - Starting recon of 0x40d5fa
2023-04-19 08:42:40,384 - arbiter.master_chief.sa_recon - INFO - Starting recon of 0x40d625
2023-04-19 08:42:40,384 - arbiter.master_chief.sa_recon - INFO - Starting recon of 0x40d663
2023-04-19 08:42:40,384 - arbiter.master_chief.sa_recon - INFO - Starting recon of 0x40d670
2023-04-19 08:42:40,385 - arbiter.master_chief.sa_recon - INFO - Starting recon of 0x40d75f
2023-04-19 08:42:40,385 - arbiter.master_chief.sa_recon - INFO - Starting recon of 0x40d7cf
2023-04-19 08:42:40,385 - arbiter.master_chief.sa_recon - INFO - Starting recon of 0x40d7d0
2023-04-19 08:42:40,385 - arbiter.master_chief.sa_recon - INFO - Starting recon of 0x40d859
2023-04-19 08:42:40,385 - arbiter.master_chief.sa_recon - INFO - Starting recon of 0x40d866
2023-04-19 08:42:40,385 - arbiter.master_chief.sa_recon - INFO - Starting recon of 0x40d894
2023-04-19 08:42:40,385 - arbiter.master_chief.sa_recon - INFO - Starting recon of 0x40d8a0
2023-04-19 08:42:40,385 - arbiter.master_chief.sa_recon - INFO - Starting recon of 0x40d8ca
2023-04-19 08:42:40,385 - arbiter.master_chief.sa_recon - INFO - Starting recon of 0x40d8d0
2023-04-19 08:42:40,385 - arbiter.master_chief.sa_recon - INFO - Starting recon of 0x40d8fa
2023-04-19 08:42:40,385 - arbiter.master_chief.sa_recon - INFO - Starting recon of 0x40d900
2023-04-19 08:42:40,385 - arbiter.master_chief.sa_recon - INFO - Starting recon of 0x40db0c
2023-04-19 08:42:40,385 - arbiter.master_chief.sa_recon - INFO - Starting recon of 0x40db2d
2023-04-19 08:42:40,386 - arbiter.master_chief.sa_recon - INFO - Starting recon of 0x40dbfc
2023-04-19 08:42:40,386 - arbiter.master_chief.sa_recon - INFO - Starting recon of 0x40dc14
2023-04-19 08:42:40,386 - arbiter.master_chief.sa_recon - INFO - Starting recon of 0x40dc3b
2023-04-19 08:42:40,386 - arbiter.master_chief.sa_recon - INFO - Starting recon of 0x40dc5f
2023-04-19 08:42:40,386 - arbiter.master_chief.sa_recon - INFO - Starting recon of 0x40dca1
2023-04-19 08:42:40,386 - arbiter.master_chief.sa_recon - INFO - Starting recon of 0x40dcb8
2023-04-19 08:42:40,386 - arbiter.master_chief.sa_recon - INFO - Starting recon of 0x40dcdd
2023-04-19 08:42:40,386 - arbiter.master_chief.sa_recon - INFO - Starting recon of 0x40dd02
2023-04-19 08:42:40,386 - arbiter.master_chief.sa_recon - INFO - Starting recon of 0x40dd43
2023-04-19 08:42:40,386 - arbiter.master_chief.sa_recon - INFO - Starting recon of 0x40dde7
2023-04-19 08:42:40,386 - arbiter.master_chief.sa_recon - INFO - Starting recon of 0x40ddf0
2023-04-19 08:42:40,386 - arbiter.master_chief.sa_recon - ERROR - Couldn't find function @ 4066a8
2023-04-19 08:42:40,387 - arbiter.master_chief.sa_recon - INFO - Starting recon of 0x40def5
2023-04-19 08:42:40,387 - arbiter.master_chief.sa_recon - INFO - Starting recon of 0x40e1cd
2023-04-19 08:42:40,387 - arbiter.master_chief.sa_recon - INFO - Starting recon of 0x40e1ed
2023-04-19 08:42:40,387 - arbiter.master_chief.sa_recon - INFO - Starting recon of 0x40e20d
2023-04-19 08:42:40,387 - arbiter.master_chief.sa_recon - INFO - Starting recon of 0x40e590
2023-04-19 08:42:40,387 - arbiter.master_chief.sa_recon - INFO - Starting recon of 0x40e6f2
2023-04-19 08:42:40,387 - arbiter.master_chief.sa_recon - INFO - Starting recon of 0x40e7b9
2023-04-19 08:42:40,387 - arbiter.master_chief.sa_recon - INFO - Starting recon of 0x40e7d3
2023-04-19 08:42:40,387 - arbiter.master_chief.sa_recon - INFO - Starting recon of 0x40e814
2023-04-19 08:42:40,387 - arbiter.master_chief.sa_recon - INFO - Starting recon of 0x40e837
2023-04-19 08:42:40,387 - arbiter.master_chief.sa_recon - INFO - Starting recon of 0x40e840
2023-04-19 08:42:40,387 - arbiter.master_chief.sa_recon - DEBUG - Adding target function sub_40e840:0x40e840
2023-04-19 08:42:40,388 - arbiter.master_chief.sa_recon - INFO - Starting recon of 0x40e8ce
2023-04-19 08:42:40,388 - arbiter.master_chief.sa_recon - INFO - Starting recon of 0x40ea07
2023-04-19 08:42:40,388 - arbiter.master_chief.sa_recon - INFO - Starting recon of 0x40eb28
2023-04-19 08:42:40,388 - arbiter.master_chief.sa_recon - INFO - Starting recon of 0x40eb83
2023-04-19 08:42:40,388 - arbiter.master_chief.sa_recon - INFO - Starting recon of 0x40eba9
2023-04-19 08:42:40,388 - arbiter.master_chief.sa_recon - INFO - Starting recon of 0x40ec24
2023-04-19 08:42:40,388 - arbiter.master_chief.sa_recon - INFO - Starting recon of 0x40ec9f
2023-04-19 08:42:40,388 - arbiter.master_chief.sa_recon - INFO - Starting recon of 0x40ed10
2023-04-19 08:42:40,408 - arbiter.master_chief.sa_recon - INFO - Starting recon of 0x40ed8b
2023-04-19 08:42:40,409 - arbiter.master_chief.sa_recon - INFO - Starting recon of 0x40efa6
2023-04-19 08:42:40,409 - arbiter.master_chief.sa_recon - INFO - Starting recon of 0x40eff6
2023-04-19 08:42:40,409 - arbiter.master_chief.sa_recon - INFO - Starting recon of 0x40f011
2023-04-19 08:42:40,409 - arbiter.master_chief.sa_recon - INFO - Starting recon of 0x40f138
2023-04-19 08:42:40,409 - arbiter.master_chief.sa_recon - INFO - Starting recon of 0x40f16a
2023-04-19 08:42:40,409 - arbiter.master_chief.sa_recon - INFO - Starting recon of 0x40f1b2
2023-04-19 08:42:40,409 - arbiter.master_chief.sa_recon - INFO - Starting recon of 0x40f1c9
2023-04-19 08:42:40,409 - arbiter.master_chief.sa_recon - INFO - Starting recon of 0x40f2c5
2023-04-19 08:42:40,409 - arbiter.master_chief.sa_recon - INFO - Starting recon of 0x40f2de
2023-04-19 08:42:40,409 - arbiter.master_chief.sa_recon - INFO - Starting recon of 0x40f30d
2023-04-19 08:42:40,409 - arbiter.master_chief.sa_recon - INFO - Starting recon of 0x40f345
2023-04-19 08:42:40,409 - arbiter.master_chief.sa_recon - INFO - Starting recon of 0x40f356
2023-04-19 08:42:40,409 - arbiter.master_chief.sa_recon - INFO - Starting recon of 0x40f3a8
2023-04-19 08:42:40,409 - arbiter.master_chief.sa_recon - INFO - Starting recon of 0x40f3be
2023-04-19 08:42:40,409 - arbiter.master_chief.sa_recon - INFO - Starting recon of 0x40f418
2023-04-19 08:42:40,410 - arbiter.master_chief.sa_recon - INFO - Starting recon of 0x40f436
2023-04-19 08:42:40,410 - arbiter.master_chief.sa_recon - INFO - Starting recon of 0x40f482
2023-04-19 08:42:40,410 - arbiter.master_chief.sa_recon - INFO - Starting recon of 0x40f490
2023-04-19 08:42:40,410 - arbiter.master_chief.sa_recon - INFO - Starting recon of 0x40f6da
2023-04-19 08:42:40,410 - arbiter.master_chief.sa_recon - INFO - Starting recon of 0x40f6f1
2023-04-19 08:42:40,410 - arbiter.master_chief.sa_recon - INFO - Starting recon of 0x40f74f
2023-04-19 08:42:40,410 - arbiter.master_chief.sa_recon - INFO - Starting recon of 0x40f7cc
2023-04-19 08:42:40,410 - arbiter.master_chief.sa_recon - INFO - Starting recon of 0x40f7e6
2023-04-19 08:42:40,410 - arbiter.master_chief.sa_recon - INFO - Starting recon of 0x40f7f0
2023-04-19 08:42:40,410 - arbiter.master_chief.sa_recon - INFO - Starting recon of 0x40fc29
2023-04-19 08:42:40,410 - arbiter.master_chief.sa_recon - INFO - Starting recon of 0x40fc63
2023-04-19 08:42:40,410 - arbiter.master_chief.sa_recon - INFO - Starting recon of 0x40fc80
2023-04-19 08:42:40,411 - arbiter.master_chief.sa_recon - INFO - Starting recon of 0x40fd6a
2023-04-19 08:42:40,411 - arbiter.master_chief.sa_recon - INFO - Starting recon of 0x40fd94
2023-04-19 08:42:40,411 - arbiter.master_chief.sa_recon - INFO - Starting recon of 0x40fda5
2023-04-19 08:42:40,411 - arbiter.master_chief.sa_recon - INFO - Starting recon of 0x40ff9b
2023-04-19 08:42:40,411 - arbiter.master_chief.sa_recon - INFO - Starting recon of 0x40ffb7
2023-04-19 08:42:40,411 - arbiter.master_chief.sa_recon - INFO - Starting recon of 0x41000e
2023-04-19 08:42:40,411 - arbiter.master_chief.sa_recon - INFO - Starting recon of 0x41004c
2023-04-19 08:42:40,411 - arbiter.master_chief.sa_recon - INFO - Starting recon of 0x4100ee
2023-04-19 08:42:40,411 - arbiter.master_chief.sa_recon - INFO - Starting recon of 0x4101a2
2023-04-19 08:42:40,411 - arbiter.master_chief.sa_recon - INFO - Starting recon of 0x4101cd
2023-04-19 08:42:40,411 - arbiter.master_chief.sa_recon - INFO - Starting recon of 0x4101dc
2023-04-19 08:42:40,411 - arbiter.master_chief.sa_recon - INFO - Starting recon of 0x4101ec
2023-04-19 08:42:40,411 - arbiter.master_chief.sa_recon - INFO - Starting recon of 0x410203
2023-04-19 08:42:40,412 - arbiter.master_chief.sa_recon - INFO - Starting recon of 0x410210
2023-04-19 08:42:40,412 - arbiter.master_chief.sa_recon - ERROR - Couldn't find function @ 4066a8
2023-04-19 08:42:40,412 - arbiter.master_chief.sa_recon - INFO - Starting recon of 0x410375
2023-04-19 08:42:40,412 - arbiter.master_chief.sa_recon - INFO - Starting recon of 0x410384
2023-04-19 08:42:40,412 - arbiter.master_chief.sa_recon - INFO - Starting recon of 0x4104b5
2023-04-19 08:42:40,412 - arbiter.master_chief.sa_recon - INFO - Starting recon of 0x410531
2023-04-19 08:42:40,412 - arbiter.master_chief.sa_recon - INFO - Starting recon of 0x41053f
2023-04-19 08:42:40,412 - arbiter.master_chief.sa_recon - INFO - Starting recon of 0x41058c
2023-04-19 08:42:40,412 - arbiter.master_chief.sa_recon - INFO - Starting recon of 0x41063b
2023-04-19 08:42:40,412 - arbiter.master_chief.sa_recon - INFO - Starting recon of 0x410676
2023-04-19 08:42:40,412 - arbiter.master_chief.sa_recon - INFO - Starting recon of 0x41083b
2023-04-19 08:42:40,412 - arbiter.master_chief.sa_recon - INFO - Starting recon of 0x410891
2023-04-19 08:42:40,412 - arbiter.master_chief.sa_recon - INFO - Starting recon of 0x410b7e
2023-04-19 08:42:40,412 - arbiter.master_chief.sa_recon - INFO - Starting recon of 0x410b9d
2023-04-19 08:42:40,413 - arbiter.master_chief.sa_recon - INFO - Starting recon of 0x410c6e
2023-04-19 08:42:40,413 - arbiter.master_chief.sa_recon - INFO - Starting recon of 0x410c81
2023-04-19 08:42:40,413 - arbiter.master_chief.sa_recon - INFO - Starting recon of 0x410ec4
2023-04-19 08:42:40,413 - arbiter.master_chief.sa_recon - INFO - Starting recon of 0x410ed0
2023-04-19 08:42:40,413 - arbiter.master_chief.sa_recon - ERROR - Couldn't find function @ 4066a8
2023-04-19 08:42:40,413 - arbiter.master_chief.sa_recon - INFO - Starting recon of 0x411321
2023-04-19 08:42:40,413 - arbiter.master_chief.sa_recon - INFO - Starting recon of 0x411339
2023-04-19 08:42:40,413 - arbiter.master_chief.sa_recon - INFO - Starting recon of 0x4113a7
2023-04-19 08:42:40,413 - arbiter.master_chief.sa_recon - INFO - Starting recon of 0x4113b7
2023-04-19 08:42:40,413 - arbiter.master_chief.sa_recon - INFO - Starting recon of 0x411411
2023-04-19 08:42:40,413 - arbiter.master_chief.sa_recon - INFO - Starting recon of 0x411494
2023-04-19 08:42:40,413 - arbiter.master_chief.sa_recon - INFO - Starting recon of 0x4115e7
2023-04-19 08:42:40,413 - arbiter.master_chief.sa_recon - INFO - Starting recon of 0x411898
2023-04-19 08:42:40,414 - arbiter.master_chief.sa_recon - INFO - Starting recon of 0x411b56
2023-04-19 08:42:40,414 - arbiter.master_chief.sa_recon - INFO - Starting recon of 0x411c3a
2023-04-19 08:42:40,414 - arbiter.master_chief.sa_recon - INFO - Starting recon of 0x411da3
2023-04-19 08:42:40,414 - arbiter.master_chief.sa_recon - INFO - Starting recon of 0x411eef
2023-04-19 08:42:40,414 - arbiter.master_chief.sa_recon - INFO - Starting recon of 0x411ef0
2023-04-19 08:42:40,414 - arbiter.master_chief.sa_recon - INFO - Starting recon of 0x411fc3
2023-04-19 08:42:40,414 - arbiter.master_chief.sa_recon - INFO - Starting recon of 0x412021
2023-04-19 08:42:40,414 - arbiter.master_chief.sa_recon - INFO - Starting recon of 0x412030
2023-04-19 08:42:40,414 - arbiter.master_chief.sa_recon - DEBUG - Adding target function sub_412030:0x412030
2023-04-19 08:42:40,414 - arbiter.master_chief.sa_recon - INFO - Starting recon of 0x412056
2023-04-19 08:42:40,414 - arbiter.master_chief.sa_recon - INFO - Starting recon of 0x412060
2023-04-19 08:42:40,415 - arbiter.master_chief.sa_recon - INFO - Starting recon of 0x4120ac
2023-04-19 08:42:40,415 - arbiter.master_chief.sa_recon - INFO - Starting recon of 0x4120e0
2023-04-19 08:42:40,415 - arbiter.master_chief.sa_recon - INFO - Starting recon of 0x412100
2023-04-19 08:42:40,415 - arbiter.master_chief.sa_recon - ERROR - Couldn't find function @ 4066a8
2023-04-19 08:42:40,415 - arbiter.master_chief.sa_recon - INFO - Starting recon of 0x412218
2023-04-19 08:42:40,415 - arbiter.master_chief.sa_recon - INFO - Starting recon of 0x412220
2023-04-19 08:42:40,415 - arbiter.master_chief.sa_recon - INFO - Starting recon of 0x41225b
2023-04-19 08:42:40,415 - arbiter.master_chief.sa_recon - INFO - Starting recon of 0x4122b1
2023-04-19 08:42:40,415 - arbiter.master_chief.sa_recon - INFO - Starting recon of 0x4122e0
2023-04-19 08:42:40,415 - arbiter.master_chief.sa_recon - INFO - Starting recon of 0x412356
2023-04-19 08:42:40,415 - arbiter.master_chief.sa_recon - INFO - Starting recon of 0x412376
2023-04-19 08:42:40,415 - arbiter.master_chief.sa_recon - INFO - Starting recon of 0x412489
2023-04-19 08:42:40,415 - arbiter.master_chief.sa_recon - INFO - Starting recon of 0x41253a
2023-04-19 08:42:40,415 - arbiter.master_chief.sa_recon - INFO - Starting recon of 0x412579
2023-04-19 08:42:40,416 - arbiter.master_chief.sa_recon - INFO - Starting recon of 0x412580
2023-04-19 08:42:40,416 - arbiter.master_chief.sa_recon - INFO - Starting recon of 0x4127c4
2023-04-19 08:42:40,416 - arbiter.master_chief.sa_recon - INFO - Starting recon of 0x4127ed
2023-04-19 08:42:40,416 - arbiter.master_chief.sa_recon - INFO - Starting recon of 0x412861
2023-04-19 08:42:40,416 - arbiter.master_chief.sa_recon - INFO - Starting recon of 0x41289c
2023-04-19 08:42:40,416 - arbiter.master_chief.sa_recon - INFO - Starting recon of 0x4128b3
2023-04-19 08:42:40,416 - arbiter.master_chief.sa_recon - INFO - Starting recon of 0x4128eb
2023-04-19 08:42:40,416 - arbiter.master_chief.sa_recon - INFO - Starting recon of 0x412917
2023-04-19 08:42:40,416 - arbiter.master_chief.sa_recon - INFO - Starting recon of 0x41292e
2023-04-19 08:42:40,416 - arbiter.master_chief.sa_recon - INFO - Starting recon of 0x41293c
2023-04-19 08:42:40,416 - arbiter.master_chief.sa_recon - INFO - Starting recon of 0x412970
2023-04-19 08:42:40,416 - arbiter.master_chief.sa_recon - INFO - Starting recon of 0x412975
2023-04-19 08:42:40,416 - arbiter.master_chief.sa_recon - INFO - Starting recon of 0x4129ba
2023-04-19 08:42:40,416 - arbiter.master_chief.sa_recon - INFO - Starting recon of 0x4129cc
2023-04-19 08:42:40,416 - arbiter.master_chief.sa_recon - INFO - Starting recon of 0x412a00
2023-04-19 08:42:40,417 - arbiter.master_chief.sa_recon - INFO - Starting recon of 0x412a9f
2023-04-19 08:42:40,417 - arbiter.master_chief.sa_recon - INFO - Starting recon of 0x412aa7
2023-04-19 08:42:40,417 - arbiter.master_chief.sa_recon - INFO - Starting recon of 0x412ac5
2023-04-19 08:42:40,417 - arbiter.master_chief.sa_recon - INFO - Starting recon of 0x412ada
2023-04-19 08:42:40,417 - arbiter.master_chief.sa_recon - INFO - Starting recon of 0x412b22
2023-04-19 08:42:40,417 - arbiter.master_chief.sa_recon - INFO - Starting recon of 0x412b41
2023-04-19 08:42:40,417 - arbiter.master_chief.sa_recon - INFO - Starting recon of 0x412b8c
2023-04-19 08:42:40,417 - arbiter.master_chief.sa_recon - INFO - Starting recon of 0x412b90
2023-04-19 08:42:40,417 - arbiter.master_chief.sa_recon - ERROR - Couldn't find function @ 4066a8
2023-04-19 08:42:40,417 - arbiter.master_chief.sa_recon - INFO - Starting recon of 0x412eb8
2023-04-19 08:42:40,417 - arbiter.master_chief.sa_recon - INFO - Starting recon of 0x412f06
2023-04-19 08:42:40,417 - arbiter.master_chief.sa_recon - INFO - Starting recon of 0x412f72
2023-04-19 08:42:40,417 - arbiter.master_chief.sa_recon - INFO - Starting recon of 0x412fb7
2023-04-19 08:42:40,418 - arbiter.master_chief.sa_recon - INFO - Starting recon of 0x413122
2023-04-19 08:42:40,418 - arbiter.master_chief.sa_recon - INFO - Starting recon of 0x413253
2023-04-19 08:42:40,418 - arbiter.master_chief.sa_recon - INFO - Starting recon of 0x413265
2023-04-19 08:42:40,418 - arbiter.master_chief.sa_recon - INFO - Starting recon of 0x413285
2023-04-19 08:42:40,418 - arbiter.master_chief.sa_recon - INFO - Starting recon of 0x41329b
2023-04-19 08:42:40,418 - arbiter.master_chief.sa_recon - INFO - Starting recon of 0x4132a8
2023-04-19 08:42:40,418 - arbiter.master_chief.sa_recon - INFO - Starting recon of 0x4132c6
2023-04-19 08:42:40,418 - arbiter.master_chief.sa_recon - INFO - Starting recon of 0x413495
2023-04-19 08:42:40,418 - arbiter.master_chief.sa_recon - INFO - Starting recon of 0x413593
2023-04-19 08:42:40,418 - arbiter.master_chief.sa_recon - INFO - Starting recon of 0x413678
2023-04-19 08:42:40,418 - arbiter.master_chief.sa_recon - INFO - Starting recon of 0x413680
2023-04-19 08:42:40,418 - arbiter.master_chief.sa_recon - INFO - Starting recon of 0x4136dd
2023-04-19 08:42:40,418 - arbiter.master_chief.sa_recon - INFO - Starting recon of 0x4136e0
2023-04-19 08:42:40,418 - arbiter.master_chief.sa_recon - INFO - Starting recon of 0x4136e4
2023-04-19 08:42:40,419 - arbiter.master_chief.sa_recon - INFO - Starting recon of 0x500000
2023-04-19 08:42:40,419 - arbiter.master_chief.sa_recon - INFO - Starting recon of 0x500008
2023-04-19 08:42:40,419 - arbiter.master_chief.sa_recon - INFO - Starting recon of 0x500018
2023-04-19 08:42:40,419 - arbiter.master_chief.sa_recon - INFO - Starting recon of 0x500020
2023-04-19 08:42:40,419 - arbiter.master_chief.sa_recon - INFO - Starting recon of 0x500048
2023-04-19 08:42:40,419 - arbiter.master_chief.sa_recon - INFO - Starting recon of 0x500050
2023-04-19 08:42:40,419 - arbiter.master_chief.sa_recon - INFO - Starting recon of 0x500058
2023-04-19 08:42:40,419 - arbiter.master_chief.sa_recon - INFO - Starting recon of 0x500060
2023-04-19 08:42:40,419 - arbiter.master_chief.sa_recon - INFO - Starting recon of 0x500068
2023-04-19 08:42:40,419 - arbiter.master_chief.sa_recon - INFO - Starting recon of 0x500070
2023-04-19 08:42:40,419 - arbiter.master_chief.sa_recon - INFO - Starting recon of 0x500078
2023-04-19 08:42:40,419 - arbiter.master_chief.sa_recon - INFO - Starting recon of 0x500080
2023-04-19 08:42:40,419 - arbiter.master_chief.sa_recon - INFO - Starting recon of 0x500088
2023-04-19 08:42:40,419 - arbiter.master_chief.sa_recon - INFO - Starting recon of 0x500090
2023-04-19 08:42:40,420 - arbiter.master_chief.sa_recon - INFO - Starting recon of 0x500098
2023-04-19 08:42:40,420 - arbiter.master_chief.sa_recon - INFO - Starting recon of 0x5000a0
2023-04-19 08:42:40,420 - arbiter.master_chief.sa_recon - INFO - Starting recon of 0x5000a8
2023-04-19 08:42:40,420 - arbiter.master_chief.sa_recon - INFO - Starting recon of 0x5000b0
2023-04-19 08:42:40,420 - arbiter.master_chief.sa_recon - INFO - Starting recon of 0x5000b8
2023-04-19 08:42:40,420 - arbiter.master_chief.sa_recon - INFO - Starting recon of 0x5000c0
2023-04-19 08:42:40,420 - arbiter.master_chief.sa_recon - INFO - Starting recon of 0x5000c8
2023-04-19 08:42:40,420 - arbiter.master_chief.sa_recon - INFO - Starting recon of 0x5000d0
2023-04-19 08:42:40,420 - arbiter.master_chief.sa_recon - INFO - Starting recon of 0x5000d8
2023-04-19 08:42:40,420 - arbiter.master_chief.sa_recon - INFO - Starting recon of 0x5000e0
2023-04-19 08:42:40,420 - arbiter.master_chief.sa_recon - INFO - Starting recon of 0x5000e8
2023-04-19 08:42:40,420 - arbiter.master_chief.sa_recon - INFO - Starting recon of 0x5000f0
2023-04-19 08:42:40,420 - arbiter.master_chief.sa_recon - INFO - Starting recon of 0x5000f8
2023-04-19 08:42:40,420 - arbiter.master_chief.sa_recon - INFO - Starting recon of 0x500100
2023-04-19 08:42:40,420 - arbiter.master_chief.sa_recon - INFO - Starting recon of 0x500108
2023-04-19 08:42:40,420 - arbiter.master_chief.sa_recon - INFO - Starting recon of 0x500110
2023-04-19 08:42:40,421 - arbiter.master_chief.sa_recon - INFO - Starting recon of 0x500118
2023-04-19 08:42:40,421 - arbiter.master_chief.sa_recon - INFO - Starting recon of 0x500120
2023-04-19 08:42:40,421 - arbiter.master_chief.sa_recon - INFO - Starting recon of 0x500128
2023-04-19 08:42:40,421 - arbiter.master_chief.sa_recon - INFO - Starting recon of 0x500130
2023-04-19 08:42:40,421 - arbiter.master_chief.sa_recon - INFO - Starting recon of 0x500138
2023-04-19 08:42:40,421 - arbiter.master_chief.sa_recon - INFO - Starting recon of 0x500140
2023-04-19 08:42:40,421 - arbiter.master_chief.sa_recon - INFO - Starting recon of 0x500148
2023-04-19 08:42:40,421 - arbiter.master_chief.sa_recon - INFO - Starting recon of 0x500150
2023-04-19 08:42:40,421 - arbiter.master_chief.sa_recon - INFO - Starting recon of 0x500158
2023-04-19 08:42:40,421 - arbiter.master_chief.sa_recon - INFO - Starting recon of 0x500160
2023-04-19 08:42:40,421 - arbiter.master_chief.sa_recon - INFO - Starting recon of 0x500168
2023-04-19 08:42:40,421 - arbiter.master_chief.sa_recon - INFO - Starting recon of 0x500170
2023-04-19 08:42:40,421 - arbiter.master_chief.sa_recon - INFO - Starting recon of 0x500178
2023-04-19 08:42:40,421 - arbiter.master_chief.sa_recon - INFO - Starting recon of 0x500180
2023-04-19 08:42:40,421 - arbiter.master_chief.sa_recon - INFO - Starting recon of 0x500188
2023-04-19 08:42:40,422 - arbiter.master_chief.sa_recon - INFO - Starting recon of 0x500190
2023-04-19 08:42:40,422 - arbiter.master_chief.sa_recon - INFO - Starting recon of 0x500198
2023-04-19 08:42:40,422 - arbiter.master_chief.sa_recon - INFO - Starting recon of 0x5001a0
2023-04-19 08:42:40,422 - arbiter.master_chief.sa_recon - INFO - Starting recon of 0x5001a8
2023-04-19 08:42:40,422 - arbiter.master_chief.sa_recon - INFO - Starting recon of 0x5001b0
2023-04-19 08:42:40,422 - arbiter.master_chief.sa_recon - INFO - Starting recon of 0x5001b8
2023-04-19 08:42:40,422 - arbiter.master_chief.sa_recon - INFO - Starting recon of 0x5001c0
2023-04-19 08:42:40,422 - arbiter.master_chief.sa_recon - INFO - Starting recon of 0x5001c8
2023-04-19 08:42:40,422 - arbiter.master_chief.sa_recon - INFO - Starting recon of 0x5001d0
2023-04-19 08:42:40,422 - arbiter.master_chief.sa_recon - INFO - Starting recon of 0x5001d8
2023-04-19 08:42:40,422 - arbiter.master_chief.sa_recon - INFO - Starting recon of 0x5001e0
2023-04-19 08:42:40,422 - arbiter.master_chief.sa_recon - INFO - Starting recon of 0x5001e8
2023-04-19 08:42:40,422 - arbiter.master_chief.sa_recon - INFO - Starting recon of 0x5001f0
2023-04-19 08:42:40,422 - arbiter.master_chief.sa_recon - INFO - Starting recon of 0x5001f8
2023-04-19 08:42:40,422 - arbiter.master_chief.sa_recon - INFO - Starting recon of 0x500200
2023-04-19 08:42:40,422 - arbiter.master_chief.sa_recon - INFO - Starting recon of 0x500208
2023-04-19 08:42:40,423 - arbiter.master_chief.sa_recon - INFO - Starting recon of 0x500210
2023-04-19 08:42:40,423 - arbiter.master_chief.sa_recon - INFO - Starting recon of 0x500218
2023-04-19 08:42:40,423 - arbiter.master_chief.sa_recon - INFO - Starting recon of 0x500220
2023-04-19 08:42:40,423 - arbiter.master_chief.sa_recon - INFO - Starting recon of 0x500228
2023-04-19 08:42:40,423 - arbiter.master_chief.sa_recon - INFO - Starting recon of 0x500230
2023-04-19 08:42:40,423 - arbiter.master_chief.sa_recon - INFO - Starting recon of 0x500238
2023-04-19 08:42:40,423 - arbiter.master_chief.sa_recon - INFO - Starting recon of 0x500240
2023-04-19 08:42:40,423 - arbiter.master_chief.sa_recon - INFO - Starting recon of 0x500248
2023-04-19 08:42:40,423 - arbiter.master_chief.sa_recon - INFO - Starting recon of 0x500250
2023-04-19 08:42:40,423 - arbiter.master_chief.sa_recon - INFO - Starting recon of 0x500258
2023-04-19 08:42:40,423 - arbiter.master_chief.sa_recon - INFO - Starting recon of 0x500260
2023-04-19 08:42:40,423 - arbiter.master_chief.sa_recon - INFO - Starting recon of 0x500268
2023-04-19 08:42:40,423 - arbiter.master_chief.sa_recon - INFO - Starting recon of 0x500270
2023-04-19 08:42:40,423 - arbiter.master_chief.sa_recon - INFO - Starting recon of 0x500278
2023-04-19 08:42:40,424 - arbiter.master_chief.sa_recon - INFO - Starting recon of 0x500280
2023-04-19 08:42:40,424 - arbiter.master_chief.sa_recon - INFO - Starting recon of 0x500288
2023-04-19 08:42:40,424 - arbiter.master_chief.sa_recon - INFO - Starting recon of 0x500290
2023-04-19 08:42:40,424 - arbiter.master_chief.sa_recon - INFO - Starting recon of 0x500298
2023-04-19 08:42:40,424 - arbiter.master_chief.sa_recon - INFO - Starting recon of 0x5002a0
2023-04-19 08:42:40,424 - arbiter.master_chief.sa_recon - INFO - Starting recon of 0x5002a8
2023-04-19 08:42:40,424 - arbiter.master_chief.sa_recon - INFO - Starting recon of 0x5002b0
2023-04-19 08:42:40,424 - arbiter.master_chief.sa_recon - INFO - Starting recon of 0x5002b8
2023-04-19 08:42:40,424 - arbiter.master_chief.sa_recon - INFO - Starting recon of 0x5002c0
2023-04-19 08:42:40,424 - arbiter.master_chief.sa_recon - INFO - Starting recon of 0x5002c8
2023-04-19 08:42:40,424 - arbiter.master_chief.sa_recon - INFO - Starting recon of 0x5002d0
2023-04-19 08:42:40,424 - arbiter.master_chief.sa_recon - INFO - Starting recon of 0x5002d8
2023-04-19 08:42:40,424 - arbiter.master_chief.sa_recon - INFO - Starting recon of 0x5002e0
2023-04-19 08:42:40,424 - arbiter.master_chief.sa_recon - INFO - Starting recon of 0x5002e8
2023-04-19 08:42:40,424 - arbiter.master_chief.sa_recon - INFO - Starting recon of 0x5002f0
2023-04-19 08:42:40,424 - arbiter.master_chief.sa_recon - INFO - Starting recon of 0x5002f8
2023-04-19 08:42:40,425 - arbiter.master_chief.sa_recon - INFO - Starting recon of 0x500300
2023-04-19 08:42:40,425 - arbiter.master_chief.sa_recon - INFO - Starting recon of 0x500308
2023-04-19 08:42:40,425 - arbiter.master_chief.sa_recon - INFO - Starting recon of 0x500310
2023-04-19 08:42:40,425 - arbiter.master_chief.sa_recon - INFO - Starting recon of 0x500318
2023-04-19 08:42:40,425 - arbiter.master_chief.sa_recon - INFO - Starting recon of 0x500320
2023-04-19 08:42:40,425 - arbiter.master_chief.sa_recon - INFO - Starting recon of 0x500328
2023-04-19 08:42:40,425 - arbiter.master_chief.sa_recon - INFO - Starting recon of 0x500330
2023-04-19 08:42:40,425 - arbiter.master_chief.sa_recon - INFO - Starting recon of 0x500338
2023-04-19 08:42:40,425 - arbiter.master_chief.sa_recon - INFO - Starting recon of 0x500340
2023-04-19 08:42:40,425 - arbiter.master_chief.sa_recon - INFO - Starting recon of 0x500348
2023-04-19 08:42:40,425 - arbiter.master_chief.sa_recon - INFO - Starting recon of 0x500350
2023-04-19 08:42:40,425 - arbiter.master_chief.sa_recon - INFO - Starting recon of 0x500358
2023-04-19 08:42:40,425 - arbiter.master_chief.sa_recon - INFO - Starting recon of 0x500360
2023-04-19 08:42:40,425 - arbiter.master_chief.sa_recon - INFO - Starting recon of 0x500368
2023-04-19 08:42:40,425 - arbiter.master_chief.sa_recon - INFO - Starting recon of 0x500370
2023-04-19 08:42:40,425 - arbiter.master_chief.sa_recon - INFO - Starting recon of 0x500378
2023-04-19 08:42:40,426 - arbiter.master_chief.sa_recon - INFO - Starting recon of 0x601050
2023-04-19 08:42:40,426 - arbiter.master_chief.sa_recon - INFO - Starting recon of 0x601058
2023-04-19 08:42:40,426 - arbiter.master_chief.sa_advanced - DEBUG - Analysis of function @ 0x4066c0
2023-04-19 08:42:40,427 - arbiter.master_chief.sa_advanced - DEBUG - Creating CFGEmulated for function @ 0x4066c0
2023-04-19 08:42:42,897 - arbiter.master_chief.sa_advanced - DEBUG - Creating DDG for function @ 0x4066c0 (call_depth=1)
2023-04-19 08:42:44,403 - arbiter.master_chief.sa_advanced - DEBUG - Creating CDG for function @ 0x4066c0
2023-04-19 08:42:44,423 - arbiter.master_chief.sa_advanced - WARNING - No checkpoint present in function
2023-04-19 08:42:44,424 - arbiter.master_chief.sa_advanced - DEBUG - Starting back tracking for 0x406c2a
2023-04-19 08:42:44,716 - arbiter.master_chief.sa_advanced - INFO - Found source at arg num : 12
2023-04-19 08:42:44,716 - arbiter.master_chief.sa_advanced - DEBUG - Starting back tracking for 0x406c31
2023-04-19 08:42:45,292 - arbiter.master_chief.sa_advanced - INFO - Found source at arg num : 12
2023-04-19 08:42:45,292 - arbiter.master_chief.sa_advanced - DEBUG - Starting back tracking for 0x406d68
2023-04-19 08:42:45,539 - arbiter.master_chief.sa_advanced - DEBUG - Starting back tracking for 0x406e20
2023-04-19 08:42:45,777 - arbiter.master_chief.sa_advanced - INFO - 4 sinks in function @ 0x4066c0
2023-04-19 08:42:45,778 - arbiter.master_chief.sa_advanced - DEBUG - Analysis of function @ 0x407b30
2023-04-19 08:42:45,778 - arbiter.master_chief.sa_advanced - DEBUG - Creating CFGEmulated for function @ 0x407b30
2023-04-19 08:42:46,284 - arbiter.master_chief.sa_advanced - DEBUG - Creating DDG for function @ 0x407b30 (call_depth=1)
2023-04-19 08:42:46,594 - arbiter.master_chief.sa_advanced - DEBUG - Creating CDG for function @ 0x407b30
2023-04-19 08:42:46,598 - arbiter.master_chief.sa_advanced - WARNING - No checkpoint present in function
2023-04-19 08:42:46,598 - arbiter.master_chief.sa_advanced - DEBUG - Starting back tracking for 0x407d3a
2023-04-19 08:42:46,632 - arbiter.master_chief.sa_advanced - ERROR - Got constant value
2023-04-19 08:42:46,633 - arbiter.master_chief.sa_advanced - INFO - No valid sinks in function @ 0x407b30
2023-04-19 08:42:46,633 - arbiter.master_chief.sa_advanced - DEBUG - Analysis of function @ 0x408780
2023-04-19 08:42:46,633 - arbiter.master_chief.sa_advanced - DEBUG - Creating CFGEmulated for function @ 0x408780
2023-04-19 08:42:48,602 - arbiter.master_chief.sa_advanced - DEBUG - Creating DDG for function @ 0x408780 (call_depth=1)
2023-04-19 08:42:50,664 - arbiter.master_chief.sa_advanced - DEBUG - Creating CDG for function @ 0x408780
2023-04-19 08:42:50,686 - arbiter.master_chief.sa_advanced - WARNING - No checkpoint present in function
2023-04-19 08:42:50,686 - arbiter.master_chief.sa_advanced - DEBUG - Starting back tracking for 0x408860
2023-04-19 08:42:50,696 - arbiter.master_chief.sa_advanced - INFO - 1 sinks in function @ 0x408780
2023-04-19 08:42:50,697 - arbiter.master_chief.sa_advanced - DEBUG - Analysis of function @ 0x4088b0
2023-04-19 08:42:50,697 - arbiter.master_chief.sa_advanced - DEBUG - Creating CFGEmulated for function @ 0x4088b0
2023-04-19 08:42:52,369 - arbiter.master_chief.sa_advanced - DEBUG - Creating DDG for function @ 0x4088b0 (call_depth=1)
2023-04-19 08:42:54,161 - arbiter.master_chief.sa_advanced - DEBUG - Creating CDG for function @ 0x4088b0
2023-04-19 08:42:54,179 - arbiter.master_chief.sa_advanced - WARNING - No checkpoint present in function
2023-04-19 08:42:54,180 - arbiter.master_chief.sa_advanced - DEBUG - Starting back tracking for 0x40898e
2023-04-19 08:42:54,390 - arbiter.master_chief.sa_advanced - ERROR - Got constant value
2023-04-19 08:42:54,390 - arbiter.master_chief.sa_advanced - DEBUG - Starting back tracking for 0x408a16
2023-04-19 08:42:54,632 - arbiter.master_chief.sa_advanced - ERROR - Got constant value
2023-04-19 08:42:54,632 - arbiter.master_chief.sa_advanced - DEBUG - Starting back tracking for 0x408ab8
2023-04-19 08:42:54,853 - arbiter.master_chief.sa_advanced - INFO - Found source at arg num : 8
2023-04-19 08:42:54,854 - arbiter.master_chief.sa_advanced - DEBUG - Starting back tracking for 0x408acd
2023-04-19 08:42:55,107 - arbiter.master_chief.sa_advanced - INFO - Found source at arg num : 8
2023-04-19 08:42:55,107 - arbiter.master_chief.sa_advanced - DEBUG - Starting back tracking for 0x408d0b
2023-04-19 08:42:55,107 - arbiter.master_chief.sa_advanced - ERROR - Could not find target instruction
2023-04-19 08:42:55,107 - arbiter.master_chief.sa_advanced - INFO - 2 sinks in function @ 0x4088b0
2023-04-19 08:42:55,108 - arbiter.master_chief.sa_advanced - DEBUG - Analysis of function @ 0x4099c0
2023-04-19 08:42:55,108 - arbiter.master_chief.sa_advanced - DEBUG - Creating CFGEmulated for function @ 0x4099c0
2023-04-19 08:42:57,958 - arbiter.master_chief.sa_advanced - DEBUG - Creating DDG for function @ 0x4099c0 (call_depth=1)
2023-04-19 08:43:01,142 - arbiter.master_chief.sa_advanced - DEBUG - Creating CDG for function @ 0x4099c0
2023-04-19 08:43:01,163 - arbiter.master_chief.sa_advanced - WARNING - No checkpoint present in function
2023-04-19 08:43:01,163 - arbiter.master_chief.sa_advanced - DEBUG - Starting back tracking for 0x409fd0
2023-04-19 08:43:01,343 - arbiter.master_chief.sa_advanced - INFO - Found source at arg num : 6
2023-04-19 08:43:01,343 - arbiter.master_chief.sa_advanced - DEBUG - Starting back tracking for 0x409fd9
2023-04-19 08:43:01,556 - arbiter.master_chief.sa_advanced - INFO - Found source at arg num : 6
2023-04-19 08:43:01,556 - arbiter.master_chief.sa_advanced - DEBUG - Starting back tracking for 0x40a048
2023-04-19 08:43:01,753 - arbiter.master_chief.sa_advanced - DEBUG - Starting back tracking for 0x40a0e8
2023-04-19 08:43:01,774 - arbiter.master_chief.sa_advanced - INFO - Found source at arg num : 6
2023-04-19 08:43:01,775 - arbiter.master_chief.sa_advanced - INFO - 4 sinks in function @ 0x4099c0
2023-04-19 08:43:01,775 - arbiter.master_chief.sa_advanced - DEBUG - Analysis of function @ 0x40cea0
2023-04-19 08:43:01,775 - arbiter.master_chief.sa_advanced - DEBUG - Creating CFGEmulated for function @ 0x40cea0
2023-04-19 08:43:05,073 - arbiter.master_chief.sa_advanced - DEBUG - Creating DDG for function @ 0x40cea0 (call_depth=1)
2023-04-19 08:43:27,504 - arbiter.master_chief.sa_advanced - DEBUG - Creating CDG for function @ 0x40cea0
2023-04-19 08:43:27,515 - arbiter.master_chief.sa_advanced - WARNING - No checkpoint present in function
2023-04-19 08:43:27,516 - arbiter.master_chief.sa_advanced - DEBUG - Starting back tracking for 0x40d350
2023-04-19 08:43:27,778 - arbiter.master_chief.sa_advanced - ERROR - Got constant value
2023-04-19 08:43:27,778 - arbiter.master_chief.sa_advanced - DEBUG - Starting back tracking for 0x40d370
2023-04-19 08:43:28,085 - arbiter.master_chief.sa_advanced - ERROR - Got constant value
2023-04-19 08:43:28,085 - arbiter.master_chief.sa_advanced - INFO - No valid sinks in function @ 0x40cea0
2023-04-19 08:43:28,087 - arbiter.master_chief.sa_advanced - DEBUG - Analysis of function @ 0x40e840
2023-04-19 08:43:28,087 - arbiter.master_chief.sa_advanced - DEBUG - Creating CFGEmulated for function @ 0x40e840
2023-04-19 08:43:28,927 - arbiter.master_chief.sa_advanced - DEBUG - Creating DDG for function @ 0x40e840 (call_depth=1)
2023-04-19 08:43:30,979 - arbiter.master_chief.sa_advanced - DEBUG - Creating CDG for function @ 0x40e840
2023-04-19 08:43:30,989 - arbiter.master_chief.sa_advanced - WARNING - No checkpoint present in function
2023-04-19 08:43:30,989 - arbiter.master_chief.sa_advanced - DEBUG - Starting back tracking for 0x40ecaa
2023-04-19 08:43:31,133 - arbiter.master_chief.sa_advanced - ERROR - Got constant value
2023-04-19 08:43:31,133 - arbiter.master_chief.sa_advanced - INFO - No valid sinks in function @ 0x40e840
2023-04-19 08:43:31,134 - arbiter.master_chief.sa_advanced - DEBUG - Analysis of function @ 0x412030
2023-04-19 08:43:31,134 - arbiter.master_chief.sa_advanced - DEBUG - Creating CFGEmulated for function @ 0x412030
2023-04-19 08:43:31,154 - arbiter.master_chief.sa_advanced - DEBUG - Creating DDG for function @ 0x412030 (call_depth=1)
2023-04-19 08:43:31,157 - arbiter.master_chief.sa_advanced - DEBUG - Creating CDG for function @ 0x412030
2023-04-19 08:43:31,158 - arbiter.master_chief.sa_advanced - WARNING - No checkpoint present in function
2023-04-19 08:43:31,158 - arbiter.master_chief.sa_advanced - DEBUG - Starting back tracking for 0x412030
2023-04-19 08:43:31,158 - arbiter.master_chief.sa_advanced - ERROR - Could not find target instruction
2023-04-19 08:43:31,158 - arbiter.master_chief.sa_advanced - INFO - No valid sinks in function @ 0x412030
2023-04-19 08:43:31,160 - arbiter.master_chief.symbolic_execution - DEBUG - Creating initial state for sub_4066c0
2023-04-19 08:43:31,165 - arbiter.master_chief.symbolic_execution - INFO - Starting exploration 0x4066c0 => 0x406c2a
2023-04-19 08:43:31,165 - arbiter.master_chief.symbolic_execution - DEBUG - Watchdog started, waiting for 300s
2023-04-19 08:48:31,173 - arbiter.master_chief.symbolic_execution - DEBUG - Watchdog timed out, sending SIG_ALARM to self
2023-04-19 08:48:31,179 - arbiter.master_chief.symbolic_execution - DEBUG - Signal handler invoked
2023-04-19 08:48:31,180 - arbiter.master_chief.symbolic_execution - DEBUG - Waiting for watchdog to join
2023-04-19 08:48:32,180 - arbiter.master_chief.symbolic_execution - DEBUG - Got an exception
2023-04-19 08:48:32,180 - arbiter.master_chief.symbolic_execution - ERROR - Timeout
2023-04-19 08:48:33,308 - arbiter.master_chief.symbolic_execution - DEBUG - Found 0 paths
2023-04-19 08:48:33,308 - arbiter.master_chief.symbolic_execution - DEBUG - Waiting for watchdog to join
2023-04-19 08:48:33,317 - arbiter.master_chief.symbolic_execution - DEBUG - Creating initial state for sub_4066c0
2023-04-19 08:48:33,657 - arbiter.master_chief.symbolic_execution - INFO - Starting exploration 0x4066c0 => 0x406c31
2023-04-19 08:48:33,660 - arbiter.master_chief.symbolic_execution - DEBUG - Watchdog started, waiting for 300s
2023-04-19 08:53:33,673 - arbiter.master_chief.symbolic_execution - DEBUG - Watchdog timed out, sending SIG_ALARM to self
2023-04-19 08:53:33,675 - arbiter.master_chief.symbolic_execution - DEBUG - Signal handler invoked
2023-04-19 08:53:33,675 - arbiter.master_chief.symbolic_execution - DEBUG - Waiting for watchdog to join
2023-04-19 08:53:34,675 - arbiter.master_chief.symbolic_execution - DEBUG - Got an exception
2023-04-19 08:53:34,675 - arbiter.master_chief.symbolic_execution - ERROR - Timeout
2023-04-19 08:53:35,239 - arbiter.master_chief.symbolic_execution - DEBUG - Found 0 paths
2023-04-19 08:53:35,239 - arbiter.master_chief.symbolic_execution - DEBUG - Waiting for watchdog to join
2023-04-19 08:53:35,240 - arbiter.master_chief.symbolic_execution - DEBUG - Creating initial state for sub_4066c0
2023-04-19 08:53:35,357 - arbiter.master_chief.symbolic_execution - INFO - Starting exploration 0x4066c0 => 0x406d68
2023-04-19 08:53:35,357 - arbiter.master_chief.symbolic_execution - DEBUG - Watchdog started, waiting for 300s
2023-04-19 08:58:35,363 - arbiter.master_chief.symbolic_execution - DEBUG - Watchdog timed out, sending SIG_ALARM to self
2023-04-19 08:58:35,364 - arbiter.master_chief.symbolic_execution - DEBUG - Signal handler invoked
2023-04-19 08:58:35,364 - arbiter.master_chief.symbolic_execution - DEBUG - Waiting for watchdog to join
2023-04-19 08:58:36,364 - arbiter.master_chief.symbolic_execution - DEBUG - Got an exception
2023-04-19 08:58:36,365 - arbiter.master_chief.symbolic_execution - ERROR - Timeout
2023-04-19 08:58:36,443 - arbiter.master_chief.symbolic_execution - DEBUG - Found 0 paths
2023-04-19 08:58:36,444 - arbiter.master_chief.symbolic_execution - DEBUG - Waiting for watchdog to join
2023-04-19 08:58:36,444 - arbiter.master_chief.symbolic_execution - DEBUG - Creating initial state for sub_4066c0
2023-04-19 08:58:36,477 - arbiter.master_chief.symbolic_execution - INFO - Starting exploration 0x4066c0 => 0x406e20
2023-04-19 08:58:36,478 - arbiter.master_chief.symbolic_execution - DEBUG - Watchdog started, waiting for 300s
2023-04-19 09:03:36,484 - arbiter.master_chief.symbolic_execution - DEBUG - Watchdog timed out, sending SIG_ALARM to self
2023-04-19 09:03:36,495 - arbiter.master_chief.symbolic_execution - DEBUG - Signal handler invoked
2023-04-19 09:03:36,495 - arbiter.master_chief.symbolic_execution - DEBUG - Waiting for watchdog to join
2023-04-19 09:03:37,495 - arbiter.master_chief.symbolic_execution - DEBUG - Got an exception
2023-04-19 09:03:37,496 - arbiter.master_chief.symbolic_execution - ERROR - Timeout
2023-04-19 09:03:37,578 - arbiter.master_chief.symbolic_execution - DEBUG - Found 0 paths
2023-04-19 09:03:37,578 - arbiter.master_chief.symbolic_execution - DEBUG - Waiting for watchdog to join
2023-04-19 09:03:37,581 - arbiter.master_chief.symbolic_execution - DEBUG - Creating initial state for sub_408780
2023-04-19 09:03:37,601 - arbiter.master_chief.symbolic_execution - INFO - Starting exploration 0x408780 => 0x408860
2023-04-19 09:03:37,601 - arbiter.master_chief.symbolic_execution - DEBUG - Watchdog started, waiting for 300s
2023-04-19 09:03:45,657 - arbiter.master_chief.symbolic_execution - DEBUG - Got an exception
2023-04-19 09:03:45,658 - arbiter.master_chief.symbolic_execution - DEBUG - Waiting for watchdog to join
2023-04-19 09:03:45,658 - arbiter.master_chief.symbolic_execution - DEBUG - Found 0 paths
2023-04-19 09:03:45,658 - arbiter.master_chief.symbolic_execution - DEBUG - Waiting for watchdog to join
2023-04-19 09:03:45,658 - arbiter.master_chief.symbolic_execution - DEBUG - Creating initial state for sub_4088b0
2023-04-19 09:03:45,663 - arbiter.master_chief.symbolic_execution - INFO - Starting exploration 0x4088b0 => 0x408ab8
2023-04-19 09:03:45,664 - arbiter.master_chief.symbolic_execution - DEBUG - Watchdog started, waiting for 300s
2023-04-19 09:04:03,750 - arbiter.master_chief.symbolic_execution - DEBUG - Found 1 paths; active paths remaining
2023-04-19 09:04:03,754 - arbiter.master_chief.symbolic_execution - WARNING - Couldn't find expression in sym vars
2023-04-19 09:04:03,754 - arbiter.master_chief.symbolic_execution - INFO - Applying constraints for sink : free
2023-04-19 09:04:03,773 - arbiter.master_chief.symbolic_execution - INFO - Satisfied state : 0x0
2023-04-19 09:04:03,773 - arbiter.master_chief.symbolic_execution - DEBUG - Waiting for watchdog to join
2023-04-19 09:04:03,774 - arbiter.master_chief.symbolic_execution - DEBUG - Creating initial state for sub_4088b0
2023-04-19 09:04:03,778 - arbiter.master_chief.symbolic_execution - INFO - Starting exploration 0x4088b0 => 0x408acd
2023-04-19 09:04:03,778 - arbiter.master_chief.symbolic_execution - DEBUG - Watchdog started, waiting for 300s
2023-04-19 09:04:26,686 - arbiter.master_chief.symbolic_execution - DEBUG - Found 1 paths; active paths remaining
2023-04-19 09:04:26,690 - arbiter.master_chief.symbolic_execution - WARNING - Couldn't find expression in sym vars
2023-04-19 09:04:26,690 - arbiter.master_chief.symbolic_execution - INFO - Applying constraints for sink : free
2023-04-19 09:04:26,691 - arbiter.master_chief.symbolic_execution - INFO - Got Unsat
2023-04-19 09:04:26,691 - arbiter.master_chief.symbolic_execution - DEBUG - Wrapping up 5 active paths
2023-04-19 09:04:33,739 - arbiter.master_chief.symbolic_execution - DEBUG - Found 1 paths; active paths remaining
2023-04-19 09:04:33,746 - arbiter.master_chief.symbolic_execution - WARNING - Couldn't find expression in sym vars
2023-04-19 09:04:33,746 - arbiter.master_chief.symbolic_execution - INFO - Applying constraints for sink : free
2023-04-19 09:04:33,747 - arbiter.master_chief.symbolic_execution - INFO - Got Unsat
2023-04-19 09:04:33,747 - arbiter.master_chief.symbolic_execution - DEBUG - Wrapping up 4 active paths
2023-04-19 09:04:34,098 - arbiter.master_chief.symbolic_execution - DEBUG - Found 1 paths; active paths remaining
2023-04-19 09:04:34,107 - arbiter.master_chief.symbolic_execution - WARNING - Couldn't find expression in sym vars
2023-04-19 09:04:34,107 - arbiter.master_chief.symbolic_execution - INFO - Applying constraints for sink : free
2023-04-19 09:04:34,108 - arbiter.master_chief.symbolic_execution - INFO - Got Unsat
2023-04-19 09:04:34,108 - arbiter.master_chief.symbolic_execution - DEBUG - Wrapping up 3 active paths
2023-04-19 09:04:34,114 - arbiter.master_chief.symbolic_execution - DEBUG - Found 1 paths
2023-04-19 09:04:34,120 - arbiter.master_chief.symbolic_execution - WARNING - Couldn't find expression in sym vars
2023-04-19 09:04:34,120 - arbiter.master_chief.symbolic_execution - INFO - Applying constraints for sink : free
2023-04-19 09:04:34,121 - arbiter.master_chief.symbolic_execution - INFO - Got Unsat
2023-04-19 09:04:34,121 - arbiter.master_chief.symbolic_execution - DEBUG - Waiting for watchdog to join
2023-04-19 09:04:34,122 - arbiter.master_chief.symbolic_execution - DEBUG - Creating initial state for sub_4099c0
2023-04-19 09:04:34,126 - arbiter.master_chief.symbolic_execution - INFO - Starting exploration 0x4099c0 => 0x409fd0
2023-04-19 09:04:34,126 - arbiter.master_chief.symbolic_execution - DEBUG - Watchdog started, waiting for 300s
2023-04-19 09:09:34,133 - arbiter.master_chief.symbolic_execution - DEBUG - Watchdog timed out, sending SIG_ALARM to self
2023-04-19 09:09:34,171 - arbiter.master_chief.symbolic_execution - DEBUG - Signal handler invoked
2023-04-19 09:09:34,172 - arbiter.master_chief.symbolic_execution - DEBUG - Waiting for watchdog to join
2023-04-19 09:09:35,134 - arbiter.master_chief.symbolic_execution - DEBUG - Got an exception
2023-04-19 09:09:35,135 - arbiter.master_chief.symbolic_execution - ERROR - Timeout
2023-04-19 09:09:37,000 - arbiter.master_chief.symbolic_execution - DEBUG - Found 0 paths
2023-04-19 09:09:37,147 - arbiter.master_chief.symbolic_execution - DEBUG - Waiting for watchdog to join
2023-04-19 09:09:37,206 - arbiter.master_chief.symbolic_execution - DEBUG - Creating initial state for sub_4099c0
2023-04-19 09:09:37,332 - arbiter.master_chief.symbolic_execution - INFO - Starting exploration 0x4099c0 => 0x409fd9
2023-04-19 09:09:37,333 - arbiter.master_chief.symbolic_execution - DEBUG - Watchdog started, waiting for 300s
2023-04-19 09:14:37,336 - arbiter.master_chief.symbolic_execution - DEBUG - Watchdog timed out, sending SIG_ALARM to self
2023-04-19 09:14:37,340 - arbiter.master_chief.symbolic_execution - DEBUG - Signal handler invoked
2023-04-19 09:14:37,340 - arbiter.master_chief.symbolic_execution - DEBUG - Waiting for watchdog to join
2023-04-19 09:14:38,337 - arbiter.master_chief.symbolic_execution - DEBUG - Got an exception
2023-04-19 09:14:38,337 - arbiter.master_chief.symbolic_execution - ERROR - Timeout
2023-04-19 09:14:38,897 - arbiter.master_chief.symbolic_execution - DEBUG - Found 0 paths
2023-04-19 09:14:38,930 - arbiter.master_chief.symbolic_execution - DEBUG - Waiting for watchdog to join
2023-04-19 09:14:38,944 - arbiter.master_chief.symbolic_execution - DEBUG - Creating initial state for sub_4099c0
2023-04-19 09:14:38,987 - arbiter.master_chief.symbolic_execution - INFO - Starting exploration 0x4099c0 => 0x40a048
2023-04-19 09:14:38,987 - arbiter.master_chief.symbolic_execution - DEBUG - Watchdog started, waiting for 300s
2023-04-19 09:19:38,996 - arbiter.master_chief.symbolic_execution - DEBUG - Watchdog timed out, sending SIG_ALARM to self
2023-04-19 09:19:38,999 - arbiter.master_chief.symbolic_execution - DEBUG - Signal handler invoked
2023-04-19 09:19:39,000 - arbiter.master_chief.symbolic_execution - DEBUG - Waiting for watchdog to join
2023-04-19 09:19:39,997 - arbiter.master_chief.symbolic_execution - DEBUG - Got an exception
2023-04-19 09:19:39,997 - arbiter.master_chief.symbolic_execution - ERROR - Timeout
2023-04-19 09:19:40,153 - arbiter.master_chief.symbolic_execution - DEBUG - Found 0 paths
2023-04-19 09:19:40,158 - arbiter.master_chief.symbolic_execution - DEBUG - Waiting for watchdog to join
2023-04-19 09:19:40,165 - arbiter.master_chief.symbolic_execution - DEBUG - Creating initial state for sub_4099c0
2023-04-19 09:19:40,207 - arbiter.master_chief.symbolic_execution - INFO - Starting exploration 0x4099c0 => 0x40a0e8
2023-04-19 09:19:40,208 - arbiter.master_chief.symbolic_execution - DEBUG - Watchdog started, waiting for 300s
2023-04-19 09:24:40,210 - arbiter.master_chief.symbolic_execution - DEBUG - Watchdog timed out, sending SIG_ALARM to self
2023-04-19 09:24:40,213 - arbiter.master_chief.symbolic_execution - DEBUG - Signal handler invoked
2023-04-19 09:24:40,213 - arbiter.master_chief.symbolic_execution - DEBUG - Waiting for watchdog to join
2023-04-19 09:24:41,212 - arbiter.master_chief.symbolic_execution - DEBUG - Got an exception
2023-04-19 09:24:41,212 - arbiter.master_chief.symbolic_execution - ERROR - Timeout
2023-04-19 09:24:41,763 - arbiter.master_chief.symbolic_execution - DEBUG - Found 0 paths
2023-04-19 09:24:41,782 - arbiter.master_chief.symbolic_execution - DEBUG - Waiting for watchdog to join
